Log file open, 04/04/23 12:16:52
LogWindows: Failed to load 'aqProf.dll' (GetLastError=126)
LogWindows: File 'aqProf.dll' does not exist
LogWindows: Failed to load 'VtuneApi.dll' (GetLastError=126)
LogWindows: File 'VtuneApi.dll' does not exist
LogWindows: Failed to load 'VtuneApi32e.dll' (GetLastError=126)
LogWindows: File 'VtuneApi32e.dll' does not exist
LogConsoleResponse: Display: Failed to find resolution value strings in scalability ini. Falling back to default.
LogConsoleResponse: Display: Failed to find resolution value strings in scalability ini. Falling back to default.
LogInit: Display: Running engine for game: ProjectAlpha_Project
LogPlatformFile: Not using cached read wrapper
LogTaskGraph: Started task graph with 5 named threads and 23 total threads with 3 sets of task threads.
LogStats: Stats thread started at 0.258877
LogICUInternationalization: ICU TimeZone Detection - Raw Offset: +10:00, Platform Override: ''
LogInit: Display: Loading text-based GConfig....
LogPluginManager: Mounting plugin MeshPainting
LogPluginManager: Mounting plugin XGEController
LogPluginManager: Mounting plugin LiveLink
LogPluginManager: Mounting plugin Paper2D
LogPluginManager: Mounting plugin AISupport
LogPluginManager: Mounting plugin EnvironmentQueryEditor
LogPluginManager: Mounting plugin OodleData
LogPluginManager: Mounting plugin LightPropagationVolume
LogPluginManager: Mounting plugin OodleNetwork
LogPluginManager: Mounting plugin CameraShakePreviewer
LogPluginManager: Mounting plugin GameplayCameras
LogPluginManager: Mounting plugin DatasmithContent
LogPluginManager: Mounting plugin VariantManagerContent
LogPluginManager: Mounting plugin Niagara
LogPluginManager: Mounting plugin AssetManagerEditor
LogPluginManager: Mounting plugin CryptoKeys
LogPluginManager: Mounting plugin CurveEditorTools
LogPluginManager: Mounting plugin FacialAnimation
LogPluginManager: Mounting plugin DataValidation
LogPluginManager: Mounting plugin MacGraphicsSwitching
LogPluginManager: Mounting plugin MaterialAnalyzer
LogPluginManager: Mounting plugin MobileLauncherProfileWizard
LogPluginManager: Mounting plugin GeometryMode
LogPluginManager: Mounting plugin GameplayTagsEditor
LogPluginManager: Mounting plugin SpeedTreeImporter
LogPluginManager: Mounting plugin PluginBrowser
LogPluginManager: Mounting plugin LuminPlatformFeatures
LogPluginManager: Mounting plugin MagicLeap
LogPluginManager: Mounting plugin MagicLeapLightEstimation
LogPluginManager: Mounting plugin MagicLeapMedia
LogPluginManager: Mounting plugin MagicLeapPassableWorld
LogPluginManager: Mounting plugin MLSDK
LogPluginManager: Mounting plugin TcpMessaging
LogPluginManager: Mounting plugin UdpMessaging
LogPluginManager: Mounting plugin AlembicImporter
LogPluginManager: Mounting plugin AutomationUtils
LogPluginManager: Mounting plugin BackChannel
LogPluginManager: Mounting plugin ActorSequence
LogPluginManager: Mounting plugin LevelSequenceEditor
LogPluginManager: Mounting plugin ChaosCloth
LogPluginManager: Mounting plugin MatineeToLevelSequence
LogPluginManager: Mounting plugin AndroidMedia
LogPluginManager: Mounting plugin ChaosClothEditor
LogPluginManager: Mounting plugin ChaosEditor
LogPluginManager: Mounting plugin ChaosNiagara
LogPluginManager: Mounting plugin AvfMedia
LogPluginManager: Mounting plugin ChaosSolverPlugin
LogPluginManager: Mounting plugin CharacterAI
LogPluginManager: Mounting plugin TemplateSequence
LogPluginManager: Mounting plugin GeometryCache
LogPluginManager: Mounting plugin GeometryCollectionPlugin
LogPluginManager: Mounting plugin ImgMedia
LogPluginManager: Mounting plugin MediaCompositing
LogPluginManager: Mounting plugin MediaPlayerEditor
LogPluginManager: Mounting plugin WebMMedia
LogPluginManager: Mounting plugin GeometryProcessing
LogPluginManager: Mounting plugin WmfMedia
LogPluginManager: Mounting plugin OpenImageDenoise
LogPluginManager: Mounting plugin PlanarCut
LogPluginManager: Mounting plugin PlatformCrypto
LogPluginManager: Mounting plugin ProxyLODPlugin
LogPluginManager: Mounting plugin PythonScriptPlugin
LogPluginManager: Mounting plugin MotoSynth
LogPluginManager: Mounting plugin SkeletalReduction
LogPluginManager: Mounting plugin LauncherChunkInstaller
LogPluginManager: Mounting plugin OnlineSubsystem
LogPluginManager: Mounting plugin OnlineSubsystemNull
LogPluginManager: Mounting plugin OnlineSubsystemUtils
LogPluginManager: Mounting plugin ActorLayerUtilities
LogPluginManager: Mounting plugin AndroidMoviePlayer
LogPluginManager: Mounting plugin AndroidDeviceProfileSelector
LogPluginManager: Mounting plugin AndroidPermission
LogPluginManager: Mounting plugin AppleImageUtils
LogPluginManager: Mounting plugin AppleMoviePlayer
LogPluginManager: Mounting plugin ArchVisCharacter
LogPluginManager: Mounting plugin AssetTags
LogPluginManager: Mounting plugin AudioCapture
LogPluginManager: Mounting plugin ChunkDownloader
LogPluginManager: Mounting plugin AudioSynesthesia
LogPluginManager: Mounting plugin CableComponent
LogPluginManager: Mounting plugin CustomMeshComponent
LogPluginManager: Mounting plugin ExampleDeviceProfileSelector
LogPluginManager: Mounting plugin EditableMesh
LogPluginManager: Mounting plugin GoogleCloudMessaging
LogPluginManager: Mounting plugin GooglePAD
LogPluginManager: Mounting plugin ScreenshotTools
LogPluginManager: Mounting plugin IOSDeviceProfileSelector
LogPluginManager: Mounting plugin LinuxDeviceProfileSelector
LogPluginManager: Mounting plugin LocationServicesBPLibrary
LogPluginManager: Mounting plugin MobilePatchingUtils
LogPluginManager: Mounting plugin OpenXREyeTracker
LogPluginManager: Mounting plugin OpenXR
LogPluginManager: Mounting plugin OpenXRHandTracking
LogPluginManager: Mounting plugin PhysXVehicles
LogPluginManager: Mounting plugin PostSplashScreen
LogPluginManager: Mounting plugin ProceduralMeshComponent
LogPluginManager: Mounting plugin PropertyAccessEditor
LogPluginManager: Mounting plugin RuntimePhysXCooking
LogPluginManager: Mounting plugin SignificanceManager
LogPluginManager: Mounting plugin SoundFields
LogPluginManager: Mounting plugin Synthesis
LogPluginManager: Mounting plugin WebMMoviePlayer
LogPluginManager: Mounting plugin WindowsMoviePlayer
LogPluginManager: Mounting plugin Takes
LogPluginManager: Mounting plugin AnimationSharing
LogPluginManager: Mounting plugin CLionSourceCodeAccess
LogPluginManager: Mounting plugin CodeLiteSourceCodeAccess
LogPluginManager: Mounting plugin KDevelopSourceCodeAccess
LogPluginManager: Mounting plugin GitSourceControl
LogPluginManager: Mounting plugin NullSourceCodeAccess
LogPluginManager: Mounting plugin PerforceSourceControl
LogPluginManager: Mounting plugin PixWinPlugin
LogPluginManager: Mounting plugin PlasticSourceControl
LogPluginManager: Mounting plugin PropertyAccessNode
LogPluginManager: Mounting plugin PluginUtils
LogPluginManager: Mounting plugin RiderSourceCodeAccess
LogPluginManager: Mounting plugin SubversionSourceControl
LogPluginManager: Mounting plugin TextureFormatOodle
LogPluginManager: Mounting plugin UObjectPlugin
LogPluginManager: Mounting plugin XCodeSourceCodeAccess
LogPluginManager: Mounting plugin VisualStudioCodeSourceCodeAccess
LogPluginManager: Mounting plugin VisualStudioSourceCodeAccess
LogPluginManager: Mounting plugin ContentBrowserAssetDataSource
LogPluginManager: Mounting plugin ContentBrowserClassDataSource
LogPluginManager: Mounting plugin ContentBrowserFileDataSource
LogPluginManager: Mounting plugin OnlineSubsystemGooglePlay
LogPluginManager: Mounting plugin OnlineSubsystemIOS
LogPluginManager: Mounting plugin OculusVR
LogPluginManager: Mounting plugin SteamVR
LogInit: Using libcurl 7.55.1-DEV
LogInit:  - built for x86_64-pc-win32
LogInit:  - supports SSL with OpenSSL/1.1.1
LogInit:  - supports HTTP deflate (compression) using libz 1.2.8
LogInit:  - other features:
LogInit:      CURL_VERSION_SSL
LogInit:      CURL_VERSION_LIBZ
LogInit:      CURL_VERSION_IPV6
LogInit:      CURL_VERSION_ASYNCHDNS
LogInit:      CURL_VERSION_LARGEFILE
LogInit:      CURL_VERSION_IDN
LogInit:  CurlRequestOptions (configurable via config and command line):
LogInit:  - bVerifyPeer = true  - Libcurl will verify peer certificate
LogInit:  - bUseHttpProxy = false  - Libcurl will NOT use HTTP proxy
LogInit:  - bDontReuseConnections = false  - Libcurl will reuse connections
LogInit:  - MaxHostConnections = 16  - Libcurl will limit the number of connections to a host
LogInit:  - LocalHostAddr = Default
LogInit:  - BufferSize = 65536
LogOnline: OSS: Creating online subsystem instance for: NULL
LogInit: WinSock: version 1.1 (2.2), MaxSocks=32767, MaxUdp=65467
LogOnline: OSS: TryLoadSubsystemAndSetDefault: Loaded subsystem for module [NULL]
PixWinPlugin: PIX capture plugin failed to initialize! Check that the process is launched from PIX.
LogOculusPluginWrapper: OculusPlugin initialized successfully
LogHMD: Failed initializing OVRPlugin 1.59.0
LogInit: Build: ++UE4+Release-4.27-CL-18319896
LogInit: Engine Version: 4.27.2-18319896+++UE4+Release-4.27
LogInit: Compatible Engine Version: 4.27.0-17155196+++UE4+Release-4.27
LogInit: Net CL: 17155196
LogInit: OS: Windows 10 (Release 2009) (), CPU: Intel(R) Core(TM) i7-6700 CPU @ 3.40GHz, GPU: NVIDIA GeForce GTX 960
LogInit: Compiled (64-bit): Nov 30 2021 07:12:08
LogInit: Compiled with Visual C++: 19.24.28315.00
LogInit: Build Configuration: Development
LogInit: Branch Name: ++UE4+Release-4.27
LogInit: Command Line:  /Game/ThirdPersonBP/Maps/ThirdPersonExampleMap -game -PIEVIACONSOLE -Multiprocess GameUserSettingsINI=C:/Users/s210954/Desktop/GitGood/ProjectAlpha/ProjectAlpha_Project/Saved/Config/Windows/PIEGameUserSettings0.ini -MultiprocessSaveConfig -forcepassthrough -messaging -SessionName="Play in Standalone Game" -windowed -ResX=1280 -ResY=720
LogInit: Base Directory: C:/Program Files/Epic Games/UE_4.27/Engine/Binaries/Win64/
LogInit: Allocator: TBB
LogInit: Installed Engine Build: 1
LogDevObjectVersion: Number of dev versions registered: 29
LogDevObjectVersion:   Dev-Blueprints (B0D832E4-1F89-4F0D-ACCF-7EB736FD4AA2): 10
LogDevObjectVersion:   Dev-Build (E1C64328-A22C-4D53-A36C-8E866417BD8C): 0
LogDevObjectVersion:   Dev-Core (375EC13C-06E4-48FB-B500-84F0262A717E): 4
LogDevObjectVersion:   Dev-Editor (E4B068ED-F494-42E9-A231-DA0B2E46BB41): 40
LogDevObjectVersion:   Dev-Framework (CFFC743F-43B0-4480-9391-14DF171D2073): 37
LogDevObjectVersion:   Dev-Mobile (B02B49B5-BB20-44E9-A304-32B752E40360): 3
LogDevObjectVersion:   Dev-Networking (A4E4105C-59A1-49B5-A7C5-40C4547EDFEE): 0
LogDevObjectVersion:   Dev-Online (39C831C9-5AE6-47DC-9A44-9C173E1C8E7C): 0
LogDevObjectVersion:   Dev-Physics (78F01B33-EBEA-4F98-B9B4-84EACCB95AA2): 14
LogDevObjectVersion:   Dev-Platform (6631380F-2D4D-43E0-8009-CF276956A95A): 0
LogDevObjectVersion:   Dev-Rendering (12F88B9F-8875-4AFC-A67C-D90C383ABD29): 45
LogDevObjectVersion:   Dev-Sequencer (7B5AE74C-D270-4C10-A958-57980B212A5A): 13
LogDevObjectVersion:   Dev-VR (D7296918-1DD6-4BDD-9DE2-64A83CC13884): 3
LogDevObjectVersion:   Dev-LoadTimes (C2A15278-BFE7-4AFE-6C17-90FF531DF755): 1
LogDevObjectVersion:   Private-Geometry (6EACA3D4-40EC-4CC1-B786-8BED09428FC5): 3
LogDevObjectVersion:   Dev-AnimPhys (29E575DD-E0A3-4627-9D10-D276232CDCEA): 17
LogDevObjectVersion:   Dev-Anim (AF43A65D-7FD3-4947-9873-3E8ED9C1BB05): 15
LogDevObjectVersion:   Dev-ReflectionCapture (6B266CEC-1EC7-4B8F-A30B-E4D90942FC07): 1
LogDevObjectVersion:   Dev-Automation (0DF73D61-A23F-47EA-B727-89E90C41499A): 1
LogDevObjectVersion:   FortniteMain (601D1886-AC64-4F84-AA16-D3DE0DEAC7D6): 47
LogDevObjectVersion:   FortniteRelease (E7086368-6B23-4C58-8439-1B7016265E91): 1
LogDevObjectVersion:   Dev-Enterprise (9DFFBCD6-494F-0158-E221-12823C92A888): 10
LogDevObjectVersion:   Dev-Niagara (F2AED0AC-9AFE-416F-8664-AA7FFA26D6FC): 1
LogDevObjectVersion:   Dev-Destruction (174F1F0B-B4C6-45A5-B13F-2EE8D0FB917D): 10
LogDevObjectVersion:   Dev-Physics-Ext (35F94A83-E258-406C-A318-09F59610247C): 41
LogDevObjectVersion:   Dev-PhysicsMaterial-Chaos (B68FC16E-8B1B-42E2-B453-215C058844FE): 1
LogDevObjectVersion:   Dev-CineCamera (B2E18506-4273-CFC2-A54E-F4BB758BBA07): 1
LogDevObjectVersion:   Dev-VirtualProduction (64F58936-FD1B-42BA-BA96-7289D5D0FA4E): 1
LogDevObjectVersion:   Dev-MediaFramework (6F0ED827-A609-4895-9C91-998D90180EA4): 2
LogInit: Presizing for max 25165824 objects, including 0 objects not considered by GC, pre-allocating 0 bytes for permanent pool.
LogConfig: Applying CVar settings from Section [/Script/Engine.StreamingSettings] File [C:/Users/s210954/Desktop/GitGood/ProjectAlpha/ProjectAlpha_Project/Saved/Config/Windows/Engine.ini]
LogConfig: Setting CVar [[s.MinBulkDataSizeForAsyncLoading:131072]]
LogConfig: Setting CVar [[s.AsyncLoadingThreadEnabled:0]]
LogConfig: Setting CVar [[s.EventDrivenLoaderEnabled:1]]
LogConfig: Setting CVar [[s.WarnIfTimeLimitExceeded:0]]
LogConfig: Setting CVar [[s.TimeLimitExceededMultiplier:1.5]]
LogConfig: Setting CVar [[s.TimeLimitExceededMinTime:0.005]]
LogConfig: Setting CVar [[s.UseBackgroundLevelStreaming:1]]
LogConfig: Setting CVar [[s.PriorityAsyncLoadingExtraTime:15.0]]
LogConfig: Setting CVar [[s.LevelStreamingActorsUpdateTimeLimit:5.0]]
LogConfig: Setting CVar [[s.PriorityLevelStreamingActorsUpdateExtraTime:5.0]]
LogConfig: Setting CVar [[s.LevelStreamingComponentsRegistrationGranularity:10]]
LogConfig: Setting CVar [[s.UnregisterComponentsTimeLimit:1.0]]
LogConfig: Setting CVar [[s.LevelStreamingComponentsUnregistrationGranularity:5]]
LogConfig: Setting CVar [[s.FlushStreamingOnExit:1]]
LogInit: Object subsystem initialized
LogConfig: Setting CVar [[con.DebugEarlyDefault:1]]
LogConfig: Setting CVar [[r.setres:1280x720]]
[2023.04.04-02.16.53:599][  0]LogConfig: Setting CVar [[con.DebugEarlyDefault:1]]
[2023.04.04-02.16.53:599][  0]LogConfig: Setting CVar [[r.setres:1280x720]]
[2023.04.04-02.16.53:599][  0]LogConfig: Applying CVar settings from Section [/Script/Engine.RendererSettings] File [C:/Users/s210954/Desktop/GitGood/ProjectAlpha/ProjectAlpha_Project/Saved/Config/Windows/Engine.ini]
[2023.04.04-02.16.53:599][  0]LogConfig: Setting CVar [[r.GPUCrashDebugging:0]]
[2023.04.04-02.16.53:599][  0]LogConfig: Applying CVar settings from Section [/Script/Engine.RendererOverrideSettings] File [C:/Users/s210954/Desktop/GitGood/ProjectAlpha/ProjectAlpha_Project/Saved/Config/Windows/Engine.ini]
[2023.04.04-02.16.53:599][  0]LogConfig: Applying CVar settings from Section [/Script/Engine.StreamingSettings] File [C:/Users/s210954/Desktop/GitGood/ProjectAlpha/ProjectAlpha_Project/Saved/Config/Windows/Engine.ini]
[2023.04.04-02.16.53:599][  0]LogConfig: Setting CVar [[s.MinBulkDataSizeForAsyncLoading:131072]]
[2023.04.04-02.16.53:599][  0]LogConfig: Setting CVar [[s.AsyncLoadingThreadEnabled:0]]
[2023.04.04-02.16.53:599][  0]LogConfig: Setting CVar [[s.EventDrivenLoaderEnabled:1]]
[2023.04.04-02.16.53:599][  0]LogConfig: Setting CVar [[s.WarnIfTimeLimitExceeded:0]]
[2023.04.04-02.16.53:599][  0]LogConfig: Setting CVar [[s.TimeLimitExceededMultiplier:1.5]]
[2023.04.04-02.16.53:600][  0]LogConfig: Setting CVar [[s.TimeLimitExceededMinTime:0.005]]
[2023.04.04-02.16.53:600][  0]LogConfig: Setting CVar [[s.UseBackgroundLevelStreaming:1]]
[2023.04.04-02.16.53:600][  0]LogConfig: Setting CVar [[s.PriorityAsyncLoadingExtraTime:15.0]]
[2023.04.04-02.16.53:600][  0]LogConfig: Setting CVar [[s.LevelStreamingActorsUpdateTimeLimit:5.0]]
[2023.04.04-02.16.53:600][  0]LogConfig: Setting CVar [[s.PriorityLevelStreamingActorsUpdateExtraTime:5.0]]
[2023.04.04-02.16.53:600][  0]LogConfig: Setting CVar [[s.LevelStreamingComponentsRegistrationGranularity:10]]
[2023.04.04-02.16.53:600][  0]LogConfig: Setting CVar [[s.UnregisterComponentsTimeLimit:1.0]]
[2023.04.04-02.16.53:600][  0]LogConfig: Setting CVar [[s.LevelStreamingComponentsUnregistrationGranularity:5]]
[2023.04.04-02.16.53:600][  0]LogConfig: Setting CVar [[s.FlushStreamingOnExit:1]]
[2023.04.04-02.16.53:600][  0]LogConfig: Applying CVar settings from Section [/Script/Engine.GarbageCollectionSettings] File [C:/Users/s210954/Desktop/GitGood/ProjectAlpha/ProjectAlpha_Project/Saved/Config/Windows/Engine.ini]
[2023.04.04-02.16.53:600][  0]LogConfig: Setting CVar [[gc.MaxObjectsNotConsideredByGC:1]]
[2023.04.04-02.16.53:600][  0]LogConfig: Setting CVar [[gc.SizeOfPermanentObjectPool:0]]
[2023.04.04-02.16.53:600][  0]LogConfig: Setting CVar [[gc.FlushStreamingOnGC:0]]
[2023.04.04-02.16.53:600][  0]LogConfig: Setting CVar [[gc.NumRetriesBeforeForcingGC:10]]
[2023.04.04-02.16.53:600][  0]LogConfig: Setting CVar [[gc.AllowParallelGC:1]]
[2023.04.04-02.16.53:600][  0]LogConfig: Setting CVar [[gc.TimeBetweenPurgingPendingKillObjects:61.1]]
[2023.04.04-02.16.53:600][  0]LogConfig: Setting CVar [[gc.MaxObjectsInEditor:25165824]]
[2023.04.04-02.16.53:600][  0]LogConfig: Setting CVar [[gc.IncrementalBeginDestroyEnabled:1]]
[2023.04.04-02.16.53:600][  0]LogConfig: Setting CVar [[gc.CreateGCClusters:1]]
[2023.04.04-02.16.53:600][  0]LogConfig: Setting CVar [[gc.MinGCClusterSize:5]]
[2023.04.04-02.16.53:600][  0]LogConfig: Setting CVar [[gc.ActorClusteringEnabled:0]]
[2023.04.04-02.16.53:600][  0]LogConfig: Setting CVar [[gc.BlueprintClusteringEnabled:0]]
[2023.04.04-02.16.53:600][  0]LogConfig: Setting CVar [[gc.UseDisregardForGCOnDedicatedServers:0]]
[2023.04.04-02.16.53:600][  0]LogConfig: Setting CVar [[gc.MultithreadedDestructionEnabled:1]]
[2023.04.04-02.16.53:600][  0]LogConfig: Applying CVar settings from Section [/Script/Engine.NetworkSettings] File [C:/Users/s210954/Desktop/GitGood/ProjectAlpha/ProjectAlpha_Project/Saved/Config/Windows/Engine.ini]
[2023.04.04-02.16.53:600][  0]LogConfig: Applying CVar settings from Section [/Script/UnrealEd.CookerSettings] File [C:/Users/s210954/Desktop/GitGood/ProjectAlpha/ProjectAlpha_Project/Saved/Config/Windows/Engine.ini]
[2023.04.04-02.16.53:614][  0]LogConfig: Applying CVar settings from Section [ViewDistanceQuality@3] File [C:/Users/s210954/Desktop/GitGood/ProjectAlpha/ProjectAlpha_Project/Saved/Config/Windows/Scalability.ini]
[2023.04.04-02.16.53:614][  0]LogConfig: Setting CVar [[r.SkeletalMeshLODBias:0]]
[2023.04.04-02.16.53:614][  0]LogConfig: Setting CVar [[r.ViewDistanceScale:1.0]]
[2023.04.04-02.16.53:614][  0]LogConfig: Applying CVar settings from Section [AntiAliasingQuality@3] File [C:/Users/s210954/Desktop/GitGood/ProjectAlpha/ProjectAlpha_Project/Saved/Config/Windows/Scalability.ini]
[2023.04.04-02.16.53:614][  0]LogConfig: Setting CVar [[r.PostProcessAAQuality:4]]
[2023.04.04-02.16.53:614][  0]LogConfig: Applying CVar settings from Section [ShadowQuality@3] File [C:/Users/s210954/Desktop/GitGood/ProjectAlpha/ProjectAlpha_Project/Saved/Config/Windows/Scalability.ini]
[2023.04.04-02.16.53:614][  0]LogConfig: Setting CVar [[r.LightFunctionQuality:1]]
[2023.04.04-02.16.53:614][  0]LogConfig: Setting CVar [[r.ShadowQuality:5]]
[2023.04.04-02.16.53:614][  0]LogConfig: Setting CVar [[r.Shadow.CSM.MaxCascades:10]]
[2023.04.04-02.16.53:614][  0]LogConfig: Setting CVar [[r.Shadow.MaxResolution:2048]]
[2023.04.04-02.16.53:614][  0]LogConfig: Setting CVar [[r.Shadow.MaxCSMResolution:2048]]
[2023.04.04-02.16.53:614][  0]LogConfig: Setting CVar [[r.Shadow.RadiusThreshold:0.01]]
[2023.04.04-02.16.53:614][  0]LogConfig: Setting CVar [[r.Shadow.DistanceScale:1.0]]
[2023.04.04-02.16.53:614][  0]LogConfig: Setting CVar [[r.Shadow.CSM.TransitionScale:1.0]]
[2023.04.04-02.16.53:614][  0]LogConfig: Setting CVar [[r.Shadow.PreShadowResolutionFactor:1.0]]
[2023.04.04-02.16.53:614][  0]LogConfig: Setting CVar [[r.DistanceFieldShadowing:1]]
[2023.04.04-02.16.53:614][  0]LogConfig: Setting CVar [[r.DistanceFieldAO:1]]
[2023.04.04-02.16.53:614][  0]LogConfig: Setting CVar [[r.AOQuality:2]]
[2023.04.04-02.16.53:614][  0]LogConfig: Setting CVar [[r.VolumetricFog:1]]
[2023.04.04-02.16.53:614][  0]LogConfig: Setting CVar [[r.VolumetricFog.GridPixelSize:8]]
[2023.04.04-02.16.53:614][  0]LogConfig: Setting CVar [[r.VolumetricFog.GridSizeZ:128]]
[2023.04.04-02.16.53:614][  0]LogConfig: Setting CVar [[r.VolumetricFog.HistoryMissSupersampleCount:4]]
[2023.04.04-02.16.53:614][  0]LogConfig: Setting CVar [[r.LightMaxDrawDistanceScale:1]]
[2023.04.04-02.16.53:614][  0]LogConfig: Setting CVar [[r.CapsuleShadows:1]]
[2023.04.04-02.16.53:614][  0]LogConfig: Applying CVar settings from Section [PostProcessQuality@3] File [C:/Users/s210954/Desktop/GitGood/ProjectAlpha/ProjectAlpha_Project/Saved/Config/Windows/Scalability.ini]
[2023.04.04-02.16.53:614][  0]LogConfig: Setting CVar [[r.MotionBlurQuality:4]]
[2023.04.04-02.16.53:614][  0]LogConfig: Setting CVar [[r.AmbientOcclusionMipLevelFactor:0.4]]
[2023.04.04-02.16.53:615][  0]LogConfig: Setting CVar [[r.AmbientOcclusionMaxQuality:100]]
[2023.04.04-02.16.53:615][  0]LogConfig: Setting CVar [[r.AmbientOcclusionLevels:-1]]
[2023.04.04-02.16.53:615][  0]LogConfig: Setting CVar [[r.AmbientOcclusionRadiusScale:1.0]]
[2023.04.04-02.16.53:615][  0]LogConfig: Setting CVar [[r.DepthOfFieldQuality:2]]
[2023.04.04-02.16.53:615][  0]LogConfig: Setting CVar [[r.RenderTargetPoolMin:400]]
[2023.04.04-02.16.53:615][  0]LogConfig: Setting CVar [[r.LensFlareQuality:2]]
[2023.04.04-02.16.53:615][  0]LogConfig: Setting CVar [[r.SceneColorFringeQuality:1]]
[2023.04.04-02.16.53:615][  0]LogConfig: Setting CVar [[r.EyeAdaptationQuality:2]]
[2023.04.04-02.16.53:615][  0]LogConfig: Setting CVar [[r.BloomQuality:5]]
[2023.04.04-02.16.53:615][  0]LogConfig: Setting CVar [[r.FastBlurThreshold:100]]
[2023.04.04-02.16.53:615][  0]LogConfig: Setting CVar [[r.Upscale.Quality:3]]
[2023.04.04-02.16.53:615][  0]LogConfig: Setting CVar [[r.Tonemapper.GrainQuantization:1]]
[2023.04.04-02.16.53:615][  0]LogConfig: Setting CVar [[r.LightShaftQuality:1]]
[2023.04.04-02.16.53:615][  0]LogConfig: Setting CVar [[r.Filter.SizeScale:1]]
[2023.04.04-02.16.53:615][  0]LogConfig: Setting CVar [[r.Tonemapper.Quality:5]]
[2023.04.04-02.16.53:615][  0]LogConfig: Setting CVar [[r.DOF.Gather.AccumulatorQuality:1        ; higher gathering accumulator quality]]
[2023.04.04-02.16.53:615][  0]LogConfig: Setting CVar [[r.DOF.Gather.PostfilterMethod:1          ; Median3x3 postfilering method]]
[2023.04.04-02.16.53:615][  0]LogConfig: Setting CVar [[r.DOF.Gather.EnableBokehSettings:0       ; no bokeh simulation when gathering]]
[2023.04.04-02.16.53:615][  0]LogConfig: Setting CVar [[r.DOF.Gather.RingCount:4                 ; medium number of samples when gathering]]
[2023.04.04-02.16.53:615][  0]LogConfig: Setting CVar [[r.DOF.Scatter.ForegroundCompositing:1    ; additive foreground scattering]]
[2023.04.04-02.16.53:615][  0]LogConfig: Setting CVar [[r.DOF.Scatter.BackgroundCompositing:2    ; additive background scattering]]
[2023.04.04-02.16.53:615][  0]LogConfig: Setting CVar [[r.DOF.Scatter.EnableBokehSettings:1      ; bokeh simulation when scattering]]
[2023.04.04-02.16.53:615][  0]LogConfig: Setting CVar [[r.DOF.Scatter.MaxSpriteRatio:0.1         ; only a maximum of 10% of scattered bokeh]]
[2023.04.04-02.16.53:615][  0]LogConfig: Setting CVar [[r.DOF.Recombine.Quality:1                ; cheap slight out of focus]]
[2023.04.04-02.16.53:615][  0]LogConfig: Setting CVar [[r.DOF.Recombine.EnableBokehSettings:0    ; no bokeh simulation on slight out of focus]]
[2023.04.04-02.16.53:615][  0]LogConfig: Setting CVar [[r.DOF.TemporalAAQuality:1                ; more stable temporal accumulation]]
[2023.04.04-02.16.53:615][  0]LogConfig: Setting CVar [[r.DOF.Kernel.MaxForegroundRadius:0.025]]
[2023.04.04-02.16.53:615][  0]LogConfig: Setting CVar [[r.DOF.Kernel.MaxBackgroundRadius:0.025]]
[2023.04.04-02.16.53:615][  0]LogConfig: Applying CVar settings from Section [TextureQuality@3] File [C:/Users/s210954/Desktop/GitGood/ProjectAlpha/ProjectAlpha_Project/Saved/Config/Windows/Scalability.ini]
[2023.04.04-02.16.53:615][  0]LogConfig: Setting CVar [[r.Streaming.MipBias:0]]
[2023.04.04-02.16.53:615][  0]LogConfig: Setting CVar [[r.Streaming.AmortizeCPUToGPUCopy:0]]
[2023.04.04-02.16.53:615][  0]LogConfig: Setting CVar [[r.Streaming.MaxNumTexturesToStreamPerFrame:0]]
[2023.04.04-02.16.53:615][  0]LogConfig: Setting CVar [[r.Streaming.Boost:1]]
[2023.04.04-02.16.53:615][  0]LogConfig: Setting CVar [[r.MaxAnisotropy:8]]
[2023.04.04-02.16.53:615][  0]LogConfig: Setting CVar [[r.VT.MaxAnisotropy:8]]
[2023.04.04-02.16.53:615][  0]LogConfig: Setting CVar [[r.Streaming.LimitPoolSizeToVRAM:0]]
[2023.04.04-02.16.53:615][  0]LogConfig: Setting CVar [[r.Streaming.PoolSize:1000]]
[2023.04.04-02.16.53:615][  0]LogConfig: Setting CVar [[r.Streaming.MaxEffectiveScreenSize:0]]
[2023.04.04-02.16.53:615][  0]LogConfig: Applying CVar settings from Section [EffectsQuality@3] File [C:/Users/s210954/Desktop/GitGood/ProjectAlpha/ProjectAlpha_Project/Saved/Config/Windows/Scalability.ini]
[2023.04.04-02.16.53:615][  0]LogConfig: Setting CVar [[r.TranslucencyLightingVolumeDim:64]]
[2023.04.04-02.16.53:615][  0]LogConfig: Setting CVar [[r.RefractionQuality:2]]
[2023.04.04-02.16.53:615][  0]LogConfig: Setting CVar [[r.SSR.Quality:3]]
[2023.04.04-02.16.53:615][  0]LogConfig: Setting CVar [[r.SSR.HalfResSceneColor:0]]
[2023.04.04-02.16.53:615][  0]LogConfig: Setting CVar [[r.SceneColorFormat:4]]
[2023.04.04-02.16.53:615][  0]LogConfig: Setting CVar [[r.DetailMode:2]]
[2023.04.04-02.16.53:615][  0]LogConfig: Setting CVar [[r.TranslucencyVolumeBlur:1]]
[2023.04.04-02.16.53:615][  0]LogConfig: Setting CVar [[r.MaterialQualityLevel:1 ; High quality]]
[2023.04.04-02.16.53:615][  0]LogConfig: Setting CVar [[r.AnisotropicMaterials:1]]
[2023.04.04-02.16.53:616][  0]LogConfig: Setting CVar [[r.SSS.Scale:1]]
[2023.04.04-02.16.53:616][  0]LogConfig: Setting CVar [[r.SSS.SampleSet:2]]
[2023.04.04-02.16.53:616][  0]LogConfig: Setting CVar [[r.SSS.Quality:1]]
[2023.04.04-02.16.53:616][  0]LogConfig: Setting CVar [[r.SSS.HalfRes:0]]
[2023.04.04-02.16.53:616][  0]LogConfig: Setting CVar [[r.SSGI.Quality:3]]
[2023.04.04-02.16.53:616][  0]LogConfig: Setting CVar [[r.EmitterSpawnRateScale:1.0]]
[2023.04.04-02.16.53:616][  0]LogConfig: Setting CVar [[r.ParticleLightQuality:2]]
[2023.04.04-02.16.53:616][  0]LogConfig: Setting CVar [[r.SkyAtmosphere.AerialPerspectiveLUT.FastApplyOnOpaque:1 ; Always have FastSkyLUT 1 in this case to avoid wrong sky]]
[2023.04.04-02.16.53:616][  0]LogConfig: Setting CVar [[r.SkyAtmosphere.AerialPerspectiveLUT.SampleCountMaxPerSlice:4]]
[2023.04.04-02.16.53:616][  0]LogConfig: Setting CVar [[r.SkyAtmosphere.AerialPerspectiveLUT.DepthResolution:16.0]]
[2023.04.04-02.16.53:616][  0]LogConfig: Setting CVar [[r.SkyAtmosphere.FastSkyLUT:1]]
[2023.04.04-02.16.53:616][  0]LogConfig: Setting CVar [[r.SkyAtmosphere.FastSkyLUT.SampleCountMin:4.0]]
[2023.04.04-02.16.53:616][  0]LogConfig: Setting CVar [[r.SkyAtmosphere.FastSkyLUT.SampleCountMax:128.0]]
[2023.04.04-02.16.53:616][  0]LogConfig: Setting CVar [[r.SkyAtmosphere.SampleCountMin:4.0]]
[2023.04.04-02.16.53:616][  0]LogConfig: Setting CVar [[r.SkyAtmosphere.SampleCountMax:128.0]]
[2023.04.04-02.16.53:616][  0]LogConfig: Setting CVar [[r.SkyAtmosphere.TransmittanceLUT.UseSmallFormat:0]]
[2023.04.04-02.16.53:616][  0]LogConfig: Setting CVar [[r.SkyAtmosphere.TransmittanceLUT.SampleCount:10.0]]
[2023.04.04-02.16.53:616][  0]LogConfig: Setting CVar [[r.SkyAtmosphere.MultiScatteringLUT.SampleCount:15.0]]
[2023.04.04-02.16.53:616][  0]LogConfig: Setting CVar [[r.SkyLight.RealTimeReflectionCapture:1]]
[2023.04.04-02.16.53:616][  0]LogConfig: Applying CVar settings from Section [FoliageQuality@3] File [C:/Users/s210954/Desktop/GitGood/ProjectAlpha/ProjectAlpha_Project/Saved/Config/Windows/Scalability.ini]
[2023.04.04-02.16.53:616][  0]LogConfig: Setting CVar [[foliage.DensityScale:1.0]]
[2023.04.04-02.16.53:616][  0]LogConfig: Setting CVar [[grass.DensityScale:1.0]]
[2023.04.04-02.16.53:616][  0]LogConfig: Applying CVar settings from Section [ShadingQuality@3] File [C:/Users/s210954/Desktop/GitGood/ProjectAlpha/ProjectAlpha_Project/Saved/Config/Windows/Scalability.ini]
[2023.04.04-02.16.53:616][  0]LogConfig: Setting CVar [[r.HairStrands.SkyLighting.IntegrationType:2]]
[2023.04.04-02.16.53:616][  0]LogConfig: Setting CVar [[r.HairStrands.SkyAO.SampleCount:4]]
[2023.04.04-02.16.53:616][  0]LogConfig: Setting CVar [[r.HairStrands.Visibility.MSAA.SamplePerPixel:4]]
[2023.04.04-02.16.53:616][  0]LogInit: Selected Device Profile: [Windows]
[2023.04.04-02.16.53:616][  0]LogInit: Applying CVar settings loaded from the selected device profile: [Windows]
[2023.04.04-02.16.53:616][  0]LogHAL: Display: Platform has ~ 32 GB [34293112832 / 34359738368 / 32], which maps to Largest [LargestMinGB=32, LargerMinGB=12, DefaultMinGB=8, SmallerMinGB=6, SmallestMinGB=0)
[2023.04.04-02.16.53:616][  0]LogInit: Going up to parent DeviceProfile []
[2023.04.04-02.16.53:616][  0]LogConfig: Applying CVar settings from Section [ViewDistanceQuality@3] File [C:/Users/s210954/Desktop/GitGood/ProjectAlpha/ProjectAlpha_Project/Saved/Config/Windows/Scalability.ini]
[2023.04.04-02.16.53:616][  0]LogConfig: Setting CVar [[r.SkeletalMeshLODBias:0]]
[2023.04.04-02.16.53:616][  0]LogConfig: Setting CVar [[r.ViewDistanceScale:1.0]]
[2023.04.04-02.16.53:616][  0]LogConfig: Applying CVar settings from Section [AntiAliasingQuality@3] File [C:/Users/s210954/Desktop/GitGood/ProjectAlpha/ProjectAlpha_Project/Saved/Config/Windows/Scalability.ini]
[2023.04.04-02.16.53:616][  0]LogConfig: Setting CVar [[r.PostProcessAAQuality:4]]
[2023.04.04-02.16.53:616][  0]LogConfig: Applying CVar settings from Section [ShadowQuality@3] File [C:/Users/s210954/Desktop/GitGood/ProjectAlpha/ProjectAlpha_Project/Saved/Config/Windows/Scalability.ini]
[2023.04.04-02.16.53:616][  0]LogConfig: Setting CVar [[r.LightFunctionQuality:1]]
[2023.04.04-02.16.53:617][  0]LogConfig: Setting CVar [[r.ShadowQuality:5]]
[2023.04.04-02.16.53:617][  0]LogConfig: Setting CVar [[r.Shadow.CSM.MaxCascades:10]]
[2023.04.04-02.16.53:617][  0]LogConfig: Setting CVar [[r.Shadow.MaxResolution:2048]]
[2023.04.04-02.16.53:617][  0]LogConfig: Setting CVar [[r.Shadow.MaxCSMResolution:2048]]
[2023.04.04-02.16.53:617][  0]LogConfig: Setting CVar [[r.Shadow.RadiusThreshold:0.01]]
[2023.04.04-02.16.53:617][  0]LogConfig: Setting CVar [[r.Shadow.DistanceScale:1.0]]
[2023.04.04-02.16.53:617][  0]LogConfig: Setting CVar [[r.Shadow.CSM.TransitionScale:1.0]]
[2023.04.04-02.16.53:617][  0]LogConfig: Setting CVar [[r.Shadow.PreShadowResolutionFactor:1.0]]
[2023.04.04-02.16.53:617][  0]LogConfig: Setting CVar [[r.DistanceFieldShadowing:1]]
[2023.04.04-02.16.53:617][  0]LogConfig: Setting CVar [[r.DistanceFieldAO:1]]
[2023.04.04-02.16.53:617][  0]LogConfig: Setting CVar [[r.AOQuality:2]]
[2023.04.04-02.16.53:617][  0]LogConfig: Setting CVar [[r.VolumetricFog:1]]
[2023.04.04-02.16.53:617][  0]LogConfig: Setting CVar [[r.VolumetricFog.GridPixelSize:8]]
[2023.04.04-02.16.53:617][  0]LogConfig: Setting CVar [[r.VolumetricFog.GridSizeZ:128]]
[2023.04.04-02.16.53:617][  0]LogConfig: Setting CVar [[r.VolumetricFog.HistoryMissSupersampleCount:4]]
[2023.04.04-02.16.53:617][  0]LogConfig: Setting CVar [[r.LightMaxDrawDistanceScale:1]]
[2023.04.04-02.16.53:617][  0]LogConfig: Setting CVar [[r.CapsuleShadows:1]]
[2023.04.04-02.16.53:617][  0]LogConfig: Applying CVar settings from Section [PostProcessQuality@3] File [C:/Users/s210954/Desktop/GitGood/ProjectAlpha/ProjectAlpha_Project/Saved/Config/Windows/Scalability.ini]
[2023.04.04-02.16.53:617][  0]LogConfig: Setting CVar [[r.MotionBlurQuality:4]]
[2023.04.04-02.16.53:617][  0]LogConfig: Setting CVar [[r.AmbientOcclusionMipLevelFactor:0.4]]
[2023.04.04-02.16.53:617][  0]LogConfig: Setting CVar [[r.AmbientOcclusionMaxQuality:100]]
[2023.04.04-02.16.53:617][  0]LogConfig: Setting CVar [[r.AmbientOcclusionLevels:-1]]
[2023.04.04-02.16.53:617][  0]LogConfig: Setting CVar [[r.AmbientOcclusionRadiusScale:1.0]]
[2023.04.04-02.16.53:617][  0]LogConfig: Setting CVar [[r.DepthOfFieldQuality:2]]
[2023.04.04-02.16.53:617][  0]LogConfig: Setting CVar [[r.RenderTargetPoolMin:400]]
[2023.04.04-02.16.53:617][  0]LogConfig: Setting CVar [[r.LensFlareQuality:2]]
[2023.04.04-02.16.53:617][  0]LogConfig: Setting CVar [[r.SceneColorFringeQuality:1]]
[2023.04.04-02.16.53:617][  0]LogConfig: Setting CVar [[r.EyeAdaptationQuality:2]]
[2023.04.04-02.16.53:617][  0]LogConfig: Setting CVar [[r.BloomQuality:5]]
[2023.04.04-02.16.53:617][  0]LogConfig: Setting CVar [[r.FastBlurThreshold:100]]
[2023.04.04-02.16.53:617][  0]LogConfig: Setting CVar [[r.Upscale.Quality:3]]
[2023.04.04-02.16.53:617][  0]LogConfig: Setting CVar [[r.Tonemapper.GrainQuantization:1]]
[2023.04.04-02.16.53:617][  0]LogConfig: Setting CVar [[r.LightShaftQuality:1]]
[2023.04.04-02.16.53:617][  0]LogConfig: Setting CVar [[r.Filter.SizeScale:1]]
[2023.04.04-02.16.53:617][  0]LogConfig: Setting CVar [[r.Tonemapper.Quality:5]]
[2023.04.04-02.16.53:617][  0]LogConfig: Setting CVar [[r.DOF.Gather.AccumulatorQuality:1        ; higher gathering accumulator quality]]
[2023.04.04-02.16.53:617][  0]LogConfig: Setting CVar [[r.DOF.Gather.PostfilterMethod:1          ; Median3x3 postfilering method]]
[2023.04.04-02.16.53:617][  0]LogConfig: Setting CVar [[r.DOF.Gather.EnableBokehSettings:0       ; no bokeh simulation when gathering]]
[2023.04.04-02.16.53:617][  0]LogConfig: Setting CVar [[r.DOF.Gather.RingCount:4                 ; medium number of samples when gathering]]
[2023.04.04-02.16.53:617][  0]LogConfig: Setting CVar [[r.DOF.Scatter.ForegroundCompositing:1    ; additive foreground scattering]]
[2023.04.04-02.16.53:617][  0]LogConfig: Setting CVar [[r.DOF.Scatter.BackgroundCompositing:2    ; additive background scattering]]
[2023.04.04-02.16.53:617][  0]LogConfig: Setting CVar [[r.DOF.Scatter.EnableBokehSettings:1      ; bokeh simulation when scattering]]
[2023.04.04-02.16.53:617][  0]LogConfig: Setting CVar [[r.DOF.Scatter.MaxSpriteRatio:0.1         ; only a maximum of 10% of scattered bokeh]]
[2023.04.04-02.16.53:617][  0]LogConfig: Setting CVar [[r.DOF.Recombine.Quality:1                ; cheap slight out of focus]]
[2023.04.04-02.16.53:617][  0]LogConfig: Setting CVar [[r.DOF.Recombine.EnableBokehSettings:0    ; no bokeh simulation on slight out of focus]]
[2023.04.04-02.16.53:617][  0]LogConfig: Setting CVar [[r.DOF.TemporalAAQuality:1                ; more stable temporal accumulation]]
[2023.04.04-02.16.53:618][  0]LogConfig: Setting CVar [[r.DOF.Kernel.MaxForegroundRadius:0.025]]
[2023.04.04-02.16.53:618][  0]LogConfig: Setting CVar [[r.DOF.Kernel.MaxBackgroundRadius:0.025]]
[2023.04.04-02.16.53:618][  0]LogConfig: Applying CVar settings from Section [TextureQuality@3] File [C:/Users/s210954/Desktop/GitGood/ProjectAlpha/ProjectAlpha_Project/Saved/Config/Windows/Scalability.ini]
[2023.04.04-02.16.53:618][  0]LogConfig: Setting CVar [[r.Streaming.MipBias:0]]
[2023.04.04-02.16.53:618][  0]LogConfig: Setting CVar [[r.Streaming.AmortizeCPUToGPUCopy:0]]
[2023.04.04-02.16.53:618][  0]LogConfig: Setting CVar [[r.Streaming.MaxNumTexturesToStreamPerFrame:0]]
[2023.04.04-02.16.53:618][  0]LogConfig: Setting CVar [[r.Streaming.Boost:1]]
[2023.04.04-02.16.53:618][  0]LogConfig: Setting CVar [[r.MaxAnisotropy:8]]
[2023.04.04-02.16.53:618][  0]LogConfig: Setting CVar [[r.VT.MaxAnisotropy:8]]
[2023.04.04-02.16.53:618][  0]LogConfig: Setting CVar [[r.Streaming.LimitPoolSizeToVRAM:0]]
[2023.04.04-02.16.53:618][  0]LogConfig: Setting CVar [[r.Streaming.PoolSize:1000]]
[2023.04.04-02.16.53:618][  0]LogConfig: Setting CVar [[r.Streaming.MaxEffectiveScreenSize:0]]
[2023.04.04-02.16.53:618][  0]LogConfig: Applying CVar settings from Section [EffectsQuality@3] File [C:/Users/s210954/Desktop/GitGood/ProjectAlpha/ProjectAlpha_Project/Saved/Config/Windows/Scalability.ini]
[2023.04.04-02.16.53:618][  0]LogConfig: Setting CVar [[r.TranslucencyLightingVolumeDim:64]]
[2023.04.04-02.16.53:618][  0]LogConfig: Setting CVar [[r.RefractionQuality:2]]
[2023.04.04-02.16.53:618][  0]LogConfig: Setting CVar [[r.SSR.Quality:3]]
[2023.04.04-02.16.53:618][  0]LogConfig: Setting CVar [[r.SSR.HalfResSceneColor:0]]
[2023.04.04-02.16.53:618][  0]LogConfig: Setting CVar [[r.SceneColorFormat:4]]
[2023.04.04-02.16.53:618][  0]LogConfig: Setting CVar [[r.DetailMode:2]]
[2023.04.04-02.16.53:618][  0]LogConfig: Setting CVar [[r.TranslucencyVolumeBlur:1]]
[2023.04.04-02.16.53:618][  0]LogConfig: Setting CVar [[r.MaterialQualityLevel:1 ; High quality]]
[2023.04.04-02.16.53:618][  0]LogConfig: Setting CVar [[r.AnisotropicMaterials:1]]
[2023.04.04-02.16.53:618][  0]LogConfig: Setting CVar [[r.SSS.Scale:1]]
[2023.04.04-02.16.53:618][  0]LogConfig: Setting CVar [[r.SSS.SampleSet:2]]
[2023.04.04-02.16.53:618][  0]LogConfig: Setting CVar [[r.SSS.Quality:1]]
[2023.04.04-02.16.53:618][  0]LogConfig: Setting CVar [[r.SSS.HalfRes:0]]
[2023.04.04-02.16.53:618][  0]LogConfig: Setting CVar [[r.SSGI.Quality:3]]
[2023.04.04-02.16.53:618][  0]LogConfig: Setting CVar [[r.EmitterSpawnRateScale:1.0]]
[2023.04.04-02.16.53:618][  0]LogConfig: Setting CVar [[r.ParticleLightQuality:2]]
[2023.04.04-02.16.53:618][  0]LogConfig: Setting CVar [[r.SkyAtmosphere.AerialPerspectiveLUT.FastApplyOnOpaque:1 ; Always have FastSkyLUT 1 in this case to avoid wrong sky]]
[2023.04.04-02.16.53:618][  0]LogConfig: Setting CVar [[r.SkyAtmosphere.AerialPerspectiveLUT.SampleCountMaxPerSlice:4]]
[2023.04.04-02.16.53:618][  0]LogConfig: Setting CVar [[r.SkyAtmosphere.AerialPerspectiveLUT.DepthResolution:16.0]]
[2023.04.04-02.16.53:618][  0]LogConfig: Setting CVar [[r.SkyAtmosphere.FastSkyLUT:1]]
[2023.04.04-02.16.53:618][  0]LogConfig: Setting CVar [[r.SkyAtmosphere.FastSkyLUT.SampleCountMin:4.0]]
[2023.04.04-02.16.53:618][  0]LogConfig: Setting CVar [[r.SkyAtmosphere.FastSkyLUT.SampleCountMax:128.0]]
[2023.04.04-02.16.53:618][  0]LogConfig: Setting CVar [[r.SkyAtmosphere.SampleCountMin:4.0]]
[2023.04.04-02.16.53:618][  0]LogConfig: Setting CVar [[r.SkyAtmosphere.SampleCountMax:128.0]]
[2023.04.04-02.16.53:618][  0]LogConfig: Setting CVar [[r.SkyAtmosphere.TransmittanceLUT.UseSmallFormat:0]]
[2023.04.04-02.16.53:618][  0]LogConfig: Setting CVar [[r.SkyAtmosphere.TransmittanceLUT.SampleCount:10.0]]
[2023.04.04-02.16.53:618][  0]LogConfig: Setting CVar [[r.SkyAtmosphere.MultiScatteringLUT.SampleCount:15.0]]
[2023.04.04-02.16.53:618][  0]LogConfig: Setting CVar [[r.SkyLight.RealTimeReflectionCapture:1]]
[2023.04.04-02.16.53:618][  0]LogConfig: Applying CVar settings from Section [FoliageQuality@3] File [C:/Users/s210954/Desktop/GitGood/ProjectAlpha/ProjectAlpha_Project/Saved/Config/Windows/Scalability.ini]
[2023.04.04-02.16.53:618][  0]LogConfig: Setting CVar [[foliage.DensityScale:1.0]]
[2023.04.04-02.16.53:618][  0]LogConfig: Setting CVar [[grass.DensityScale:1.0]]
[2023.04.04-02.16.53:618][  0]LogConfig: Applying CVar settings from Section [ShadingQuality@3] File [C:/Users/s210954/Desktop/GitGood/ProjectAlpha/ProjectAlpha_Project/Saved/Config/Windows/Scalability.ini]
[2023.04.04-02.16.53:618][  0]LogConfig: Setting CVar [[r.HairStrands.SkyLighting.IntegrationType:2]]
[2023.04.04-02.16.53:618][  0]LogConfig: Setting CVar [[r.HairStrands.SkyAO.SampleCount:4]]
[2023.04.04-02.16.53:618][  0]LogConfig: Setting CVar [[r.HairStrands.Visibility.MSAA.SamplePerPixel:4]]
[2023.04.04-02.16.53:618][  0]LogConfig: Applying CVar settings from Section [Startup] File [../../../Engine/Config/ConsoleVariables.ini]
[2023.04.04-02.16.53:619][  0]LogConfig: Setting CVar [[net.UseAdaptiveNetUpdateFrequency:0]]
[2023.04.04-02.16.53:619][  0]LogConfig: Setting CVar [[p.chaos.AllowCreatePhysxBodies:1]]
[2023.04.04-02.16.53:619][  0]LogConfig: Setting CVar [[fx.SkipVectorVMBackendOptimizations:1]]
[2023.04.04-02.16.53:619][  0]LogConfig: Applying CVar settings from Section [ConsoleVariables] File [C:/Users/s210954/Desktop/GitGood/ProjectAlpha/ProjectAlpha_Project/Saved/Config/Windows/Engine.ini]
[2023.04.04-02.16.53:619][  0]LogConfig: Applying CVar settings from Section [ConsoleVariables] File [C:/Users/s210954/Desktop/GitGood/ProjectAlpha/ProjectAlpha_Project/Saved/Config/Windows/Editor.ini]
[2023.04.04-02.16.53:619][  0]LogInit: Computer: SYD-49F1A3
[2023.04.04-02.16.53:619][  0]LogInit: User: s210954
[2023.04.04-02.16.53:619][  0]LogInit: CPU Page size=4096, Cores=4
[2023.04.04-02.16.53:619][  0]LogInit: High frequency timer resolution =10.000000 MHz
[2023.04.04-02.16.53:619][  0]LogMemory: Memory total: Physical=31.9GB (32GB approx)
[2023.04.04-02.16.53:619][  0]LogMemory: Platform Memory Stats for Windows
[2023.04.04-02.16.53:619][  0]LogMemory: Process Physical Memory: 139.54 MB used, 139.55 MB peak
[2023.04.04-02.16.53:619][  0]LogMemory: Process Virtual Memory: 124.39 MB used, 124.39 MB peak
[2023.04.04-02.16.53:619][  0]LogMemory: Physical Memory: 9692.70 MB used,  23011.77 MB free, 32704.46 MB total
[2023.04.04-02.16.53:619][  0]LogMemory: Virtual Memory: 134192152.00 MB used,  25578.33 MB free, 134217728.00 MB total
[2023.04.04-02.16.53:625][  0]LogWindows: WindowsPlatformFeatures enabled
[2023.04.04-02.16.53:675][  0]LogInit: Physics initialised using underlying interface: PhysX
[2023.04.04-02.16.53:676][  0]LogInit: Using OS detected language (en-US).
[2023.04.04-02.16.53:676][  0]LogInit: Using OS detected locale (en-AU).
[2023.04.04-02.16.53:680][  0]LogTextLocalizationManager: No specific localization for 'en-US' exists, so the 'en' localization will be used.
[2023.04.04-02.16.53:935][  0]LogWindowsTextInputMethodSystem: Display: IME system deactivated.
[2023.04.04-02.16.53:960][  0]LogSlate: New Slate User Created.  User Index 0, Is Virtual User: 0
[2023.04.04-02.16.53:960][  0]LogSlate: Slate User Registered.  User Index 0, Is Virtual User: 0
[2023.04.04-02.16.53:980][  0]LogD3D11RHI: Loaded GFSDK_Aftermath_Lib.x64.dll
[2023.04.04-02.16.53:983][  0]LogHMD: Failed to initialize OpenVR with code 110
[2023.04.04-02.16.53:983][  0]LogD3D11RHI: D3D11 min allowed feature level: 11_0
[2023.04.04-02.16.53:983][  0]LogD3D11RHI: D3D11 max allowed feature level: 11_0
[2023.04.04-02.16.53:983][  0]LogD3D11RHI: D3D11 adapters:
[2023.04.04-02.16.54:092][  0]LogD3D11RHI:    0. 'NVIDIA GeForce GTX 960' (Feature Level 11_0)
[2023.04.04-02.16.54:092][  0]LogD3D11RHI:       4047/0/16352 MB DedicatedVideo/DedicatedSystem/SharedSystem, Outputs:2, VendorId:0x10de
[2023.04.04-02.16.54:094][  0]LogD3D11RHI:    1. 'Microsoft Basic Render Driver' (Feature Level 11_0)
[2023.04.04-02.16.54:094][  0]LogD3D11RHI:       0/0/16352 MB DedicatedVideo/DedicatedSystem/SharedSystem, Outputs:0, VendorId:0x1414
[2023.04.04-02.16.54:094][  0]LogD3D11RHI: Chosen D3D11 Adapter:
[2023.04.04-02.16.54:094][  0]LogD3D11RHI:     Description : NVIDIA GeForce GTX 960
[2023.04.04-02.16.54:094][  0]LogD3D11RHI:     VendorId    : 10de
[2023.04.04-02.16.54:094][  0]LogD3D11RHI:     DeviceId    : 1401
[2023.04.04-02.16.54:094][  0]LogD3D11RHI:     SubSysId    : 36be1458
[2023.04.04-02.16.54:094][  0]LogD3D11RHI:     Revision    : 00a1
[2023.04.04-02.16.54:094][  0]LogD3D11RHI:     DedicatedVideoMemory : 4244373504 bytes
[2023.04.04-02.16.54:094][  0]LogD3D11RHI:     DedicatedSystemMemory : 0 bytes
[2023.04.04-02.16.54:094][  0]LogD3D11RHI:     SharedSystemMemory : 17146556416 bytes
[2023.04.04-02.16.54:094][  0]LogD3D11RHI:     AdapterLuid : 0 38338
[2023.04.04-02.16.54:100][  0]LogD3D11RHI: Creating new Direct3DDevice
[2023.04.04-02.16.54:100][  0]LogD3D11RHI:     GPU DeviceId: 0x1401 (for the marketing name, search the web for "GPU Device Id")
[2023.04.04-02.16.54:100][  0]LogWindows: EnumDisplayDevices:
[2023.04.04-02.16.54:100][  0]LogWindows:    0. 'NVIDIA GeForce GTX 960' (P:1 D:1)
[2023.04.04-02.16.54:101][  0]LogWindows:    1. 'NVIDIA GeForce GTX 960' (P:0 D:1)
[2023.04.04-02.16.54:101][  0]LogWindows:    2. 'NVIDIA GeForce GTX 960' (P:0 D:0)
[2023.04.04-02.16.54:101][  0]LogWindows:    3. 'NVIDIA GeForce GTX 960' (P:0 D:0)
[2023.04.04-02.16.54:101][  0]LogWindows: DebugString: FoundDriverCount:4 
[2023.04.04-02.16.54:101][  0]LogD3D11RHI:     Adapter Name: NVIDIA GeForce GTX 960
[2023.04.04-02.16.54:101][  0]LogD3D11RHI:   Driver Version: 526.47 (internal:31.0.15.2647, unified:526.47)
[2023.04.04-02.16.54:101][  0]LogD3D11RHI:      Driver Date: 10-25-2022
[2023.04.04-02.16.54:101][  0]LogRHI: Texture pool is 2833 MB (70% of 4047 MB)
[2023.04.04-02.16.54:101][  0]LogD3D11RHI: Creating D3DDevice using adapter:
[2023.04.04-02.16.54:101][  0]LogD3D11RHI:     Description : NVIDIA GeForce GTX 960
[2023.04.04-02.16.54:101][  0]LogD3D11RHI:     VendorId    : 10de
[2023.04.04-02.16.54:101][  0]LogD3D11RHI:     DeviceId    : 1401
[2023.04.04-02.16.54:101][  0]LogD3D11RHI:     SubSysId    : 36be1458
[2023.04.04-02.16.54:101][  0]LogD3D11RHI:     Revision    : 00a1
[2023.04.04-02.16.54:101][  0]LogD3D11RHI:     DedicatedVideoMemory : 4244373504 bytes
[2023.04.04-02.16.54:101][  0]LogD3D11RHI:     DedicatedSystemMemory : 0 bytes
[2023.04.04-02.16.54:101][  0]LogD3D11RHI:     SharedSystemMemory : 17146556416 bytes
[2023.04.04-02.16.54:101][  0]LogD3D11RHI:     AdapterLuid : 0 38338
[2023.04.04-02.16.54:180][  0]LogD3D11RHI: RHI has support for 64 bit atomics
[2023.04.04-02.16.54:180][  0]LogD3D11RHI: Async texture creation enabled
[2023.04.04-02.16.54:180][  0]LogD3D11RHI: Array index from any shader is supported
[2023.04.04-02.16.54:198][  0]LogD3D11RHI: GPU Timing Frequency: 1000.000000 (Debug: 2 1)
[2023.04.04-02.16.54:239][  0]LogRHI: GeForceNow SDK initialized: 1
[2023.04.04-02.16.54:572][  0]LogTargetPlatformManager: Display: Loaded TargetPlatform 'WindowsNoEditor'
[2023.04.04-02.16.54:576][  0]LogTargetPlatformManager: Display: Loaded TargetPlatform 'Windows'
[2023.04.04-02.16.54:580][  0]LogTargetPlatformManager: Display: Loaded TargetPlatform 'WindowsClient'
[2023.04.04-02.16.54:584][  0]LogTargetPlatformManager: Display: Loaded TargetPlatform 'WindowsServer'
[2023.04.04-02.16.54:584][  0]LogTargetPlatformManager: Display: Building Assets For Windows
[2023.04.04-02.16.54:589][  0]LogAudioDebug: Display: Lib vorbis DLL was dynamically loaded.
[2023.04.04-02.16.54:619][  0]LogTextureFormatOodle: Display: Oodle Texture 2.9.0 init RDO Off
[2023.04.04-02.16.54:647][  0]LogRendererCore: Ray tracing is disabled. Reason: r.RayTracing=0.
[2023.04.04-02.16.54:647][  0]LogShaderCompilers: Guid format shader working directory is -33 characters bigger than the processId version (../../../../../../Users/s210954/Desktop/GitGood/ProjectAlpha/ProjectAlpha_Project/Intermediate/Shaders/WorkingDirectory/4928/).
[2023.04.04-02.16.54:647][  0]LogShaderCompilers: Cleaned the shader compiler working directory 'C:/Users/s210954/AppData/Local/Temp/UnrealShaderWorkingDir/54ADD2224DC03BAFC470C68BEB7A312F/'.
[2023.04.04-02.16.54:647][  0]LogXGEController: Cannot use XGE Controller as Incredibuild is not installed on this machine.
[2023.04.04-02.16.54:647][  0]LogShaderCompilers: Cannot use XGE Shader Compiler as Incredibuild is not installed on this machine.
[2023.04.04-02.16.54:647][  0]LogShaderCompilers: Display: Using Local Shader Compiler.
[2023.04.04-02.16.55:399][  0]LogDerivedDataCache: Display: Max Cache Size: 512 MB
[2023.04.04-02.16.55:454][  0]LogDerivedDataCache: Loaded boot cache 0.06s 94MB C:/Users/s210954/AppData/Local/UnrealEngine/4.27/DerivedDataCache/Boot.ddc.
[2023.04.04-02.16.55:455][  0]LogDerivedDataCache: Display: Loaded Boot cache: C:/Users/s210954/AppData/Local/UnrealEngine/4.27/DerivedDataCache/Boot.ddc
[2023.04.04-02.16.55:455][  0]LogDerivedDataCache: FDerivedDataBackendGraph:  Pak pak cache file ../../../../../../Users/s210954/Desktop/GitGood/ProjectAlpha/ProjectAlpha_Project/DerivedDataCache/DDC.ddp not found, will not use a pak cache.
[2023.04.04-02.16.55:455][  0]LogDerivedDataCache: Unable to find inner node Pak for hierarchical cache Hierarchy.
[2023.04.04-02.16.55:455][  0]LogDerivedDataCache: FDerivedDataBackendGraph:  CompressedPak pak cache file ../../../../../../Users/s210954/Desktop/GitGood/ProjectAlpha/ProjectAlpha_Project/DerivedDataCache/Compressed.ddp not found, will not use a pak cache.
[2023.04.04-02.16.55:455][  0]LogDerivedDataCache: Unable to find inner node CompressedPak for hierarchical cache Hierarchy.
[2023.04.04-02.16.55:472][  0]LogDerivedDataCache: Display: Pak cache opened for reading ../../../Engine/DerivedDataCache/Compressed.ddp.
[2023.04.04-02.16.55:472][  0]LogDerivedDataCache: FDerivedDataBackendGraph:  EnterprisePak pak cache file ../../../Enterprise/DerivedDataCache/Compressed.ddp not found, will not use a pak cache.
[2023.04.04-02.16.55:472][  0]LogDerivedDataCache: Unable to find inner node EnterprisePak for hierarchical cache Hierarchy.
[2023.04.04-02.16.55:483][  0]LogDerivedDataCache: Speed tests for C:/Users/s210954/AppData/Local/UnrealEngine/Common/DerivedDataCache took 0.01 seconds
[2023.04.04-02.16.55:483][  0]LogDerivedDataCache: Display: Performance to C:/Users/s210954/AppData/Local/UnrealEngine/Common/DerivedDataCache: Latency=0.03ms. RandomReadSpeed=882.81MBs, RandomWriteSpeed=105.54MBs. Assigned SpeedClass 'Local'
[2023.04.04-02.16.55:484][  0]LogDerivedDataCache: Using Local data cache path C:/Users/s210954/AppData/Local/UnrealEngine/Common/DerivedDataCache: Writable
[2023.04.04-02.16.55:484][  0]LogDerivedDataCache: Shared data cache path not found in *engine.ini, will not use an Shared cache.
[2023.04.04-02.16.55:484][  0]LogDerivedDataCache: Unable to find inner node Shared for hierarchical cache Hierarchy.
[2023.04.04-02.16.55:525][  0]LogSlate: Using FreeType 2.10.0
[2023.04.04-02.16.55:526][  0]LogSlate: SlateFontServices - WITH_FREETYPE: 1, WITH_HARFBUZZ: 1
[2023.04.04-02.16.55:609][  0]LogInit: Using OS detected language (en-US).
[2023.04.04-02.16.55:609][  0]LogInit: Using OS detected locale (en-AU).
[2023.04.04-02.16.55:609][  0]LogTextLocalizationManager: No localization for 'en-US' exists, so 'en' will be used for the language.
[2023.04.04-02.16.55:609][  0]LogTextLocalizationManager: No localization for 'en-AU' exists, so 'en' will be used for the locale.
[2023.04.04-02.16.55:609][  0]LogSlate: FontCache flush requested. Reason: Culture for localization was changed
[2023.04.04-02.16.55:609][  0]LogSlate: FontCache flush requested. Reason: Culture for localization was changed
[2023.04.04-02.16.55:612][  0]LogTextLocalizationManager: Compacting localization data took   0.01ms
[2023.04.04-02.16.55:612][  0]LogAssetRegistry: FAssetRegistry took 0.0016 seconds to start up
[2023.04.04-02.16.55:775][  0]LogPackageLocalizationCache: Processed 27 localized package path(s) for 1 prioritized culture(s) in 0.001184 seconds
[2023.04.04-02.16.55:844][  0]LogInit: Selected Device Profile: [Windows]
[2023.04.04-02.16.55:845][  0]LogInit: Active device profile: [0000018563EC9400][000001856168E800 49] Windows
[2023.04.04-02.16.55:845][  0]LogInit: Profiles: [0000018563EC9400][000001856168E800 49] Windows, [0000018563E54100][0000018561696980 49] WindowsNoEditor, [0000018563E48200][0000018561122B00 49] WindowsServer, [0000018563E55F00][0000018561126C80 49] WindowsClient, [0000018563E4A100][000001856112AE00 49] IOS, [0000018563E57900][000001856112EF80 49] iPadAir, [0000018563E48800][0000018561133100 49] iPadAir2, [0000018563DF4A00][000001856113B3C0 49] IPadPro, [0000018563DF4B00][0000018561137400 49] iPadAir3, [0000018563E48500][000001856113F580 49] iPadAir4, [0000018563DF4600][0000018561143700 49] iPadMini2, [0000018563E4B400][0000018561147880 49] iPadMini3, [0000018563DF5500][00000185616939C0 49] iPadMini4, [0000018563E4AC00][000001856114BB00 49] iPadMini5, [0000018563E56200][00000185611521C0 49] iPhone6, [0000018563DE7F00][000001856114E200 49] iPodTouch6, [0000018563E54600][000001856115E4C0 49] iPhone7, [0000018563E54700][000001856115A500 49] iPodTouch7, [0000018563DE4700][0000018561162680 49] iPhone5S, [0000018563E56300][0000018561166800 49] iPhone6Plus, [0000018563DE7400][000001856116A980 49] iPhone6S, [0000018563E56F00][000001855E2B6B00 49] iPhone6SPlus, [0000018563DE4F00][000001855E2BAC80 49] iPhone7Plus, [0000018563E55B00][000001855E2BEE00 49] iPhoneSE, [0000018563DE6C00][000001855E2C2F80 49] iPhone8, [0000018563E56E00][000001855E2C7100 49] iPhone8Plus, [0000018563DE5600][000001855E2CB280 49] iPhoneX, [0000018563E56000][000001855E2CF400 49] iPhoneXS, [0000018563DE6500][000001855E2D3580 49] iPhoneXSMax, [0000018563E57F00][000001855E2D7700 49] iPhoneXR, [0000018563DE5D00][000001855E2DB880 49] iPhone11, [0000018563E54C00][000001855E2DFA00 49] iPhone11Pro, [0000018563DE7500][0000018561157B40 49] iPhone11ProMax, [0000018563E55400][000001855E2E2100 49] iPhoneSE2, [0000018563DE4C00][000001855E2E6240 49] iPhone12Mini, [0000018563E57100][000001855E2EA380 49] iPhone12, [0000018563DE6F00][000001855E2F2500 49] iPhone12Pro, [0000018563E55C00][000001855E2F6680 49] iPhone12ProMax, [0000018563DE6900][000001855E2FA800 49] iPadPro105, [0000018563E56700][000001855E2FE980 49] iPadPro129, [0000018563DE5700][000001855E302B00 49] iPadPro97, [0000018563E55600][000001855E306C80 49] iPadPro2_129, [0000018563DE4D00][000001855E30AE00 49] iPad5, [0000018563E55500][000001855E30EF80 49] iPad6, [0000018563DE6B00][000001855E313100 49] iPad7, [0000018563E57300][000001855E317280 49] iPad8, [0000018563DE4E00][000001855E31B400 49] iPadPro11, [0000018563E56D00][000001855E31F580 49] iPadPro2_11, [0000018563DE4400][000001855E323700 49] iPadPro3_129, [0000018563E57C00][000001855E327880 49] iPadPro4_129, [0000018563DE5800][000001855E32BA00 49] AppleTV, [0000018563E55300][000001855E32FB80 49] AppleTV4K, [0000018563DE7E00][000001855E2EE140 49] TVOS, [0000018563E57400][000001855E332280 49] Mac, [0000018563DE6D00][000001855E3363C0 49] MacClient, [0000018563E55E00][000001855E33A500 49] MacNoEditor, [0000018563DE7900][00000185614AA680 49] MacServer, [0000018563E55100][00000185614AE800 49] Linux, [0000018563DE7A00][00000185614B2980 49] LinuxAArch64, [0000018563E57600][00000185614B6B00 49] LinuxNoEditor, [0000018563DE7C00][00000185614BAC80 49] LinuxAArch64NoEditor, [0000018563E56800][00000185614BEE00 49] LinuxClient, [0000018563DE7B00][00000185614C2F80 49] LinuxAArch64Client, [0000018563E54E00][00000185614C7100 49] LinuxServer, [0000018563DE7600][00000185614CB280 49] LinuxAArch64Server, [0000018563E54B00][00000185614CF400 49] Android, [0000018563DE6600][00000185614D3580 49] Android_Low, [0000018563E56C00][00000185614D7700 49] Android_Mid, [0000018563DE7D00][00000185614DB880 49] Android_High, [0000018563E54400][00000185614DFA00 49] Android_Default, [0000018563ECAE00][00000185614E3B80 49] Android_Adreno4xx, [0000018563E4B000][00000185614E6180 49] Android_Adreno5xx_Low, [0000018563EC9600][00000185614EA300 49] Android_Adreno5xx, [0000018563E4B300][00000185614A6440 49] Android_Adreno6xx, [0000018563EC8200][00000185614EE580 49] Android_Adreno6xx_Vulkan, [0000018563E48600][00000185614F26C0 49] Android_Mali_T6xx, [0000018563EC9D00][00000185614FA840 49] Android_Mali_T7xx, [0000018563E48F00][00000185614FE9C0 49] Android_Mali_T8xx, [0000018563EC8D00][0000018561502B40 49] Android_Mali_G71, [0000018563E4A700][0000018561506CC0 49] Android_Mali_G72, [0000018563EC8500][000001856150AE40 49] Android_Mali_G72_Vulkan, [0000018563E49700][000001856150EFC0 49] Android_Mali_G76, [0000018563EC8100][0000018561513140 49] Android_Mali_G76_Vulkan, [0000018563E49600][00000185615172C0 49] Android_Mali_G77, [0000018563EC8800][000001856151B440 49] Android_Mali_G77_Vulkan, [0000018563E4BD00][000001856151F5C0 49] Android_Mali_G78, [0000018563EC9900][0000018561523740 49] Android_Mali_G78_Vulkan, [0000018563E48E00][00000185615278C0 49] Android_Mali_G710, [0000018563E57D00][000001856152BA40 49] Android_Mali_G710_Vulkan, [0000018563E49B00][000001856152FBC0 49] Android_Vulkan_SM5, [0000018563EC9200][00000185615321C0 49] Android_PowerVR_G6xxx, [0000018563E4B900][0000018561536340 49] Android_PowerVR_GT7xxx, [0000018563EC9300][000001856153A4C0 49] Android_PowerVR_GE8xxx, [0000018563DE5200][00000185614F6600 49] Android_PowerVR_GM9xxx, [0000018563EC9800][000001856153E740 49] Android_PowerVR_GM9xxx_Vulkan, [0000018563DE4300][0000018561542880 49] Android_TegraK1, [0000018563EC8400][00000185615469C0 49] Android_Unknown_Vulkan, [0000018563DE4A00][000001856154EB40 49] Lumin, [0000018563ECA000][0000018561552CC0 49] Lumin_Desktop, [0000018563DE7000][0000018561556E40 49] HoloLens, 
[2023.04.04-02.16.55:880][  0]LogMeshReduction: Using QuadricMeshReduction for automatic static mesh reduction
[2023.04.04-02.16.55:880][  0]LogMeshReduction: Using SimplygonMeshReduction for automatic skeletal mesh reduction
[2023.04.04-02.16.55:880][  0]LogMeshReduction: Using ProxyLODMeshReduction for automatic mesh merging
[2023.04.04-02.16.55:880][  0]LogMeshReduction: No distributed automatic mesh merging module available
[2023.04.04-02.16.55:880][  0]LogMeshMerging: No distributed automatic mesh merging module available
[2023.04.04-02.16.55:988][  0]LogNetVersion: ProjectAlpha_Project 1.0.0, NetCL: 17155196, EngineNetVer: 17, GameNetVer: 0 (Checksum: 1643197421)
[2023.04.04-02.16.56:222][  0]LogTexture: Default maximum texture size for cubemaps generated from long-lat sources has been changed from 512 to unlimited. In order to preserve old behaiour for '/Engine/MapTemplates/Sky/DaylightAmbientCubemap.DaylightAmbientCubemap', its maximum texture size has been explicitly set to 512.
[2023.04.04-02.16.56:285][  0]LogHMD: PokeAHoleMaterial loaded successfully
[2023.04.04-02.16.56:382][  0]LogMoviePlayer: Initializing movie player
[2023.04.04-02.16.56:467][  0]LogNiagaraDebuggerClient: Niagara Debugger Client Initialized | Session: F31DEEBB4044974AEADFBBB5F1D335DA | Instance: 4E283E1A45CCBBB2F985E4A7ED1B379B (SYD-49F1A3-4928).
[2023.04.04-02.16.56:486][  0]LogCollectionManager: Loaded 0 collections in 0.002438 seconds
[2023.04.04-02.16.56:488][  0]LogFileCache: Scanning file cache for directory 'C:/Users/s210954/Desktop/GitGood/ProjectAlpha/ProjectAlpha_Project/Saved/Collections/' took 0.00s
[2023.04.04-02.16.56:488][  0]LogFileCache: Scanning file cache for directory 'C:/Users/s210954/Desktop/GitGood/ProjectAlpha/ProjectAlpha_Project/Content/Developers/s210954/Collections/' took 0.00s
[2023.04.04-02.16.56:488][  0]LogCollectionManager: Fixed up redirectors for 0 collections in 0.000002 seconds (updated 0 objects)
[2023.04.04-02.16.56:585][  0]LogFileCache: Scanning file cache for directory 'C:/Users/s210954/Desktop/GitGood/ProjectAlpha/ProjectAlpha_Project/Content/Collections/' took 0.00s
[2023.04.04-02.16.56:585][  0]LogTcpMessaging: Initializing TcpMessaging bridge
[2023.04.04-02.16.56:588][  0]LogUdpMessaging: Initializing bridge on interface 0.0.0.0:0 to multicast group 230.0.0.1:6666.
[2023.04.04-02.16.56:604][  0]LogPython: Using Python 3.7.7
[2023.04.04-02.16.57:199][  0]LogOpenImageDenoise: OIDN starting up
[2023.04.04-02.16.57:208][  0]LogAndroidPermission: UAndroidPermissionCallbackProxy::GetInstance
[2023.04.04-02.16.57:225][  0]LogAudioCaptureCore: Display: No Audio Capture implementations found. Audio input will be silent.
[2023.04.04-02.16.57:225][  0]LogAudioCaptureCore: Display: No Audio Capture implementations found. Audio input will be silent.
[2023.04.04-02.16.57:281][  0]SourceControl: Source control is disabled
[2023.04.04-02.16.57:281][  0]SourceControl: Source control is disabled
[2023.04.04-02.16.57:283][  0]SourceControl: Source control is disabled
[2023.04.04-02.16.57:288][  0]LogUProjectInfo: Found projects:
[2023.04.04-02.16.57:313][  0]LogOcInput: OculusInput pre-init called
[2023.04.04-02.16.57:323][  0]LogUObjectArray: 22121 objects as part of root set at end of initial load.
[2023.04.04-02.16.57:323][  0]LogUObjectAllocator: 5975632 out of 0 bytes used by permanent object pool.
[2023.04.04-02.16.57:323][  0]LogUObjectArray: CloseDisregardForGC: 0/0 objects in disregard for GC pool
[2023.04.04-02.16.57:364][  0]LogEngine: Initializing Engine...
[2023.04.04-02.16.57:367][  0]LogHMD: Failed to enumerate extensions. Please check that you have a valid OpenXR runtime installed.
[2023.04.04-02.16.57:367][  0]LogHMD: Failed to initialize OpenVR with code 110
[2023.04.04-02.16.57:367][  0]LogMagicLeap: Warning: VR disabled because ZI is not enabled.  To enable, in the editor, Edit -> Project Settings -> Plugins -> Magic Leap Plugin -> Enable Zero Iteration
[2023.04.04-02.16.57:369][  0]LogStats: UGameplayTagsManager::InitializeManager -  0.000 s
[2023.04.04-02.16.57:458][  0]LogInit: Initializing FReadOnlyCVARCache
[2023.04.04-02.16.57:458][  0]LogAudio: Display: Initializing Audio Device Manager...
[2023.04.04-02.16.57:461][  0]LogAudio: Display: Loading Default Audio Settings Objects...
[2023.04.04-02.16.57:462][  0]LogAudio: Display: No default SoundConcurrencyObject specified (or failed to load).
[2023.04.04-02.16.57:462][  0]LogAudio: Display: Audio Device Manager Initialized
[2023.04.04-02.16.57:462][  0]LogAudio: Display: Creating Audio Device:                 Id: 1, Scope: Shared, Realtime: True
[2023.04.04-02.16.57:462][  0]LogAudioMixer: Display: Audio Mixer Platform Settings:
[2023.04.04-02.16.57:462][  0]LogAudioMixer: Display: 	Sample Rate:						  48000
[2023.04.04-02.16.57:462][  0]LogAudioMixer: Display: 	Callback Buffer Frame Size Requested: 1024
[2023.04.04-02.16.57:462][  0]LogAudioMixer: Display: 	Callback Buffer Frame Size To Use:	  1024
[2023.04.04-02.16.57:462][  0]LogAudioMixer: Display: 	Number of buffers to queue:			  2
[2023.04.04-02.16.57:462][  0]LogAudioMixer: Display: 	Max Channels (voices):				  32
[2023.04.04-02.16.57:462][  0]LogAudioMixer: Display: 	Number of Async Source Workers:		  0
[2023.04.04-02.16.57:462][  0]LogAudio: Display: AudioDevice MaxSources: 32
[2023.04.04-02.16.57:463][  0]LogAudio: Display: Audio Spatialization Plugin: None (built-in).
[2023.04.04-02.16.57:463][  0]LogAudio: Display: Audio Reverb Plugin: None (built-in).
[2023.04.04-02.16.57:463][  0]LogAudio: Display: Audio Occlusion Plugin: None (built-in).
[2023.04.04-02.16.57:463][  0]LogAudioMixer: Display: Initializing audio mixer.
[2023.04.04-02.16.57:474][  0]LogAudioMixer: Display: 0: FrontLeft
[2023.04.04-02.16.57:474][  0]LogAudioMixer: Display: 1: FrontRight
[2023.04.04-02.16.57:495][  0]LogAudioMixer: Display: Using Audio Device Realtek Digital Output (Realtek High Definition Audio)
[2023.04.04-02.16.57:498][  0]LogAudioMixer: Display: Initializing Sound Submixes...
[2023.04.04-02.16.57:500][  0]LogAudioMixer: Display: Creating Master Submix 'MasterSubmixDefault'
[2023.04.04-02.16.57:500][  0]LogAudioMixer: Display: Creating Master Submix 'MasterReverbSubmixDefault'
[2023.04.04-02.16.57:502][  0]LogAudioMixer: Display: Creating Master Submix 'MasterEQSubmixDefault'
[2023.04.04-02.16.57:502][  0]LogAudioMixer: FMixerPlatformXAudio2::StartAudioStream() called
[2023.04.04-02.16.57:502][  0]LogAudioMixer: Display: Output buffers initialized: Frames=1024, Channels=2, Samples=2048
[2023.04.04-02.16.57:503][  0]LogAudioMixer: Display: Starting AudioMixerPlatformInterface::RunInternal()
[2023.04.04-02.16.57:503][  0]LogAudioMixer: Display: FMixerPlatformXAudio2::SubmitBuffer() called for the first time
[2023.04.04-02.16.57:503][  0]LogInit: FAudioDevice initialized.
[2023.04.04-02.16.57:504][  0]LogNetVersion: Set ProjectVersion to 1.0.0.0. Version Checksum will be recalculated on next use.
[2023.04.04-02.16.57:505][  0]LogInit: Texture streaming: Enabled
[2023.04.04-02.16.57:561][  0]LogAudio: Display: Audio Device (ID: 1) registered with world 'Untitled'.
[2023.04.04-02.16.57:562][  0]LogSlate: Updating window title bar state: overlay mode, drag disabled, window buttons hidden, title bar hidden
[2023.04.04-02.16.57:562][  0]LogInit: Display: Game Engine Initialized.
[2023.04.04-02.16.57:563][  0]LogNiagaraEditor: GEditor isn't valid! Particle reset commands will not work for Niagara components!
[2023.04.04-02.16.57:680][  0]LogInit: Display: Starting Game.
[2023.04.04-02.16.57:680][  0]LogNet: Browse: /Game/ThirdPersonBP/Maps/ThirdPersonExampleMap?Name=Player
[2023.04.04-02.16.57:680][  0]LogLoad: LoadMap: /Game/ThirdPersonBP/Maps/ThirdPersonExampleMap?Name=Player
[2023.04.04-02.16.57:680][  0]LogWorld: BeginTearingDown for /Temp/Untitled_0
[2023.04.04-02.16.57:681][  0]LogWorld: UWorld::CleanupWorld for Untitled, bSessionEnded=true, bCleanupResources=true
[2023.04.04-02.16.57:681][  0]LogSlate: InvalidateAllWidgets triggered.  All widgets were invalidated
[2023.04.04-02.16.57:685][  0]LogAudio: Display: Audio Device unregistered from world 'None'.
[2023.04.04-02.16.57:688][  0]LogUObjectHash: Compacting FUObjectHashTables data took   0.67ms
[2023.04.04-02.16.57:930][  0]LogAudio: Display: Audio Device (ID: 1) registered with world 'ThirdPersonExampleMap'.
[2023.04.04-02.16.57:938][  0]LogAIModule: Creating AISystem for world ThirdPersonExampleMap
[2023.04.04-02.16.57:940][  0]LogLoad: Game class is 'ThirdPersonGameMode_C'
[2023.04.04-02.16.57:943][  0]LogWorld: Bringing World /Game/ThirdPersonBP/Maps/ThirdPersonExampleMap.ThirdPersonExampleMap up for play (max tick rate 0) at 2023.04.04-12.16.57
[2023.04.04-02.16.57:944][  0]LogWorld: Bringing up level for play took: 0.003064
[2023.04.04-02.16.57:945][  0]LogLoad: Took 0.265492 seconds to LoadMap(/Game/ThirdPersonBP/Maps/ThirdPersonExampleMap)
[2023.04.04-02.16.58:003][  0]LogSlate: Took 0.000167 seconds to synchronously load lazily loaded font '../../../Engine/Content/Slate/Fonts/Roboto-Regular.ttf' (155K)
[2023.04.04-02.16.58:039][  0]LogRenderer: Reallocating scene render targets to support 1280x720 Format 10 NumSamples 1 (Frame:1).
[2023.04.04-02.16.58:039][  0]LogInit: Display: Engine is initialized. Leaving FEngineLoop::Init()
[2023.04.04-02.16.58:039][  0]LogLoad: (Engine Initialization) Total time: 5.74 seconds
[2023.04.04-02.16.58:039][  0]LogLoad: (Engine Initialization) Total Blueprint compile time: 0.00 seconds
[2023.04.04-02.16.58:044][  0]LogContentStreaming: Texture pool size now 1000 MB
[2023.04.04-02.16.58:046][  0]LogSlate: InvalidateAllWidgets triggered.  All widgets were invalidated
[2023.04.04-02.16.58:089][  0]LogRenderer: Reallocating scene render targets to support 128x128 Format 10 NumSamples 1 (Frame:1).
[2023.04.04-02.16.58:113][  0]LogRenderer: Reallocating scene render targets to support 1280x720 Format 10 NumSamples 1 (Frame:2).
[2023.04.04-02.16.58:127][  1]LogSlate: Took 0.000158 seconds to synchronously load lazily loaded font '../../../Engine/Content/Slate/Fonts/Roboto-Regular.ttf' (155K)
[2023.04.04-02.17.13:574][984]LogSlate: Window 'ProjectAlpha_Project (64-bit Development PCD3D_SM5) ' being destroyed
[2023.04.04-02.17.13:575][984]LogWindowsTextInputMethodSystem: Display: IME system deactivated.
[2023.04.04-02.17.13:581][984]LogWindowsTextInputMethodSystem: Display: IME system deactivated.
[2023.04.04-02.17.13:583][984]LogSlate: Updating window title bar state: overlay mode, drag disabled, window buttons hidden, title bar hidden
[2023.04.04-02.17.13:583][984]LogEngine: All Windows Closed
[2023.04.04-02.17.13:583][984]LogWindows: FPlatformMisc::RequestExit(0)
[2023.04.04-02.17.13:583][984]LogWindows: FPlatformMisc::RequestExitWithStatus(0, 0)
[2023.04.04-02.17.13:583][984]LogCore: Engine exit requested (reason: Win RequestExit)
[2023.04.04-02.17.13:583][985]LogCore: Engine exit requested (reason: EngineExit() was called; note: exit was already requested)
[2023.04.04-02.17.13:583][985]LogInit: Display: PreExit Game.
[2023.04.04-02.17.13:594][985]LogWorld: BeginTearingDown for /Game/ThirdPersonBP/Maps/ThirdPersonExampleMap
[2023.04.04-02.17.13:594][985]LogWorld: UWorld::CleanupWorld for ThirdPersonExampleMap, bSessionEnded=true, bCleanupResources=true
[2023.04.04-02.17.13:595][985]LogSlate: InvalidateAllWidgets triggered.  All widgets were invalidated
[2023.04.04-02.17.14:378][985]LogAudio: Display: Beginning Audio Device Manager Shutdown (Module: AudioMixerXAudio2)...
[2023.04.04-02.17.14:378][985]LogAudio: Display: Destroying 1 Remaining Audio Device(s)...
[2023.04.04-02.17.14:378][985]LogAudio: Display: Audio Device unregistered from world 'ThirdPersonExampleMap'.
[2023.04.04-02.17.14:379][985]LogAudioMixer: FMixerPlatformXAudio2::StopAudioStream() called
[2023.04.04-02.17.14:380][985]LogAudioMixer: FMixerPlatformXAudio2::StopAudioStream() called
[2023.04.04-02.17.14:383][985]LogAudio: Display: Audio Device Manager Shutdown
[2023.04.04-02.17.14:389][985]LogExit: Preparing to exit.
[2023.04.04-02.17.14:394][985]LogSlate: Updating window title bar state: overlay mode, drag disabled, window buttons hidden, title bar hidden
[2023.04.04-02.17.14:396][985]LogUObjectHash: Compacting FUObjectHashTables data took   0.85ms
[2023.04.04-02.17.14:599][985]LogMoviePlayer: Shutting down movie player
[2023.04.04-02.17.14:811][985]LogExit: Game engine shut down
[2023.04.04-02.17.14:813][985]LogDemo: Cleaned up 0 splitscreen connections with owner deletion
[2023.04.04-02.17.14:857][985]LogExit: Object subsystem successfully closed.
[2023.04.04-02.17.14:869][985]LogShaderCompilers: Display: === FShaderJobCache stats ===
[2023.04.04-02.17.14:869][985]LogShaderCompilers: Display: Total job queries 0, among them cache hits 0 (0.00%)
[2023.04.04-02.17.14:869][985]LogShaderCompilers: Display: Tracking 0 distinct input hashes that result in 0 distinct outputs (0.00%)
[2023.04.04-02.17.14:869][985]LogShaderCompilers: Display: RAM used: 0.00 MB (0.00 GB) of 1638.40 MB (1.60 GB) budget. Usage: 0.00%
[2023.04.04-02.17.14:869][985]LogShaderCompilers: Display: ================================================
[2023.04.04-02.17.14:875][985]LogShaderCompilers: Display: Shaders left to compile 0
[2023.04.04-02.17.14:905][985]LogModuleManager: Shutting down and abandoning module SequenceRecorderSections (560)
[2023.04.04-02.17.14:905][985]LogModuleManager: Shutting down and abandoning module SequenceRecorder (558)
[2023.04.04-02.17.14:905][985]LogModuleManager: Shutting down and abandoning module AutomationController (556)
[2023.04.04-02.17.14:905][985]LogModuleManager: Shutting down and abandoning module AutomationWorker (554)
[2023.04.04-02.17.14:905][985]LogModuleManager: Shutting down and abandoning module Voice (552)
[2023.04.04-02.17.14:905][985]LogModuleManager: Shutting down and abandoning module AIModule (550)
[2023.04.04-02.17.14:905][985]LogModuleManager: Shutting down and abandoning module GameplayDebugger (549)
[2023.04.04-02.17.14:905][985]LogModuleManager: Shutting down and abandoning module AITestSuite (547)
[2023.04.04-02.17.14:905][985]LogModuleManager: Shutting down and abandoning module NavigationSystem (545)
[2023.04.04-02.17.14:905][985]LogModuleManager: Shutting down and abandoning module AnimGraph (542)
[2023.04.04-02.17.14:905][985]LogModuleManager: Shutting down and abandoning module SteamVREditor (540)
[2023.04.04-02.17.14:905][985]LogModuleManager: Shutting down and abandoning module ToolMenus (539)
[2023.04.04-02.17.14:905][985]LogModuleManager: Shutting down and abandoning module OculusMR (536)
[2023.04.04-02.17.14:905][985]LogModuleManager: Shutting down and abandoning module TakeRecorderSources (534)
[2023.04.04-02.17.14:905][985]LogModuleManager: Shutting down and abandoning module TakeRecorder (533)
[2023.04.04-02.17.14:905][985]LogModuleManager: Shutting down and abandoning module TakeTrackRecorders (530)
[2023.04.04-02.17.14:905][985]LogModuleManager: Shutting down and abandoning module TakesCore (528)
[2023.04.04-02.17.14:905][985]LogModuleManager: Shutting down and abandoning module OpenXRInput (526)
[2023.04.04-02.17.14:905][985]LogModuleManager: Shutting down and abandoning module PlanarCut (524)
[2023.04.04-02.17.14:905][985]LogModuleManager: Shutting down and abandoning module WmfMediaFactory (522)
[2023.04.04-02.17.14:905][985]LogModuleManager: Shutting down and abandoning module WebMMediaFactory (520)
[2023.04.04-02.17.14:905][985]LogModuleManager: Shutting down and abandoning module WebMMedia (518)
[2023.04.04-02.17.14:905][985]LogModuleManager: Shutting down and abandoning module OpenExrWrapper (516)
[2023.04.04-02.17.14:906][985]LogModuleManager: Shutting down and abandoning module ImgMediaFactory (514)
[2023.04.04-02.17.14:906][985]LogModuleManager: Shutting down and abandoning module CharacterAI (512)
[2023.04.04-02.17.14:906][985]LogModuleManager: Shutting down and abandoning module AvfMediaFactory (510)
[2023.04.04-02.17.14:906][985]LogModuleManager: Shutting down and abandoning module MagicLeapMediaCodecFactory (508)
[2023.04.04-02.17.14:906][985]LogModuleManager: Shutting down and abandoning module MagicLeapMediaFactory (506)
[2023.04.04-02.17.14:906][985]LogModuleManager: Shutting down and abandoning module SessionServices (504)
[2023.04.04-02.17.14:906][985]LogModuleManager: Shutting down and abandoning module MovieSceneCapture (502)
[2023.04.04-02.17.14:906][985]LogModuleManager: Shutting down and abandoning module LiveCoding (500)
[2023.04.04-02.17.14:906][985]LogModuleManager: Shutting down and abandoning module LevelSequence (498)
[2023.04.04-02.17.14:906][985]LogModuleManager: Shutting down and abandoning module MovieSceneTracks (496)
[2023.04.04-02.17.14:906][985]LogModuleManager: Shutting down and abandoning module MovieScene (494)
[2023.04.04-02.17.14:906][985]LogModuleManager: Shutting down and abandoning module StreamingPauseRendering (492)
[2023.04.04-02.17.14:906][985]LogModuleManager: Shutting down and abandoning module PortalServices (490)
[2023.04.04-02.17.14:906][985]LogModuleManager: Shutting down and abandoning module PortalRpc (488)
[2023.04.04-02.17.14:906][985]LogModuleManager: Shutting down and abandoning module MessagingRpc (486)
[2023.04.04-02.17.14:906][985]LogModuleManager: Shutting down and abandoning module AudioMixerXAudio2 (484)
[2023.04.04-02.17.14:906][985]LogModuleManager: Shutting down and abandoning module AudioMixerCore (483)
[2023.04.04-02.17.14:906][985]LogModuleManager: Shutting down and abandoning module ImageWriteQueue (480)
[2023.04.04-02.17.14:906][985]LogModuleManager: Shutting down and abandoning module ProfilerService (478)
[2023.04.04-02.17.15:112][985]LogModuleManager: Shutting down and abandoning module TaskGraph (476)
[2023.04.04-02.17.15:112][985]LogModuleManager: Shutting down and abandoning module OculusInput (474)
[2023.04.04-02.17.15:112][985]LogModuleManager: Shutting down and abandoning module VisualStudioSourceCodeAccess (472)
[2023.04.04-02.17.15:112][985]LogModuleManager: Shutting down and abandoning module HotReload (471)
[2023.04.04-02.17.15:112][985]LogModuleManager: Shutting down and abandoning module VisualStudioCodeSourceCodeAccess (468)
[2023.04.04-02.17.15:112][985]LogModuleManager: Shutting down and abandoning module UObjectPlugin (466)
[2023.04.04-02.17.15:112][985]LogModuleManager: Shutting down and abandoning module SubversionSourceControl (464)
[2023.04.04-02.17.15:113][985]LogModuleManager: Shutting down and abandoning module PerforceSourceControl (462)
[2023.04.04-02.17.15:113][985]LogModuleManager: Shutting down and abandoning module SourceControl (461)
[2023.04.04-02.17.15:113][985]LogModuleManager: Shutting down and abandoning module CLionSourceCodeAccess (458)
[2023.04.04-02.17.15:113][985]LogModuleManager: Shutting down and abandoning module TakeMovieScene (456)
[2023.04.04-02.17.15:113][985]LogModuleManager: Shutting down and abandoning module Synthesis (454)
[2023.04.04-02.17.15:113][985]LogModuleManager: Shutting down and abandoning module ProceduralMeshComponent (452)
[2023.04.04-02.17.15:113][985]LogModuleManager: Shutting down and abandoning module MobilePatchingUtils (450)
[2023.04.04-02.17.15:113][985]LogModuleManager: Shutting down and abandoning module GooglePAD (448)
[2023.04.04-02.17.15:113][985]LogModuleManager: Shutting down and abandoning module EditableMesh (446)
[2023.04.04-02.17.15:113][985]LogModuleManager: Shutting down and abandoning module CustomMeshComponent (444)
[2023.04.04-02.17.15:113][985]LogModuleManager: Shutting down and abandoning module CableComponent (442)
[2023.04.04-02.17.15:113][985]LogModuleManager: Shutting down and abandoning module AudioCapture (440)
[2023.04.04-02.17.15:113][985]LogModuleManager: Shutting down and abandoning module AudioCaptureRtAudio (439)
[2023.04.04-02.17.15:113][985]LogModuleManager: Shutting down and abandoning module AssetTags (436)
[2023.04.04-02.17.15:113][985]LogModuleManager: Shutting down and abandoning module ArchVisCharacter (434)
[2023.04.04-02.17.15:113][985]LogModuleManager: Shutting down and abandoning module AppleImageUtilsBlueprintSupport (432)
[2023.04.04-02.17.15:113][985]LogModuleManager: Shutting down and abandoning module AppleImageUtils (430)
[2023.04.04-02.17.15:113][985]LogModuleManager: Shutting down and abandoning module AndroidPermission (428)
[2023.04.04-02.17.15:113][985]LogModuleManager: Shutting down and abandoning module ActorLayerUtilities (426)
[2023.04.04-02.17.15:113][985]LogModuleManager: Shutting down and abandoning module MotoSynth (424)
[2023.04.04-02.17.15:113][985]LogModuleManager: Shutting down and abandoning module OpenImageDenoise (422)
[2023.04.04-02.17.15:113][985]LogOpenImageDenoise: OIDN shutting down
[2023.04.04-02.17.15:113][985]LogModuleManager: Shutting down and abandoning module MeshConversion (420)
[2023.04.04-02.17.15:113][985]LogModuleManager: Shutting down and abandoning module DynamicMesh (418)
[2023.04.04-02.17.15:113][985]LogModuleManager: Shutting down and abandoning module GeometryAlgorithms (416)
[2023.04.04-02.17.15:113][985]LogModuleManager: Shutting down and abandoning module GeometricObjects (414)
[2023.04.04-02.17.15:113][985]LogModuleManager: Shutting down and abandoning module MediaCompositing (412)
[2023.04.04-02.17.15:113][985]LogModuleManager: Shutting down and abandoning module ImgMedia (410)
[2023.04.04-02.17.15:113][985]LogModuleManager: Shutting down and abandoning module GeometryCollectionTracks (408)
[2023.04.04-02.17.15:113][985]LogModuleManager: Shutting down and abandoning module GeometryCollectionSequencer (407)
[2023.04.04-02.17.15:113][985]LogModuleManager: Shutting down and abandoning module GeometryCacheTracks (404)
[2023.04.04-02.17.15:113][985]LogModuleManager: Shutting down and abandoning module GeometryCacheSequencer (403)
[2023.04.04-02.17.15:113][985]LogModuleManager: Shutting down and abandoning module GeometryCache (400)
[2023.04.04-02.17.15:113][985]LogModuleManager: Shutting down and abandoning module GeometryCacheEd (399)
[2023.04.04-02.17.15:113][985]LogModuleManager: Shutting down and abandoning module TemplateSequence (396)
[2023.04.04-02.17.15:113][985]LogModuleManager: Shutting down and abandoning module ChaosNiagara (394)
[2023.04.04-02.17.15:113][985]LogModuleManager: Shutting down and abandoning module FieldSystemEngine (393)
[2023.04.04-02.17.15:113][985]LogModuleManager: Shutting down and abandoning module BackChannel (390)
[2023.04.04-02.17.15:113][985]LogModuleManager: Shutting down and abandoning module AutomationUtils (388)
[2023.04.04-02.17.15:113][985]LogModuleManager: Shutting down and abandoning module MagicLeapSharedWorld (386)
[2023.04.04-02.17.15:113][985]LogModuleManager: Shutting down and abandoning module MagicLeapLightEstimation (384)
[2023.04.04-02.17.15:113][985]LogModuleManager: Shutting down and abandoning module MagicLeapHelperVulkan (382)
[2023.04.04-02.17.15:113][985]LogModuleManager: Shutting down and abandoning module MagicLeapHelperOpenGL (380)
[2023.04.04-02.17.15:113][985]LogModuleManager: Shutting down and abandoning module MagicLeapAudio (378)
[2023.04.04-02.17.15:113][985]LogModuleManager: Shutting down and abandoning module OodleNetworkHandlerComponent (376)
[2023.04.04-02.17.15:113][985]LogModuleManager: Shutting down and abandoning module LiveLinkSequencer (374)
[2023.04.04-02.17.15:113][985]LogModuleManager: Shutting down and abandoning module LiveLinkMovieScene (372)
[2023.04.04-02.17.15:113][985]LogModuleManager: Shutting down and abandoning module LiveLinkGraphNode (370)
[2023.04.04-02.17.15:113][985]LogModuleManager: Shutting down and abandoning module LiveLinkComponents (368)
[2023.04.04-02.17.15:113][985]LogModuleManager: Shutting down and abandoning module LiveLink (366)
[2023.04.04-02.17.16:096][985]LogModuleManager: Shutting down and abandoning module PropertyAccessNode (364)
[2023.04.04-02.17.16:096][985]LogModuleManager: Shutting down and abandoning module AnimationSharing (362)
[2023.04.04-02.17.16:096][985]LogModuleManager: Shutting down and abandoning module SoundFields (360)
[2023.04.04-02.17.16:096][985]LogModuleManager: Shutting down and abandoning module SignificanceManager (358)
[2023.04.04-02.17.16:096][985]LogModuleManager: Shutting down and abandoning module RuntimePhysXCooking (356)
[2023.04.04-02.17.16:096][985]LogModuleManager: Shutting down and abandoning module PropertyAccessEditor (354)
[2023.04.04-02.17.16:096][985]LogModuleManager: Shutting down and abandoning module PhysXVehiclesEditor (352)
[2023.04.04-02.17.16:096][985]LogModuleManager: Shutting down and abandoning module LocationServicesBPLibrary (348)
[2023.04.04-02.17.16:096][985]LogModuleManager: Shutting down and abandoning module AudioSynesthesia (346)
[2023.04.04-02.17.16:096][985]LogModuleManager: Shutting down and abandoning module AudioSynesthesiaCore (344)
[2023.04.04-02.17.16:096][985]LogModuleManager: Shutting down and abandoning module PythonScriptPlugin (342)
[2023.04.04-02.17.16:096][985]LogModuleManager: Shutting down and abandoning module ImgMediaEngine (340)
[2023.04.04-02.17.16:096][985]LogModuleManager: Shutting down and abandoning module ActorSequence (338)
[2023.04.04-02.17.16:096][985]LogModuleManager: Shutting down and abandoning module UdpMessaging (336)
[2023.04.04-02.17.16:197][985]LogModuleManager: Shutting down and abandoning module TcpMessaging (334)
[2023.04.04-02.17.16:298][985]LogModuleManager: Shutting down and abandoning module MagicLeapARPin (332)
[2023.04.04-02.17.16:298][985]LogModuleManager: Shutting down and abandoning module MagicLeapHandMeshing (330)
[2023.04.04-02.17.16:298][985]LogModuleManager: Shutting down and abandoning module MagicLeapSecureStorage (328)
[2023.04.04-02.17.16:298][985]LogModuleManager: Shutting down and abandoning module MagicLeapPrivileges (326)
[2023.04.04-02.17.16:298][985]LogModuleManager: Shutting down and abandoning module MagicLeapPlanes (324)
[2023.04.04-02.17.16:298][985]LogMagicLeapPlanes: Planes tracker already destroyed.
[2023.04.04-02.17.16:298][985]LogModuleManager: Shutting down and abandoning module MagicLeapImageTracker (322)
[2023.04.04-02.17.16:298][985]LogModuleManager: Shutting down and abandoning module MagicLeapIdentity (320)
[2023.04.04-02.17.16:298][985]LogModuleManager: Shutting down and abandoning module MagicLeapHandTracking (318)
[2023.04.04-02.17.16:298][985]LogModuleManager: Shutting down and abandoning module MagicLeapEyeTracker (316)
[2023.04.04-02.17.16:298][985]LogModuleManager: Shutting down and abandoning module MagicLeapController (314)
[2023.04.04-02.17.16:298][985]LogModuleManager: Shutting down and abandoning module MagicLeapARPinImpl (312)
[2023.04.04-02.17.16:298][985]LogModuleManager: Shutting down and abandoning module MagicLeapAR (310)
[2023.04.04-02.17.16:298][985]LogModuleManager: Shutting down and abandoning module GameplayTagsEditor (308)
[2023.04.04-02.17.16:298][985]LogModuleManager: Shutting down and abandoning module FacialAnimation (306)
[2023.04.04-02.17.16:298][985]LogModuleManager: Shutting down and abandoning module AssetManagerEditor (304)
[2023.04.04-02.17.16:298][985]LogModuleManager: Shutting down and abandoning module TreeMap (303)
[2023.04.04-02.17.16:298][985]LogModuleManager: Shutting down and abandoning module NiagaraAnimNotifies (300)
[2023.04.04-02.17.16:298][985]LogModuleManager: Shutting down and abandoning module Niagara (298)
[2023.04.04-02.17.16:298][985]LogModuleManager: Shutting down and abandoning module SignalProcessing (297)
[2023.04.04-02.17.16:298][985]LogModuleManager: Shutting down and abandoning module NiagaraEditor (295)
[2023.04.04-02.17.16:298][985]LogModuleManager: Shutting down and abandoning module ContentBrowser (294)
[2023.04.04-02.17.16:299][985]LogModuleManager: Shutting down and abandoning module CollectionManager (293)
[2023.04.04-02.17.16:299][985]LogModuleManager: Shutting down and abandoning module DirectoryWatcher (292)
[2023.04.04-02.17.16:299][985]LogModuleManager: Shutting down and abandoning module ContentBrowserData (289)
[2023.04.04-02.17.16:299][985]LogModuleManager: Shutting down and abandoning module NiagaraCore (284)
[2023.04.04-02.17.16:299][985]LogModuleManager: Shutting down and abandoning module GameplayCameras (282)
[2023.04.04-02.17.16:299][985]LogModuleManager: Shutting down and abandoning module LightPropagationVolumeRuntime (280)
[2023.04.04-02.17.16:299][985]LogModuleManager: Shutting down and abandoning module EnvironmentQueryEditor (278)
[2023.04.04-02.17.16:299][985]LogModuleManager: Shutting down and abandoning module Paper2D (276)
[2023.04.04-02.17.16:299][985]LogModuleManager: Shutting down and abandoning module WindowsMoviePlayer (274)
[2023.04.04-02.17.16:299][985]LogModuleManager: Shutting down and abandoning module WebMMoviePlayer (272)
[2023.04.04-02.17.16:299][985]LogModuleManager: Shutting down and abandoning module NetworkReplayStreaming (270)
[2023.04.04-02.17.16:299][985]LogModuleManager: Shutting down and abandoning module PacketHandler (268)
[2023.04.04-02.17.16:299][985]LogModuleManager: Shutting down and abandoning module ClothingSystemEditor (266)
[2023.04.04-02.17.16:299][985]LogModuleManager: Shutting down and abandoning module ClothingSystemRuntimeNv (264)
[2023.04.04-02.17.16:299][985]LogModuleManager: Shutting down and abandoning module MediaAssets (262)
[2023.04.04-02.17.16:299][985]LogModuleManager: Shutting down and abandoning module Overlay (260)
[2023.04.04-02.17.16:300][985]LogModuleManager: Shutting down and abandoning module OverlayEditor (259)
[2023.04.04-02.17.16:300][985]LogModuleManager: Shutting down and abandoning module VREditor (256)
[2023.04.04-02.17.16:300][985]LogModuleManager: Shutting down and abandoning module StringTableEditor (254)
[2023.04.04-02.17.16:300][985]LogModuleManager: Shutting down and abandoning module GameplayTasksEditor (252)
[2023.04.04-02.17.16:300][985]LogModuleManager: Shutting down and abandoning module BehaviorTreeEditor (250)
[2023.04.04-02.17.16:300][985]LogModuleManager: Shutting down and abandoning module FunctionalTesting (248)
[2023.04.04-02.17.16:300][985]LogModuleManager: Shutting down and abandoning module CollisionAnalyzer (246)
[2023.04.04-02.17.16:300][985]LogModuleManager: Shutting down and abandoning module WorkspaceMenuStructure (245)
[2023.04.04-02.17.16:300][985]LogModuleManager: Shutting down and abandoning module UMG (242)
[2023.04.04-02.17.16:300][985]LogModuleManager: Shutting down and abandoning module UMGEditor (241)
[2023.04.04-02.17.16:300][985]LogModuleManager: Shutting down and abandoning module Sequencer (240)
[2023.04.04-02.17.16:300][985]LogModuleManager: Shutting down and abandoning module MessageLog (237)
[2023.04.04-02.17.16:300][985]LogModuleManager: Shutting down and abandoning module SlateReflector (232)
[2023.04.04-02.17.16:300][985]LogModuleManager: Shutting down and abandoning module Slate (230)
[2023.04.04-02.17.16:300][985]LogModuleManager: Shutting down and abandoning module SlateCore (228)
[2023.04.04-02.17.16:301][985]LogModuleManager: Shutting down and abandoning module LandscapeEditorUtilities (226)
[2023.04.04-02.17.16:301][985]LogModuleManager: Shutting down and abandoning module UnrealEd (224)
[2023.04.04-02.17.16:301][985]LogModuleManager: Shutting down and abandoning module MRMesh (222)
[2023.04.04-02.17.16:301][985]LogModuleManager: Shutting down and abandoning module Messaging (220)
[2023.04.04-02.17.16:301][985]LogModuleManager: Shutting down and abandoning module SourceCodeAccess (218)
[2023.04.04-02.17.16:301][985]LogModuleManager: Shutting down and abandoning module HeadMountedDisplay (216)
[2023.04.04-02.17.16:301][985]LogModuleManager: Shutting down and abandoning module XAudio2 (214)
[2023.04.04-02.17.16:301][985]LogModuleManager: Shutting down and abandoning module Networking (212)
[2023.04.04-02.17.16:301][985]LogModuleManager: Shutting down and abandoning module Core (210)
[2023.04.04-02.17.16:301][985]LogModuleManager: Shutting down and abandoning module MaterialEditor (208)
[2023.04.04-02.17.16:301][985]LogModuleManager: Shutting down and abandoning module MovieSceneTools (206)
[2023.04.04-02.17.16:301][985]LogModuleManager: Shutting down and abandoning module EditorStyle (205)
[2023.04.04-02.17.16:301][985]LogModuleManager: Shutting down and abandoning module KismetCompiler (202)
[2023.04.04-02.17.16:301][985]LogModuleManager: Shutting down and abandoning module MeshBuilder (200)
[2023.04.04-02.17.16:301][985]LogModuleManager: Shutting down and abandoning module MeshUtilities (198)
[2023.04.04-02.17.16:302][985]LogModuleManager: Shutting down and abandoning module MeshMergeUtilities (197)
[2023.04.04-02.17.16:302][985]LogModuleManager: Shutting down and abandoning module MeshReductionInterface (196)
[2023.04.04-02.17.16:302][985]LogModuleManager: Shutting down and abandoning module MeshBoneReduction (195)
[2023.04.04-02.17.16:302][985]LogModuleManager: Shutting down and abandoning module SkeletalMeshReduction (193)
[2023.04.04-02.17.16:302][985]LogModuleManager: Shutting down and abandoning module ProxyLODMeshReduction (191)
[2023.04.04-02.17.16:302][985]LogModuleManager: Shutting down and abandoning module QuadricMeshReduction (189)
[2023.04.04-02.17.16:302][985]LogModuleManager: Shutting down and abandoning module MaterialBaking (185)
[2023.04.04-02.17.16:302][985]LogModuleManager: Shutting down and abandoning module NullInstallBundleManager (180)
[2023.04.04-02.17.16:302][985]LogModuleManager: Shutting down and abandoning module PIEPreviewDeviceProfileSelector (178)
[2023.04.04-02.17.16:302][985]LogModuleManager: Shutting down and abandoning module DerivedDataCache (176)
[2023.04.04-02.17.16:302][985]LogModuleManager: Shutting down and abandoning module TargetPlatform (174)
[2023.04.04-02.17.16:302][985]LogModuleManager: Shutting down and abandoning module VulkanShaderFormat (173)
[2023.04.04-02.17.16:302][985]LogModuleManager: Shutting down and abandoning module ShaderFormatVectorVM (171)
[2023.04.04-02.17.16:302][985]LogModuleManager: Shutting down and abandoning module ShaderFormatOpenGL (169)
[2023.04.04-02.17.16:302][985]LogModuleManager: Shutting down and abandoning module ShaderFormatD3D (167)
[2023.04.04-02.17.16:302][985]LogModuleManager: Shutting down and abandoning module MetalShaderFormat (165)
[2023.04.04-02.17.16:302][985]LogModuleManager: Shutting down and abandoning module TextureFormatOodle (163)
[2023.04.04-02.17.16:302][985]LogModuleManager: Shutting down and abandoning module TextureFormatUncompressed (161)
[2023.04.04-02.17.16:302][985]LogModuleManager: Shutting down and abandoning module TextureFormatPVR (159)
[2023.04.04-02.17.16:302][985]LogModuleManager: Shutting down and abandoning module TextureFormatETC2 (157)
[2023.04.04-02.17.16:302][985]LogModuleManager: Shutting down and abandoning module TextureFormatDXT (155)
[2023.04.04-02.17.16:302][985]LogModuleManager: Shutting down and abandoning module TextureFormatIntelISPCTexComp (153)
[2023.04.04-02.17.16:302][985]LogModuleManager: Shutting down and abandoning module TextureFormatASTC (151)
[2023.04.04-02.17.16:302][985]LogModuleManager: Shutting down and abandoning module ImageWrapper (150)
[2023.04.04-02.17.16:302][985]LogModuleManager: Shutting down and abandoning module AudioFormatOpus (147)
[2023.04.04-02.17.16:302][985]LogModuleManager: Shutting down and abandoning module AudioFormatOgg (145)
[2023.04.04-02.17.16:302][985]LogModuleManager: Shutting down and abandoning module AudioFormatADPCM (143)
[2023.04.04-02.17.16:302][985]LogModuleManager: Shutting down and abandoning module WindowsServerTargetPlatform (141)
[2023.04.04-02.17.16:302][985]LogModuleManager: Shutting down and abandoning module WindowsClientTargetPlatform (139)
[2023.04.04-02.17.16:302][985]LogModuleManager: Shutting down and abandoning module WindowsTargetPlatform (137)
[2023.04.04-02.17.16:302][985]LogModuleManager: Shutting down and abandoning module WindowsNoEditorTargetPlatform (135)
[2023.04.04-02.17.16:302][985]LogModuleManager: Shutting down and abandoning module D3D11RHI (132)
[2023.04.04-02.17.16:302][985]LogModuleManager: Shutting down and abandoning module InputCore (130)
[2023.04.04-02.17.16:302][985]LogModuleManager: Shutting down and abandoning module Settings (128)
[2023.04.04-02.17.16:302][985]LogModuleManager: Shutting down and abandoning module PhysXCooking (126)
[2023.04.04-02.17.16:302][985]LogModuleManager: Shutting down and abandoning module Chaos (124)
[2023.04.04-02.17.16:302][985]LogModuleManager: Shutting down and abandoning module WindowsPlatformFeatures (122)
[2023.04.04-02.17.16:302][985]LogModuleManager: Shutting down and abandoning module GameplayMediaEncoder (121)
[2023.04.04-02.17.16:302][985]LogModuleManager: Shutting down and abandoning module AVEncoder (120)
[2023.04.04-02.17.16:302][985]LogModuleManager: Shutting down and abandoning module SteamVRInputDevice (116)
[2023.04.04-02.17.16:302][985]LogModuleManager: Shutting down and abandoning module SteamVRInput (114)
[2023.04.04-02.17.16:302][985]LogModuleManager: Shutting down and abandoning module SteamVR (112)
[2023.04.04-02.17.16:302][985]LogHMD: Freeing OpenVRDLLHandle.
[2023.04.04-02.17.16:302][985]LogModuleManager: Shutting down and abandoning module OculusHMD (110)
[2023.04.04-02.17.16:302][985]LogModuleManager: Shutting down and abandoning module PixWinPlugin (108)
[2023.04.04-02.17.16:302][985]LogModuleManager: Shutting down and abandoning module OpenXRHandTracking (106)
[2023.04.04-02.17.16:302][985]LogSlate: Slate User Destroyed.  User Index 0, Is Virtual User: 0
[2023.04.04-02.17.16:302][985]LogModuleManager: Shutting down and abandoning module OpenXRAR (104)
[2023.04.04-02.17.16:302][985]LogModuleManager: Shutting down and abandoning module AugmentedReality (103)
[2023.04.04-02.17.16:302][985]LogModuleManager: Shutting down and abandoning module OpenXRHMD (100)
[2023.04.04-02.17.16:303][985]LogModuleManager: Shutting down and abandoning module OpenXREyeTracker (98)
[2023.04.04-02.17.16:303][985]LogModuleManager: Shutting down and abandoning module ExampleDeviceProfileSelector (96)
[2023.04.04-02.17.16:303][985]LogModuleManager: Shutting down and abandoning module ChunkDownloader (94)
[2023.04.04-02.17.16:303][985]LogModuleManager: Shutting down and abandoning module OnlineBlueprintSupport (92)
[2023.04.04-02.17.16:303][985]LogModuleManager: Shutting down and abandoning module OnlineSubsystem (88)
[2023.04.04-02.17.16:303][985]LogModuleManager: Shutting down and abandoning module XMPP (83)
[2023.04.04-02.17.16:303][985]LogModuleManager: Shutting down and abandoning module WebSockets (82)
[2023.04.04-02.17.16:333][985]LogModuleManager: Shutting down and abandoning module HTTP (79)
[2023.04.04-02.17.16:333][985]LogHttp: Display: cleaning up 0 outstanding Http requests.
[2023.04.04-02.17.16:365][985]LogModuleManager: Shutting down and abandoning module SSL (78)
[2023.04.04-02.17.16:366][985]LogModuleManager: Shutting down and abandoning module LauncherChunkInstaller (74)
[2023.04.04-02.17.16:366][985]LogModuleManager: Shutting down and abandoning module WmfMedia (72)
[2023.04.04-02.17.16:368][985]LogModuleManager: Shutting down and abandoning module Media (71)
[2023.04.04-02.17.16:369][985]LogModuleManager: Shutting down and abandoning module MediaInfo (70)
[2023.04.04-02.17.16:369][985]LogModuleManager: Shutting down and abandoning module ExrReaderGpu (66)
[2023.04.04-02.17.16:369][985]LogModuleManager: Shutting down and abandoning module ChaosCloth (64)
[2023.04.04-02.17.16:369][985]LogModuleManager: Shutting down and abandoning module MLSDK (62)
[2023.04.04-02.17.16:369][985]LogModuleManager: Shutting down and abandoning module MagicLeap (60)
[2023.04.04-02.17.16:369][985]LogModuleManager: Shutting down and abandoning module NiagaraVertexFactories (58)
[2023.04.04-02.17.16:369][985]LogModuleManager: Shutting down and abandoning module NiagaraShader (56)
[2023.04.04-02.17.16:369][985]LogModuleManager: Shutting down and abandoning module VariantManagerContent (54)
[2023.04.04-02.17.16:369][985]LogModuleManager: Shutting down and abandoning module DatasmithContent (52)
[2023.04.04-02.17.16:369][985]LogModuleManager: Shutting down and abandoning module AISupportModule (50)
[2023.04.04-02.17.16:369][985]LogModuleManager: Shutting down and abandoning module DesktopPlatform (48)
[2023.04.04-02.17.16:369][985]LogModuleManager: Shutting down and abandoning module PythonScriptPluginPreload (46)
[2023.04.04-02.17.16:370][985]LogModuleManager: Shutting down and abandoning module PlatformCryptoOpenSSL (44)
[2023.04.04-02.17.16:370][985]LogModuleManager: Shutting down and abandoning module PlatformCryptoTypes (42)
[2023.04.04-02.17.16:370][985]LogModuleManager: Shutting down and abandoning module PlatformCrypto (40)
[2023.04.04-02.17.16:370][985]LogModuleManager: Shutting down and abandoning module OodleDataCompressionFormat (38)
[2023.04.04-02.17.16:370][985]LogModuleManager: Shutting down and abandoning module XGEController (36)
[2023.04.04-02.17.16:370][985]LogModuleManager: Shutting down and abandoning module AnimationModifiers (34)
[2023.04.04-02.17.16:370][985]LogModuleManager: Shutting down and abandoning module AudioEditor (32)
[2023.04.04-02.17.16:370][985]LogModuleManager: Shutting down and abandoning module PropertyEditor (31)
[2023.04.04-02.17.16:370][985]LogModuleManager: Shutting down and abandoning module TextureCompressor (28)
[2023.04.04-02.17.16:370][985]LogModuleManager: Shutting down and abandoning module RenderCore (26)
[2023.04.04-02.17.16:370][985]LogModuleManager: Shutting down and abandoning module Landscape (24)
[2023.04.04-02.17.16:370][985]LogModuleManager: Shutting down and abandoning module SlateRHIRenderer (22)
[2023.04.04-02.17.16:370][985]LogModuleManager: Shutting down and abandoning module AnimGraphRuntime (20)
[2023.04.04-02.17.16:370][985]LogModuleManager: Shutting down and abandoning module Renderer (18)
[2023.04.04-02.17.16:370][985]LogModuleManager: Shutting down and abandoning module Engine (16)
[2023.04.04-02.17.16:370][985]LogModuleManager: Shutting down and abandoning module CoreUObject (14)
[2023.04.04-02.17.16:370][985]LogModuleManager: Shutting down and abandoning module NetworkFile (12)
[2023.04.04-02.17.16:370][985]LogModuleManager: Shutting down and abandoning module CookedIterativeFile (10)
[2023.04.04-02.17.16:370][985]LogModuleManager: Shutting down and abandoning module StreamingFile (8)
[2023.04.04-02.17.16:370][985]LogModuleManager: Shutting down and abandoning module SandboxFile (6)
[2023.04.04-02.17.16:370][985]LogModuleManager: Shutting down and abandoning module PakFile (4)
[2023.04.04-02.17.16:370][985]LogModuleManager: Shutting down and abandoning module RSA (3)
[2023.04.04-02.17.16:372][985]LogContentStreaming: Display: There are 1 unreleased StreamingManagers
[2023.04.04-02.17.16:379][985]LogD3D11RHI: Shutdown
[2023.04.04-02.17.16:379][985]LogD3D11RHI: CleanupD3DDevice
[2023.04.04-02.17.16:380][985]LogExit: Exiting.
[2023.04.04-02.17.16:387][985]Log file closed, 04/04/23 12:17:16
