Log file open, 04/05/23 10:01:43
LogWindows: Failed to load 'aqProf.dll' (GetLastError=126)
LogWindows: File 'aqProf.dll' does not exist
LogWindows: Failed to load 'VtuneApi.dll' (GetLastError=126)
LogWindows: File 'VtuneApi.dll' does not exist
LogWindows: Failed to load 'VtuneApi32e.dll' (GetLastError=126)
LogWindows: File 'VtuneApi32e.dll' does not exist
LogConsoleResponse: Display: Failed to find resolution value strings in scalability ini. Falling back to default.
LogConsoleResponse: Display: Failed to find resolution value strings in scalability ini. Falling back to default.
LogInit: Display: Running engine for game: ProjectAlpha_Project
LogPlatformFile: Not using cached read wrapper
LogTaskGraph: Started task graph with 5 named threads and 47 total threads with 3 sets of task threads.
LogStats: Stats thread started at 0.199154
LogICUInternationalization: ICU TimeZone Detection - Raw Offset: +10:00, Platform Override: ''
LogInit: Display: Loading text-based GConfig....
LogPluginManager: Mounting plugin MeshPainting
LogPluginManager: Mounting plugin XGEController
LogPluginManager: Mounting plugin Paper2D
LogPluginManager: Mounting plugin AISupport
LogPluginManager: Mounting plugin LightPropagationVolume
LogPluginManager: Mounting plugin LiveLink
LogPluginManager: Mounting plugin EnvironmentQueryEditor
LogPluginManager: Mounting plugin CameraShakePreviewer
LogPluginManager: Mounting plugin GameplayCameras
LogPluginManager: Mounting plugin AnimationSharing
LogPluginManager: Mounting plugin CLionSourceCodeAccess
LogPluginManager: Mounting plugin CodeLiteSourceCodeAccess
LogPluginManager: Mounting plugin GitSourceControl
LogPluginManager: Mounting plugin KDevelopSourceCodeAccess
LogPluginManager: Mounting plugin NullSourceCodeAccess
LogPluginManager: Mounting plugin PixWinPlugin
LogPluginManager: Mounting plugin PluginUtils
LogPluginManager: Mounting plugin PerforceSourceControl
LogPluginManager: Mounting plugin PlasticSourceControl
LogPluginManager: Mounting plugin PropertyAccessNode
LogPluginManager: Mounting plugin AssetManagerEditor
LogPluginManager: Mounting plugin RiderSourceCodeAccess
LogPluginManager: Mounting plugin SubversionSourceControl
LogPluginManager: Mounting plugin TextureFormatOodle
LogPluginManager: Mounting plugin CryptoKeys
LogPluginManager: Mounting plugin CurveEditorTools
LogPluginManager: Mounting plugin UObjectPlugin
LogPluginManager: Mounting plugin VisualStudioCodeSourceCodeAccess
LogPluginManager: Mounting plugin VisualStudioSourceCodeAccess
LogPluginManager: Mounting plugin XCodeSourceCodeAccess
LogPluginManager: Mounting plugin DataValidation
LogPluginManager: Mounting plugin AlembicImporter
LogPluginManager: Mounting plugin FacialAnimation
LogPluginManager: Mounting plugin AutomationUtils
LogPluginManager: Mounting plugin GameplayTagsEditor
LogPluginManager: Mounting plugin GeometryMode
LogPluginManager: Mounting plugin BackChannel
LogPluginManager: Mounting plugin MacGraphicsSwitching
LogPluginManager: Mounting plugin PluginBrowser
LogPluginManager: Mounting plugin MaterialAnalyzer
LogPluginManager: Mounting plugin MobileLauncherProfileWizard
LogPluginManager: Mounting plugin SpeedTreeImporter
LogPluginManager: Mounting plugin ChaosCloth
LogPluginManager: Mounting plugin ChaosClothEditor
LogPluginManager: Mounting plugin ChaosEditor
LogPluginManager: Mounting plugin ChaosNiagara
LogPluginManager: Mounting plugin ChaosSolverPlugin
LogPluginManager: Mounting plugin CharacterAI
LogPluginManager: Mounting plugin GeometryCache
LogPluginManager: Mounting plugin GeometryProcessing
LogPluginManager: Mounting plugin GeometryCollectionPlugin
LogPluginManager: Mounting plugin MotoSynth
LogPluginManager: Mounting plugin OpenImageDenoise
LogPluginManager: Mounting plugin PlanarCut
LogPluginManager: Mounting plugin ProxyLODPlugin
LogPluginManager: Mounting plugin PlatformCrypto
LogPluginManager: Mounting plugin PythonScriptPlugin
LogPluginManager: Mounting plugin Niagara
LogPluginManager: Mounting plugin SkeletalReduction
LogPluginManager: Mounting plugin DatasmithContent
LogPluginManager: Mounting plugin LuminPlatformFeatures
LogPluginManager: Mounting plugin MagicLeap
LogPluginManager: Mounting plugin VariantManagerContent
LogPluginManager: Mounting plugin DarkerNodes
LogPluginManager: Mounting plugin MagicLeapLightEstimation
LogPluginManager: Mounting plugin MagicLeapMedia
LogPluginManager: Mounting plugin MagicLeapPassableWorld
LogPluginManager: Mounting plugin AndroidMedia
LogPluginManager: Mounting plugin MLSDK
LogPluginManager: Mounting plugin AvfMedia
LogPluginManager: Mounting plugin ImgMedia
LogPluginManager: Mounting plugin MediaCompositing
LogPluginManager: Mounting plugin MediaPlayerEditor
LogPluginManager: Mounting plugin TcpMessaging
LogPluginManager: Mounting plugin UdpMessaging
LogPluginManager: Mounting plugin ActorSequence
LogPluginManager: Mounting plugin WebMMedia
LogPluginManager: Mounting plugin WmfMedia
LogPluginManager: Mounting plugin LevelSequenceEditor
LogPluginManager: Mounting plugin TemplateSequence
LogPluginManager: Mounting plugin MatineeToLevelSequence
LogPluginManager: Mounting plugin OnlineSubsystem
LogPluginManager: Mounting plugin LauncherChunkInstaller
LogPluginManager: Mounting plugin ActorLayerUtilities
LogPluginManager: Mounting plugin OnlineSubsystemNull
LogPluginManager: Mounting plugin OnlineSubsystemUtils
LogPluginManager: Mounting plugin AndroidMoviePlayer
LogPluginManager: Mounting plugin AndroidDeviceProfileSelector
LogPluginManager: Mounting plugin AndroidPermission
LogPluginManager: Mounting plugin AppleMoviePlayer
LogPluginManager: Mounting plugin AppleImageUtils
LogPluginManager: Mounting plugin AssetTags
LogPluginManager: Mounting plugin AudioCapture
LogPluginManager: Mounting plugin ArchVisCharacter
LogPluginManager: Mounting plugin CableComponent
LogPluginManager: Mounting plugin AudioSynesthesia
LogPluginManager: Mounting plugin ChunkDownloader
LogPluginManager: Mounting plugin CustomMeshComponent
LogPluginManager: Mounting plugin EditableMesh
LogPluginManager: Mounting plugin ExampleDeviceProfileSelector
LogPluginManager: Mounting plugin GoogleCloudMessaging
LogPluginManager: Mounting plugin GooglePAD
LogPluginManager: Mounting plugin IOSDeviceProfileSelector
LogPluginManager: Mounting plugin LinuxDeviceProfileSelector
LogPluginManager: Mounting plugin LocationServicesBPLibrary
LogPluginManager: Mounting plugin MobilePatchingUtils
LogPluginManager: Mounting plugin OpenXR
LogPluginManager: Mounting plugin OpenXREyeTracker
LogPluginManager: Mounting plugin OpenXRHandTracking
LogPluginManager: Mounting plugin PhysXVehicles
LogPluginManager: Mounting plugin PostSplashScreen
LogPluginManager: Mounting plugin ProceduralMeshComponent
LogPluginManager: Mounting plugin PropertyAccessEditor
LogPluginManager: Mounting plugin RuntimePhysXCooking
LogPluginManager: Mounting plugin SignificanceManager
LogPluginManager: Mounting plugin SoundFields
LogPluginManager: Mounting plugin ScreenshotTools
LogPluginManager: Mounting plugin Synthesis
LogPluginManager: Mounting plugin WebMMoviePlayer
LogPluginManager: Mounting plugin WindowsMoviePlayer
LogPluginManager: Mounting plugin OodleData
LogPluginManager: Mounting plugin OodleNetwork
LogPluginManager: Mounting plugin Takes
LogPluginManager: Mounting plugin ContentBrowserAssetDataSource
LogPluginManager: Mounting plugin ContentBrowserClassDataSource
LogPluginManager: Mounting plugin ContentBrowserFileDataSource
LogPluginManager: Mounting plugin OnlineSubsystemGooglePlay
LogPluginManager: Mounting plugin OnlineSubsystemIOS
LogPluginManager: Mounting plugin OculusVR
LogPluginManager: Mounting plugin SteamVR
PixWinPlugin: PIX capture plugin failed to initialize! Check that the process is launched from PIX.
LogInit: Using libcurl 7.55.1-DEV
LogInit:  - built for x86_64-pc-win32
LogInit:  - supports SSL with OpenSSL/1.1.1
LogInit:  - supports HTTP deflate (compression) using libz 1.2.8
LogInit:  - other features:
LogInit:      CURL_VERSION_SSL
LogInit:      CURL_VERSION_LIBZ
LogInit:      CURL_VERSION_IPV6
LogInit:      CURL_VERSION_ASYNCHDNS
LogInit:      CURL_VERSION_LARGEFILE
LogInit:      CURL_VERSION_IDN
LogInit:  CurlRequestOptions (configurable via config and command line):
LogInit:  - bVerifyPeer = true  - Libcurl will verify peer certificate
LogInit:  - bUseHttpProxy = false  - Libcurl will NOT use HTTP proxy
LogInit:  - bDontReuseConnections = false  - Libcurl will reuse connections
LogInit:  - MaxHostConnections = 16  - Libcurl will limit the number of connections to a host
LogInit:  - LocalHostAddr = Default
LogInit:  - BufferSize = 65536
LogOnline: OSS: Creating online subsystem instance for: NULL
LogInit: WinSock: version 1.1 (2.2), MaxSocks=32767, MaxUdp=65467
LogOnline: OSS: TryLoadSubsystemAndSetDefault: Loaded subsystem for module [NULL]
LogOculusPluginWrapper: OculusPlugin initialized successfully
LogHMD: Failed initializing OVRPlugin 1.59.0
LogInit: Build: ++UE4+Release-4.27-CL-18319896
LogInit: Engine Version: 4.27.2-18319896+++UE4+Release-4.27
LogInit: Compatible Engine Version: 4.27.0-17155196+++UE4+Release-4.27
LogInit: Net CL: 17155196
LogInit: OS: Windows 10 (Release 2009) (), CPU: AMD Ryzen 7 3700X 8-Core Processor             , GPU: NVIDIA GeForce RTX 3070
LogInit: Compiled (64-bit): Nov 30 2021 07:12:08
LogInit: Compiled with Visual C++: 19.24.28315.00
LogInit: Build Configuration: Development
LogInit: Branch Name: ++UE4+Release-4.27
LogInit: Command Line:  -EpicPortal -epicusername=egonfegonpo -epicuserid=bd7632260d44487e9d8912784a96f289 -epiclocale=en -epicsandboxid=ue
LogInit: Base Directory: D:/Unreal/UE_4.27/Engine/Binaries/Win64/
LogInit: Allocator: TBB
LogInit: Installed Engine Build: 1
LogDevObjectVersion: Number of dev versions registered: 29
LogDevObjectVersion:   Dev-Blueprints (B0D832E4-1F89-4F0D-ACCF-7EB736FD4AA2): 10
LogDevObjectVersion:   Dev-Build (E1C64328-A22C-4D53-A36C-8E866417BD8C): 0
LogDevObjectVersion:   Dev-Core (375EC13C-06E4-48FB-B500-84F0262A717E): 4
LogDevObjectVersion:   Dev-Editor (E4B068ED-F494-42E9-A231-DA0B2E46BB41): 40
LogDevObjectVersion:   Dev-Framework (CFFC743F-43B0-4480-9391-14DF171D2073): 37
LogDevObjectVersion:   Dev-Mobile (B02B49B5-BB20-44E9-A304-32B752E40360): 3
LogDevObjectVersion:   Dev-Networking (A4E4105C-59A1-49B5-A7C5-40C4547EDFEE): 0
LogDevObjectVersion:   Dev-Online (39C831C9-5AE6-47DC-9A44-9C173E1C8E7C): 0
LogDevObjectVersion:   Dev-Physics (78F01B33-EBEA-4F98-B9B4-84EACCB95AA2): 14
LogDevObjectVersion:   Dev-Platform (6631380F-2D4D-43E0-8009-CF276956A95A): 0
LogDevObjectVersion:   Dev-Rendering (12F88B9F-8875-4AFC-A67C-D90C383ABD29): 45
LogDevObjectVersion:   Dev-Sequencer (7B5AE74C-D270-4C10-A958-57980B212A5A): 13
LogDevObjectVersion:   Dev-VR (D7296918-1DD6-4BDD-9DE2-64A83CC13884): 3
LogDevObjectVersion:   Dev-LoadTimes (C2A15278-BFE7-4AFE-6C17-90FF531DF755): 1
LogDevObjectVersion:   Private-Geometry (6EACA3D4-40EC-4CC1-B786-8BED09428FC5): 3
LogDevObjectVersion:   Dev-AnimPhys (29E575DD-E0A3-4627-9D10-D276232CDCEA): 17
LogDevObjectVersion:   Dev-Anim (AF43A65D-7FD3-4947-9873-3E8ED9C1BB05): 15
LogDevObjectVersion:   Dev-ReflectionCapture (6B266CEC-1EC7-4B8F-A30B-E4D90942FC07): 1
LogDevObjectVersion:   Dev-Automation (0DF73D61-A23F-47EA-B727-89E90C41499A): 1
LogDevObjectVersion:   FortniteMain (601D1886-AC64-4F84-AA16-D3DE0DEAC7D6): 47
LogDevObjectVersion:   FortniteRelease (E7086368-6B23-4C58-8439-1B7016265E91): 1
LogDevObjectVersion:   Dev-Enterprise (9DFFBCD6-494F-0158-E221-12823C92A888): 10
LogDevObjectVersion:   Dev-Niagara (F2AED0AC-9AFE-416F-8664-AA7FFA26D6FC): 1
LogDevObjectVersion:   Dev-Destruction (174F1F0B-B4C6-45A5-B13F-2EE8D0FB917D): 10
LogDevObjectVersion:   Dev-Physics-Ext (35F94A83-E258-406C-A318-09F59610247C): 41
LogDevObjectVersion:   Dev-PhysicsMaterial-Chaos (B68FC16E-8B1B-42E2-B453-215C058844FE): 1
LogDevObjectVersion:   Dev-CineCamera (B2E18506-4273-CFC2-A54E-F4BB758BBA07): 1
LogDevObjectVersion:   Dev-VirtualProduction (64F58936-FD1B-42BA-BA96-7289D5D0FA4E): 1
LogDevObjectVersion:   Dev-MediaFramework (6F0ED827-A609-4895-9C91-998D90180EA4): 2
LogInit: Presizing for max 25165824 objects, including 0 objects not considered by GC, pre-allocating 0 bytes for permanent pool.
LogConfig: Applying CVar settings from Section [/Script/Engine.StreamingSettings] File [D:/Unreal/ProjectAlpha/ProjectAlpha_Project 4.27/Saved/Config/Windows/Engine.ini]
LogConfig: Setting CVar [[s.MinBulkDataSizeForAsyncLoading:131072]]
LogConfig: Setting CVar [[s.AsyncLoadingThreadEnabled:0]]
LogConfig: Setting CVar [[s.EventDrivenLoaderEnabled:1]]
LogConfig: Setting CVar [[s.WarnIfTimeLimitExceeded:0]]
LogConfig: Setting CVar [[s.TimeLimitExceededMultiplier:1.5]]
LogConfig: Setting CVar [[s.TimeLimitExceededMinTime:0.005]]
LogConfig: Setting CVar [[s.UseBackgroundLevelStreaming:1]]
LogConfig: Setting CVar [[s.PriorityAsyncLoadingExtraTime:15.0]]
LogConfig: Setting CVar [[s.LevelStreamingActorsUpdateTimeLimit:5.0]]
LogConfig: Setting CVar [[s.PriorityLevelStreamingActorsUpdateExtraTime:5.0]]
LogConfig: Setting CVar [[s.LevelStreamingComponentsRegistrationGranularity:10]]
LogConfig: Setting CVar [[s.UnregisterComponentsTimeLimit:1.0]]
LogConfig: Setting CVar [[s.LevelStreamingComponentsUnregistrationGranularity:5]]
LogConfig: Setting CVar [[s.FlushStreamingOnExit:1]]
LogInit: Object subsystem initialized
LogConfig: Setting CVar [[con.DebugEarlyDefault:1]]
LogConfig: Setting CVar [[r.setres:1280x720]]
[2023.04.05-00.01.44:547][  0]LogConfig: Setting CVar [[r.VSync:0]]
[2023.04.05-00.01.44:547][  0]LogConfig: Setting CVar [[r.RHICmdBypass:0]]
[2023.04.05-00.01.44:547][  0]LogConfig: Applying CVar settings from Section [/Script/Engine.RendererSettings] File [D:/Unreal/ProjectAlpha/ProjectAlpha_Project 4.27/Saved/Config/Windows/Engine.ini]
[2023.04.05-00.01.44:547][  0]LogConfig: Setting CVar [[r.GPUCrashDebugging:0]]
[2023.04.05-00.01.44:547][  0]LogConfig: Applying CVar settings from Section [/Script/Engine.RendererOverrideSettings] File [D:/Unreal/ProjectAlpha/ProjectAlpha_Project 4.27/Saved/Config/Windows/Engine.ini]
[2023.04.05-00.01.44:547][  0]LogConfig: Applying CVar settings from Section [/Script/Engine.StreamingSettings] File [D:/Unreal/ProjectAlpha/ProjectAlpha_Project 4.27/Saved/Config/Windows/Engine.ini]
[2023.04.05-00.01.44:547][  0]LogConfig: Setting CVar [[s.MinBulkDataSizeForAsyncLoading:131072]]
[2023.04.05-00.01.44:547][  0]LogConfig: Setting CVar [[s.AsyncLoadingThreadEnabled:0]]
[2023.04.05-00.01.44:547][  0]LogConfig: Setting CVar [[s.EventDrivenLoaderEnabled:1]]
[2023.04.05-00.01.44:547][  0]LogConfig: Setting CVar [[s.WarnIfTimeLimitExceeded:0]]
[2023.04.05-00.01.44:547][  0]LogConfig: Setting CVar [[s.TimeLimitExceededMultiplier:1.5]]
[2023.04.05-00.01.44:547][  0]LogConfig: Setting CVar [[s.TimeLimitExceededMinTime:0.005]]
[2023.04.05-00.01.44:547][  0]LogConfig: Setting CVar [[s.UseBackgroundLevelStreaming:1]]
[2023.04.05-00.01.44:547][  0]LogConfig: Setting CVar [[s.PriorityAsyncLoadingExtraTime:15.0]]
[2023.04.05-00.01.44:547][  0]LogConfig: Setting CVar [[s.LevelStreamingActorsUpdateTimeLimit:5.0]]
[2023.04.05-00.01.44:547][  0]LogConfig: Setting CVar [[s.PriorityLevelStreamingActorsUpdateExtraTime:5.0]]
[2023.04.05-00.01.44:547][  0]LogConfig: Setting CVar [[s.LevelStreamingComponentsRegistrationGranularity:10]]
[2023.04.05-00.01.44:547][  0]LogConfig: Setting CVar [[s.UnregisterComponentsTimeLimit:1.0]]
[2023.04.05-00.01.44:547][  0]LogConfig: Setting CVar [[s.LevelStreamingComponentsUnregistrationGranularity:5]]
[2023.04.05-00.01.44:547][  0]LogConfig: Setting CVar [[s.FlushStreamingOnExit:1]]
[2023.04.05-00.01.44:547][  0]LogConfig: Applying CVar settings from Section [/Script/Engine.GarbageCollectionSettings] File [D:/Unreal/ProjectAlpha/ProjectAlpha_Project 4.27/Saved/Config/Windows/Engine.ini]
[2023.04.05-00.01.44:547][  0]LogConfig: Setting CVar [[gc.MaxObjectsNotConsideredByGC:1]]
[2023.04.05-00.01.44:547][  0]LogConfig: Setting CVar [[gc.SizeOfPermanentObjectPool:0]]
[2023.04.05-00.01.44:547][  0]LogConfig: Setting CVar [[gc.FlushStreamingOnGC:0]]
[2023.04.05-00.01.44:547][  0]LogConfig: Setting CVar [[gc.NumRetriesBeforeForcingGC:10]]
[2023.04.05-00.01.44:547][  0]LogConfig: Setting CVar [[gc.AllowParallelGC:1]]
[2023.04.05-00.01.44:547][  0]LogConfig: Setting CVar [[gc.TimeBetweenPurgingPendingKillObjects:61.1]]
[2023.04.05-00.01.44:547][  0]LogConfig: Setting CVar [[gc.MaxObjectsInEditor:25165824]]
[2023.04.05-00.01.44:547][  0]LogConfig: Setting CVar [[gc.IncrementalBeginDestroyEnabled:1]]
[2023.04.05-00.01.44:547][  0]LogConfig: Setting CVar [[gc.CreateGCClusters:1]]
[2023.04.05-00.01.44:547][  0]LogConfig: Setting CVar [[gc.MinGCClusterSize:5]]
[2023.04.05-00.01.44:547][  0]LogConfig: Setting CVar [[gc.ActorClusteringEnabled:0]]
[2023.04.05-00.01.44:547][  0]LogConfig: Setting CVar [[gc.BlueprintClusteringEnabled:0]]
[2023.04.05-00.01.44:547][  0]LogConfig: Setting CVar [[gc.UseDisregardForGCOnDedicatedServers:0]]
[2023.04.05-00.01.44:547][  0]LogConfig: Setting CVar [[gc.MultithreadedDestructionEnabled:1]]
[2023.04.05-00.01.44:547][  0]LogConfig: Applying CVar settings from Section [/Script/Engine.NetworkSettings] File [D:/Unreal/ProjectAlpha/ProjectAlpha_Project 4.27/Saved/Config/Windows/Engine.ini]
[2023.04.05-00.01.44:547][  0]LogConfig: Applying CVar settings from Section [/Script/UnrealEd.CookerSettings] File [D:/Unreal/ProjectAlpha/ProjectAlpha_Project 4.27/Saved/Config/Windows/Engine.ini]
[2023.04.05-00.01.44:559][  0]LogConfig: Applying CVar settings from Section [ViewDistanceQuality@3] File [D:/Unreal/ProjectAlpha/ProjectAlpha_Project 4.27/Saved/Config/Windows/Scalability.ini]
[2023.04.05-00.01.44:559][  0]LogConfig: Setting CVar [[r.SkeletalMeshLODBias:0]]
[2023.04.05-00.01.44:559][  0]LogConfig: Setting CVar [[r.ViewDistanceScale:1.0]]
[2023.04.05-00.01.44:559][  0]LogConfig: Applying CVar settings from Section [AntiAliasingQuality@3] File [D:/Unreal/ProjectAlpha/ProjectAlpha_Project 4.27/Saved/Config/Windows/Scalability.ini]
[2023.04.05-00.01.44:559][  0]LogConfig: Setting CVar [[r.PostProcessAAQuality:4]]
[2023.04.05-00.01.44:559][  0]LogConfig: Applying CVar settings from Section [ShadowQuality@3] File [D:/Unreal/ProjectAlpha/ProjectAlpha_Project 4.27/Saved/Config/Windows/Scalability.ini]
[2023.04.05-00.01.44:559][  0]LogConfig: Setting CVar [[r.LightFunctionQuality:1]]
[2023.04.05-00.01.44:559][  0]LogConfig: Setting CVar [[r.ShadowQuality:5]]
[2023.04.05-00.01.44:559][  0]LogConfig: Setting CVar [[r.Shadow.CSM.MaxCascades:10]]
[2023.04.05-00.01.44:559][  0]LogConfig: Setting CVar [[r.Shadow.MaxResolution:2048]]
[2023.04.05-00.01.44:559][  0]LogConfig: Setting CVar [[r.Shadow.MaxCSMResolution:2048]]
[2023.04.05-00.01.44:559][  0]LogConfig: Setting CVar [[r.Shadow.RadiusThreshold:0.01]]
[2023.04.05-00.01.44:559][  0]LogConfig: Setting CVar [[r.Shadow.DistanceScale:1.0]]
[2023.04.05-00.01.44:559][  0]LogConfig: Setting CVar [[r.Shadow.CSM.TransitionScale:1.0]]
[2023.04.05-00.01.44:559][  0]LogConfig: Setting CVar [[r.Shadow.PreShadowResolutionFactor:1.0]]
[2023.04.05-00.01.44:559][  0]LogConfig: Setting CVar [[r.DistanceFieldShadowing:1]]
[2023.04.05-00.01.44:559][  0]LogConfig: Setting CVar [[r.DistanceFieldAO:1]]
[2023.04.05-00.01.44:559][  0]LogConfig: Setting CVar [[r.AOQuality:2]]
[2023.04.05-00.01.44:559][  0]LogConfig: Setting CVar [[r.VolumetricFog:1]]
[2023.04.05-00.01.44:559][  0]LogConfig: Setting CVar [[r.VolumetricFog.GridPixelSize:8]]
[2023.04.05-00.01.44:559][  0]LogConfig: Setting CVar [[r.VolumetricFog.GridSizeZ:128]]
[2023.04.05-00.01.44:559][  0]LogConfig: Setting CVar [[r.VolumetricFog.HistoryMissSupersampleCount:4]]
[2023.04.05-00.01.44:559][  0]LogConfig: Setting CVar [[r.LightMaxDrawDistanceScale:1]]
[2023.04.05-00.01.44:559][  0]LogConfig: Setting CVar [[r.CapsuleShadows:1]]
[2023.04.05-00.01.44:559][  0]LogConfig: Applying CVar settings from Section [PostProcessQuality@3] File [D:/Unreal/ProjectAlpha/ProjectAlpha_Project 4.27/Saved/Config/Windows/Scalability.ini]
[2023.04.05-00.01.44:559][  0]LogConfig: Setting CVar [[r.MotionBlurQuality:4]]
[2023.04.05-00.01.44:559][  0]LogConfig: Setting CVar [[r.AmbientOcclusionMipLevelFactor:0.4]]
[2023.04.05-00.01.44:559][  0]LogConfig: Setting CVar [[r.AmbientOcclusionMaxQuality:100]]
[2023.04.05-00.01.44:559][  0]LogConfig: Setting CVar [[r.AmbientOcclusionLevels:-1]]
[2023.04.05-00.01.44:559][  0]LogConfig: Setting CVar [[r.AmbientOcclusionRadiusScale:1.0]]
[2023.04.05-00.01.44:559][  0]LogConfig: Setting CVar [[r.DepthOfFieldQuality:2]]
[2023.04.05-00.01.44:559][  0]LogConfig: Setting CVar [[r.RenderTargetPoolMin:400]]
[2023.04.05-00.01.44:559][  0]LogConfig: Setting CVar [[r.LensFlareQuality:2]]
[2023.04.05-00.01.44:559][  0]LogConfig: Setting CVar [[r.SceneColorFringeQuality:1]]
[2023.04.05-00.01.44:559][  0]LogConfig: Setting CVar [[r.EyeAdaptationQuality:2]]
[2023.04.05-00.01.44:559][  0]LogConfig: Setting CVar [[r.BloomQuality:5]]
[2023.04.05-00.01.44:559][  0]LogConfig: Setting CVar [[r.FastBlurThreshold:100]]
[2023.04.05-00.01.44:559][  0]LogConfig: Setting CVar [[r.Upscale.Quality:3]]
[2023.04.05-00.01.44:559][  0]LogConfig: Setting CVar [[r.Tonemapper.GrainQuantization:1]]
[2023.04.05-00.01.44:559][  0]LogConfig: Setting CVar [[r.LightShaftQuality:1]]
[2023.04.05-00.01.44:559][  0]LogConfig: Setting CVar [[r.Filter.SizeScale:1]]
[2023.04.05-00.01.44:559][  0]LogConfig: Setting CVar [[r.Tonemapper.Quality:5]]
[2023.04.05-00.01.44:559][  0]LogConfig: Setting CVar [[r.DOF.Gather.AccumulatorQuality:1        ; higher gathering accumulator quality]]
[2023.04.05-00.01.44:559][  0]LogConfig: Setting CVar [[r.DOF.Gather.PostfilterMethod:1          ; Median3x3 postfilering method]]
[2023.04.05-00.01.44:559][  0]LogConfig: Setting CVar [[r.DOF.Gather.EnableBokehSettings:0       ; no bokeh simulation when gathering]]
[2023.04.05-00.01.44:559][  0]LogConfig: Setting CVar [[r.DOF.Gather.RingCount:4                 ; medium number of samples when gathering]]
[2023.04.05-00.01.44:559][  0]LogConfig: Setting CVar [[r.DOF.Scatter.ForegroundCompositing:1    ; additive foreground scattering]]
[2023.04.05-00.01.44:559][  0]LogConfig: Setting CVar [[r.DOF.Scatter.BackgroundCompositing:2    ; additive background scattering]]
[2023.04.05-00.01.44:559][  0]LogConfig: Setting CVar [[r.DOF.Scatter.EnableBokehSettings:1      ; bokeh simulation when scattering]]
[2023.04.05-00.01.44:559][  0]LogConfig: Setting CVar [[r.DOF.Scatter.MaxSpriteRatio:0.1         ; only a maximum of 10% of scattered bokeh]]
[2023.04.05-00.01.44:559][  0]LogConfig: Setting CVar [[r.DOF.Recombine.Quality:1                ; cheap slight out of focus]]
[2023.04.05-00.01.44:559][  0]LogConfig: Setting CVar [[r.DOF.Recombine.EnableBokehSettings:0    ; no bokeh simulation on slight out of focus]]
[2023.04.05-00.01.44:559][  0]LogConfig: Setting CVar [[r.DOF.TemporalAAQuality:1                ; more stable temporal accumulation]]
[2023.04.05-00.01.44:559][  0]LogConfig: Setting CVar [[r.DOF.Kernel.MaxForegroundRadius:0.025]]
[2023.04.05-00.01.44:559][  0]LogConfig: Setting CVar [[r.DOF.Kernel.MaxBackgroundRadius:0.025]]
[2023.04.05-00.01.44:559][  0]LogConfig: Applying CVar settings from Section [TextureQuality@3] File [D:/Unreal/ProjectAlpha/ProjectAlpha_Project 4.27/Saved/Config/Windows/Scalability.ini]
[2023.04.05-00.01.44:559][  0]LogConfig: Setting CVar [[r.Streaming.MipBias:0]]
[2023.04.05-00.01.44:559][  0]LogConfig: Setting CVar [[r.Streaming.AmortizeCPUToGPUCopy:0]]
[2023.04.05-00.01.44:559][  0]LogConfig: Setting CVar [[r.Streaming.MaxNumTexturesToStreamPerFrame:0]]
[2023.04.05-00.01.44:559][  0]LogConfig: Setting CVar [[r.Streaming.Boost:1]]
[2023.04.05-00.01.44:559][  0]LogConfig: Setting CVar [[r.MaxAnisotropy:8]]
[2023.04.05-00.01.44:559][  0]LogConfig: Setting CVar [[r.VT.MaxAnisotropy:8]]
[2023.04.05-00.01.44:559][  0]LogConfig: Setting CVar [[r.Streaming.LimitPoolSizeToVRAM:0]]
[2023.04.05-00.01.44:559][  0]LogConfig: Setting CVar [[r.Streaming.PoolSize:1000]]
[2023.04.05-00.01.44:559][  0]LogConfig: Setting CVar [[r.Streaming.MaxEffectiveScreenSize:0]]
[2023.04.05-00.01.44:559][  0]LogConfig: Applying CVar settings from Section [EffectsQuality@3] File [D:/Unreal/ProjectAlpha/ProjectAlpha_Project 4.27/Saved/Config/Windows/Scalability.ini]
[2023.04.05-00.01.44:559][  0]LogConfig: Setting CVar [[r.TranslucencyLightingVolumeDim:64]]
[2023.04.05-00.01.44:559][  0]LogConfig: Setting CVar [[r.RefractionQuality:2]]
[2023.04.05-00.01.44:559][  0]LogConfig: Setting CVar [[r.SSR.Quality:3]]
[2023.04.05-00.01.44:559][  0]LogConfig: Setting CVar [[r.SSR.HalfResSceneColor:0]]
[2023.04.05-00.01.44:559][  0]LogConfig: Setting CVar [[r.SceneColorFormat:4]]
[2023.04.05-00.01.44:559][  0]LogConfig: Setting CVar [[r.DetailMode:2]]
[2023.04.05-00.01.44:559][  0]LogConfig: Setting CVar [[r.TranslucencyVolumeBlur:1]]
[2023.04.05-00.01.44:559][  0]LogConfig: Setting CVar [[r.MaterialQualityLevel:1 ; High quality]]
[2023.04.05-00.01.44:559][  0]LogConfig: Setting CVar [[r.AnisotropicMaterials:1]]
[2023.04.05-00.01.44:559][  0]LogConfig: Setting CVar [[r.SSS.Scale:1]]
[2023.04.05-00.01.44:559][  0]LogConfig: Setting CVar [[r.SSS.SampleSet:2]]
[2023.04.05-00.01.44:559][  0]LogConfig: Setting CVar [[r.SSS.Quality:1]]
[2023.04.05-00.01.44:559][  0]LogConfig: Setting CVar [[r.SSS.HalfRes:0]]
[2023.04.05-00.01.44:559][  0]LogConfig: Setting CVar [[r.SSGI.Quality:3]]
[2023.04.05-00.01.44:559][  0]LogConfig: Setting CVar [[r.EmitterSpawnRateScale:1.0]]
[2023.04.05-00.01.44:559][  0]LogConfig: Setting CVar [[r.ParticleLightQuality:2]]
[2023.04.05-00.01.44:559][  0]LogConfig: Setting CVar [[r.SkyAtmosphere.AerialPerspectiveLUT.FastApplyOnOpaque:1 ; Always have FastSkyLUT 1 in this case to avoid wrong sky]]
[2023.04.05-00.01.44:559][  0]LogConfig: Setting CVar [[r.SkyAtmosphere.AerialPerspectiveLUT.SampleCountMaxPerSlice:4]]
[2023.04.05-00.01.44:559][  0]LogConfig: Setting CVar [[r.SkyAtmosphere.AerialPerspectiveLUT.DepthResolution:16.0]]
[2023.04.05-00.01.44:559][  0]LogConfig: Setting CVar [[r.SkyAtmosphere.FastSkyLUT:1]]
[2023.04.05-00.01.44:559][  0]LogConfig: Setting CVar [[r.SkyAtmosphere.FastSkyLUT.SampleCountMin:4.0]]
[2023.04.05-00.01.44:559][  0]LogConfig: Setting CVar [[r.SkyAtmosphere.FastSkyLUT.SampleCountMax:128.0]]
[2023.04.05-00.01.44:559][  0]LogConfig: Setting CVar [[r.SkyAtmosphere.SampleCountMin:4.0]]
[2023.04.05-00.01.44:559][  0]LogConfig: Setting CVar [[r.SkyAtmosphere.SampleCountMax:128.0]]
[2023.04.05-00.01.44:559][  0]LogConfig: Setting CVar [[r.SkyAtmosphere.TransmittanceLUT.UseSmallFormat:0]]
[2023.04.05-00.01.44:559][  0]LogConfig: Setting CVar [[r.SkyAtmosphere.TransmittanceLUT.SampleCount:10.0]]
[2023.04.05-00.01.44:559][  0]LogConfig: Setting CVar [[r.SkyAtmosphere.MultiScatteringLUT.SampleCount:15.0]]
[2023.04.05-00.01.44:559][  0]LogConfig: Setting CVar [[r.SkyLight.RealTimeReflectionCapture:1]]
[2023.04.05-00.01.44:559][  0]LogConfig: Applying CVar settings from Section [FoliageQuality@3] File [D:/Unreal/ProjectAlpha/ProjectAlpha_Project 4.27/Saved/Config/Windows/Scalability.ini]
[2023.04.05-00.01.44:559][  0]LogConfig: Setting CVar [[foliage.DensityScale:1.0]]
[2023.04.05-00.01.44:559][  0]LogConfig: Setting CVar [[grass.DensityScale:1.0]]
[2023.04.05-00.01.44:559][  0]LogConfig: Applying CVar settings from Section [ShadingQuality@3] File [D:/Unreal/ProjectAlpha/ProjectAlpha_Project 4.27/Saved/Config/Windows/Scalability.ini]
[2023.04.05-00.01.44:559][  0]LogConfig: Setting CVar [[r.HairStrands.SkyLighting.IntegrationType:2]]
[2023.04.05-00.01.44:559][  0]LogConfig: Setting CVar [[r.HairStrands.SkyAO.SampleCount:4]]
[2023.04.05-00.01.44:559][  0]LogConfig: Setting CVar [[r.HairStrands.Visibility.MSAA.SamplePerPixel:4]]
[2023.04.05-00.01.44:559][  0]LogInit: Selected Device Profile: [Windows]
[2023.04.05-00.01.44:559][  0]LogInit: Applying CVar settings loaded from the selected device profile: [Windows]
[2023.04.05-00.01.44:560][  0]LogHAL: Display: Platform has ~ 32 GB [34270818304 / 34359738368 / 32], which maps to Largest [LargestMinGB=32, LargerMinGB=12, DefaultMinGB=8, SmallerMinGB=6, SmallestMinGB=0)
[2023.04.05-00.01.44:560][  0]LogInit: Going up to parent DeviceProfile []
[2023.04.05-00.01.44:560][  0]LogConfig: Applying CVar settings from Section [ViewDistanceQuality@3] File [D:/Unreal/ProjectAlpha/ProjectAlpha_Project 4.27/Saved/Config/Windows/Scalability.ini]
[2023.04.05-00.01.44:560][  0]LogConfig: Setting CVar [[r.SkeletalMeshLODBias:0]]
[2023.04.05-00.01.44:560][  0]LogConfig: Setting CVar [[r.ViewDistanceScale:1.0]]
[2023.04.05-00.01.44:560][  0]LogConfig: Applying CVar settings from Section [AntiAliasingQuality@3] File [D:/Unreal/ProjectAlpha/ProjectAlpha_Project 4.27/Saved/Config/Windows/Scalability.ini]
[2023.04.05-00.01.44:560][  0]LogConfig: Setting CVar [[r.PostProcessAAQuality:4]]
[2023.04.05-00.01.44:560][  0]LogConfig: Applying CVar settings from Section [ShadowQuality@3] File [D:/Unreal/ProjectAlpha/ProjectAlpha_Project 4.27/Saved/Config/Windows/Scalability.ini]
[2023.04.05-00.01.44:560][  0]LogConfig: Setting CVar [[r.LightFunctionQuality:1]]
[2023.04.05-00.01.44:560][  0]LogConfig: Setting CVar [[r.ShadowQuality:5]]
[2023.04.05-00.01.44:560][  0]LogConfig: Setting CVar [[r.Shadow.CSM.MaxCascades:10]]
[2023.04.05-00.01.44:560][  0]LogConfig: Setting CVar [[r.Shadow.MaxResolution:2048]]
[2023.04.05-00.01.44:560][  0]LogConfig: Setting CVar [[r.Shadow.MaxCSMResolution:2048]]
[2023.04.05-00.01.44:560][  0]LogConfig: Setting CVar [[r.Shadow.RadiusThreshold:0.01]]
[2023.04.05-00.01.44:560][  0]LogConfig: Setting CVar [[r.Shadow.DistanceScale:1.0]]
[2023.04.05-00.01.44:560][  0]LogConfig: Setting CVar [[r.Shadow.CSM.TransitionScale:1.0]]
[2023.04.05-00.01.44:560][  0]LogConfig: Setting CVar [[r.Shadow.PreShadowResolutionFactor:1.0]]
[2023.04.05-00.01.44:560][  0]LogConfig: Setting CVar [[r.DistanceFieldShadowing:1]]
[2023.04.05-00.01.44:560][  0]LogConfig: Setting CVar [[r.DistanceFieldAO:1]]
[2023.04.05-00.01.44:560][  0]LogConfig: Setting CVar [[r.AOQuality:2]]
[2023.04.05-00.01.44:560][  0]LogConfig: Setting CVar [[r.VolumetricFog:1]]
[2023.04.05-00.01.44:560][  0]LogConfig: Setting CVar [[r.VolumetricFog.GridPixelSize:8]]
[2023.04.05-00.01.44:560][  0]LogConfig: Setting CVar [[r.VolumetricFog.GridSizeZ:128]]
[2023.04.05-00.01.44:560][  0]LogConfig: Setting CVar [[r.VolumetricFog.HistoryMissSupersampleCount:4]]
[2023.04.05-00.01.44:560][  0]LogConfig: Setting CVar [[r.LightMaxDrawDistanceScale:1]]
[2023.04.05-00.01.44:560][  0]LogConfig: Setting CVar [[r.CapsuleShadows:1]]
[2023.04.05-00.01.44:560][  0]LogConfig: Applying CVar settings from Section [PostProcessQuality@3] File [D:/Unreal/ProjectAlpha/ProjectAlpha_Project 4.27/Saved/Config/Windows/Scalability.ini]
[2023.04.05-00.01.44:560][  0]LogConfig: Setting CVar [[r.MotionBlurQuality:4]]
[2023.04.05-00.01.44:560][  0]LogConfig: Setting CVar [[r.AmbientOcclusionMipLevelFactor:0.4]]
[2023.04.05-00.01.44:560][  0]LogConfig: Setting CVar [[r.AmbientOcclusionMaxQuality:100]]
[2023.04.05-00.01.44:560][  0]LogConfig: Setting CVar [[r.AmbientOcclusionLevels:-1]]
[2023.04.05-00.01.44:560][  0]LogConfig: Setting CVar [[r.AmbientOcclusionRadiusScale:1.0]]
[2023.04.05-00.01.44:560][  0]LogConfig: Setting CVar [[r.DepthOfFieldQuality:2]]
[2023.04.05-00.01.44:560][  0]LogConfig: Setting CVar [[r.RenderTargetPoolMin:400]]
[2023.04.05-00.01.44:560][  0]LogConfig: Setting CVar [[r.LensFlareQuality:2]]
[2023.04.05-00.01.44:560][  0]LogConfig: Setting CVar [[r.SceneColorFringeQuality:1]]
[2023.04.05-00.01.44:560][  0]LogConfig: Setting CVar [[r.EyeAdaptationQuality:2]]
[2023.04.05-00.01.44:560][  0]LogConfig: Setting CVar [[r.BloomQuality:5]]
[2023.04.05-00.01.44:560][  0]LogConfig: Setting CVar [[r.FastBlurThreshold:100]]
[2023.04.05-00.01.44:560][  0]LogConfig: Setting CVar [[r.Upscale.Quality:3]]
[2023.04.05-00.01.44:560][  0]LogConfig: Setting CVar [[r.Tonemapper.GrainQuantization:1]]
[2023.04.05-00.01.44:560][  0]LogConfig: Setting CVar [[r.LightShaftQuality:1]]
[2023.04.05-00.01.44:560][  0]LogConfig: Setting CVar [[r.Filter.SizeScale:1]]
[2023.04.05-00.01.44:560][  0]LogConfig: Setting CVar [[r.Tonemapper.Quality:5]]
[2023.04.05-00.01.44:560][  0]LogConfig: Setting CVar [[r.DOF.Gather.AccumulatorQuality:1        ; higher gathering accumulator quality]]
[2023.04.05-00.01.44:560][  0]LogConfig: Setting CVar [[r.DOF.Gather.PostfilterMethod:1          ; Median3x3 postfilering method]]
[2023.04.05-00.01.44:560][  0]LogConfig: Setting CVar [[r.DOF.Gather.EnableBokehSettings:0       ; no bokeh simulation when gathering]]
[2023.04.05-00.01.44:560][  0]LogConfig: Setting CVar [[r.DOF.Gather.RingCount:4                 ; medium number of samples when gathering]]
[2023.04.05-00.01.44:560][  0]LogConfig: Setting CVar [[r.DOF.Scatter.ForegroundCompositing:1    ; additive foreground scattering]]
[2023.04.05-00.01.44:560][  0]LogConfig: Setting CVar [[r.DOF.Scatter.BackgroundCompositing:2    ; additive background scattering]]
[2023.04.05-00.01.44:560][  0]LogConfig: Setting CVar [[r.DOF.Scatter.EnableBokehSettings:1      ; bokeh simulation when scattering]]
[2023.04.05-00.01.44:560][  0]LogConfig: Setting CVar [[r.DOF.Scatter.MaxSpriteRatio:0.1         ; only a maximum of 10% of scattered bokeh]]
[2023.04.05-00.01.44:560][  0]LogConfig: Setting CVar [[r.DOF.Recombine.Quality:1                ; cheap slight out of focus]]
[2023.04.05-00.01.44:560][  0]LogConfig: Setting CVar [[r.DOF.Recombine.EnableBokehSettings:0    ; no bokeh simulation on slight out of focus]]
[2023.04.05-00.01.44:560][  0]LogConfig: Setting CVar [[r.DOF.TemporalAAQuality:1                ; more stable temporal accumulation]]
[2023.04.05-00.01.44:560][  0]LogConfig: Setting CVar [[r.DOF.Kernel.MaxForegroundRadius:0.025]]
[2023.04.05-00.01.44:560][  0]LogConfig: Setting CVar [[r.DOF.Kernel.MaxBackgroundRadius:0.025]]
[2023.04.05-00.01.44:560][  0]LogConfig: Applying CVar settings from Section [TextureQuality@3] File [D:/Unreal/ProjectAlpha/ProjectAlpha_Project 4.27/Saved/Config/Windows/Scalability.ini]
[2023.04.05-00.01.44:560][  0]LogConfig: Setting CVar [[r.Streaming.MipBias:0]]
[2023.04.05-00.01.44:560][  0]LogConfig: Setting CVar [[r.Streaming.AmortizeCPUToGPUCopy:0]]
[2023.04.05-00.01.44:560][  0]LogConfig: Setting CVar [[r.Streaming.MaxNumTexturesToStreamPerFrame:0]]
[2023.04.05-00.01.44:560][  0]LogConfig: Setting CVar [[r.Streaming.Boost:1]]
[2023.04.05-00.01.44:560][  0]LogConfig: Setting CVar [[r.MaxAnisotropy:8]]
[2023.04.05-00.01.44:560][  0]LogConfig: Setting CVar [[r.VT.MaxAnisotropy:8]]
[2023.04.05-00.01.44:560][  0]LogConfig: Setting CVar [[r.Streaming.LimitPoolSizeToVRAM:0]]
[2023.04.05-00.01.44:560][  0]LogConfig: Setting CVar [[r.Streaming.PoolSize:1000]]
[2023.04.05-00.01.44:560][  0]LogConfig: Setting CVar [[r.Streaming.MaxEffectiveScreenSize:0]]
[2023.04.05-00.01.44:560][  0]LogConfig: Applying CVar settings from Section [EffectsQuality@3] File [D:/Unreal/ProjectAlpha/ProjectAlpha_Project 4.27/Saved/Config/Windows/Scalability.ini]
[2023.04.05-00.01.44:560][  0]LogConfig: Setting CVar [[r.TranslucencyLightingVolumeDim:64]]
[2023.04.05-00.01.44:560][  0]LogConfig: Setting CVar [[r.RefractionQuality:2]]
[2023.04.05-00.01.44:560][  0]LogConfig: Setting CVar [[r.SSR.Quality:3]]
[2023.04.05-00.01.44:560][  0]LogConfig: Setting CVar [[r.SSR.HalfResSceneColor:0]]
[2023.04.05-00.01.44:560][  0]LogConfig: Setting CVar [[r.SceneColorFormat:4]]
[2023.04.05-00.01.44:560][  0]LogConfig: Setting CVar [[r.DetailMode:2]]
[2023.04.05-00.01.44:560][  0]LogConfig: Setting CVar [[r.TranslucencyVolumeBlur:1]]
[2023.04.05-00.01.44:560][  0]LogConfig: Setting CVar [[r.MaterialQualityLevel:1 ; High quality]]
[2023.04.05-00.01.44:560][  0]LogConfig: Setting CVar [[r.AnisotropicMaterials:1]]
[2023.04.05-00.01.44:560][  0]LogConfig: Setting CVar [[r.SSS.Scale:1]]
[2023.04.05-00.01.44:560][  0]LogConfig: Setting CVar [[r.SSS.SampleSet:2]]
[2023.04.05-00.01.44:560][  0]LogConfig: Setting CVar [[r.SSS.Quality:1]]
[2023.04.05-00.01.44:560][  0]LogConfig: Setting CVar [[r.SSS.HalfRes:0]]
[2023.04.05-00.01.44:560][  0]LogConfig: Setting CVar [[r.SSGI.Quality:3]]
[2023.04.05-00.01.44:560][  0]LogConfig: Setting CVar [[r.EmitterSpawnRateScale:1.0]]
[2023.04.05-00.01.44:560][  0]LogConfig: Setting CVar [[r.ParticleLightQuality:2]]
[2023.04.05-00.01.44:560][  0]LogConfig: Setting CVar [[r.SkyAtmosphere.AerialPerspectiveLUT.FastApplyOnOpaque:1 ; Always have FastSkyLUT 1 in this case to avoid wrong sky]]
[2023.04.05-00.01.44:560][  0]LogConfig: Setting CVar [[r.SkyAtmosphere.AerialPerspectiveLUT.SampleCountMaxPerSlice:4]]
[2023.04.05-00.01.44:560][  0]LogConfig: Setting CVar [[r.SkyAtmosphere.AerialPerspectiveLUT.DepthResolution:16.0]]
[2023.04.05-00.01.44:560][  0]LogConfig: Setting CVar [[r.SkyAtmosphere.FastSkyLUT:1]]
[2023.04.05-00.01.44:560][  0]LogConfig: Setting CVar [[r.SkyAtmosphere.FastSkyLUT.SampleCountMin:4.0]]
[2023.04.05-00.01.44:560][  0]LogConfig: Setting CVar [[r.SkyAtmosphere.FastSkyLUT.SampleCountMax:128.0]]
[2023.04.05-00.01.44:560][  0]LogConfig: Setting CVar [[r.SkyAtmosphere.SampleCountMin:4.0]]
[2023.04.05-00.01.44:560][  0]LogConfig: Setting CVar [[r.SkyAtmosphere.SampleCountMax:128.0]]
[2023.04.05-00.01.44:560][  0]LogConfig: Setting CVar [[r.SkyAtmosphere.TransmittanceLUT.UseSmallFormat:0]]
[2023.04.05-00.01.44:560][  0]LogConfig: Setting CVar [[r.SkyAtmosphere.TransmittanceLUT.SampleCount:10.0]]
[2023.04.05-00.01.44:560][  0]LogConfig: Setting CVar [[r.SkyAtmosphere.MultiScatteringLUT.SampleCount:15.0]]
[2023.04.05-00.01.44:560][  0]LogConfig: Setting CVar [[r.SkyLight.RealTimeReflectionCapture:1]]
[2023.04.05-00.01.44:560][  0]LogConfig: Applying CVar settings from Section [FoliageQuality@3] File [D:/Unreal/ProjectAlpha/ProjectAlpha_Project 4.27/Saved/Config/Windows/Scalability.ini]
[2023.04.05-00.01.44:560][  0]LogConfig: Setting CVar [[foliage.DensityScale:1.0]]
[2023.04.05-00.01.44:560][  0]LogConfig: Setting CVar [[grass.DensityScale:1.0]]
[2023.04.05-00.01.44:560][  0]LogConfig: Applying CVar settings from Section [ShadingQuality@3] File [D:/Unreal/ProjectAlpha/ProjectAlpha_Project 4.27/Saved/Config/Windows/Scalability.ini]
[2023.04.05-00.01.44:560][  0]LogConfig: Setting CVar [[r.HairStrands.SkyLighting.IntegrationType:2]]
[2023.04.05-00.01.44:560][  0]LogConfig: Setting CVar [[r.HairStrands.SkyAO.SampleCount:4]]
[2023.04.05-00.01.44:560][  0]LogConfig: Setting CVar [[r.HairStrands.Visibility.MSAA.SamplePerPixel:4]]
[2023.04.05-00.01.44:560][  0]LogConfig: Applying CVar settings from Section [Startup] File [../../../Engine/Config/ConsoleVariables.ini]
[2023.04.05-00.01.44:561][  0]LogConfig: Setting CVar [[net.UseAdaptiveNetUpdateFrequency:0]]
[2023.04.05-00.01.44:561][  0]LogConfig: Setting CVar [[p.chaos.AllowCreatePhysxBodies:1]]
[2023.04.05-00.01.44:561][  0]LogConfig: Setting CVar [[fx.SkipVectorVMBackendOptimizations:1]]
[2023.04.05-00.01.44:561][  0]LogConfig: Applying CVar settings from Section [ConsoleVariables] File [D:/Unreal/ProjectAlpha/ProjectAlpha_Project 4.27/Saved/Config/Windows/Engine.ini]
[2023.04.05-00.01.44:561][  0]LogConfig: Applying CVar settings from Section [ConsoleVariables] File [D:/Unreal/ProjectAlpha/ProjectAlpha_Project 4.27/Saved/Config/Windows/Editor.ini]
[2023.04.05-00.01.44:561][  0]LogInit: Computer: DESKTOP-UB8K16N
[2023.04.05-00.01.44:561][  0]LogInit: User: User
[2023.04.05-00.01.44:561][  0]LogInit: CPU Page size=4096, Cores=8
[2023.04.05-00.01.44:561][  0]LogInit: High frequency timer resolution =10.000000 MHz
[2023.04.05-00.01.44:561][  0]LogMemory: Memory total: Physical=31.9GB (32GB approx)
[2023.04.05-00.01.44:561][  0]LogMemory: Platform Memory Stats for Windows
[2023.04.05-00.01.44:561][  0]LogMemory: Process Physical Memory: 150.59 MB used, 152.48 MB peak
[2023.04.05-00.01.44:561][  0]LogMemory: Process Virtual Memory: 133.66 MB used, 133.66 MB peak
[2023.04.05-00.01.44:561][  0]LogMemory: Physical Memory: 14015.99 MB used,  18667.21 MB free, 32683.20 MB total
[2023.04.05-00.01.44:561][  0]LogMemory: Virtual Memory: 134199720.00 MB used,  18006.04 MB free, 134217728.00 MB total
[2023.04.05-00.01.44:566][  0]LogWindows: WindowsPlatformFeatures enabled
[2023.04.05-00.01.44:599][  0]LogInit: Physics initialised using underlying interface: PhysX
[2023.04.05-00.01.44:600][  0]LogInit: Using OS detected language (en-GB).
[2023.04.05-00.01.44:600][  0]LogInit: Using OS detected locale (en-AU).
[2023.04.05-00.01.44:602][  0]LogTextLocalizationManager: No specific localization for 'en-GB' exists, so the 'en' localization will be used.
[2023.04.05-00.01.44:752][  0]LogInit: Setting process to per monitor DPI aware
[2023.04.05-00.01.44:766][  0]LogWindowsTextInputMethodSystem: Display: IME system deactivated.
[2023.04.05-00.01.44:777][  0]LogSlate: New Slate User Created.  User Index 0, Is Virtual User: 0
[2023.04.05-00.01.44:777][  0]LogSlate: Slate User Registered.  User Index 0, Is Virtual User: 0
[2023.04.05-00.01.44:944][  0]LogD3D11RHI: Loaded GFSDK_Aftermath_Lib.x64.dll
[2023.04.05-00.01.44:949][  0]LogHMD: Failed to initialize OpenVR with code 110
[2023.04.05-00.01.44:949][  0]LogD3D11RHI: D3D11 min allowed feature level: 11_0
[2023.04.05-00.01.44:949][  0]LogD3D11RHI: D3D11 max allowed feature level: 11_0
[2023.04.05-00.01.44:949][  0]LogD3D11RHI: D3D11 adapters:
[2023.04.05-00.01.45:054][  0]LogD3D11RHI:    0. 'NVIDIA GeForce RTX 3070' (Feature Level 11_0)
[2023.04.05-00.01.45:054][  0]LogD3D11RHI:       8032/0/16341 MB DedicatedVideo/DedicatedSystem/SharedSystem, Outputs:1, VendorId:0x10de
[2023.04.05-00.01.45:057][  0]LogD3D11RHI:    1. 'Microsoft Basic Render Driver' (Feature Level 11_0)
[2023.04.05-00.01.45:057][  0]LogD3D11RHI:       0/0/16341 MB DedicatedVideo/DedicatedSystem/SharedSystem, Outputs:0, VendorId:0x1414
[2023.04.05-00.01.45:057][  0]LogD3D11RHI: Chosen D3D11 Adapter:
[2023.04.05-00.01.45:057][  0]LogD3D11RHI:     Description : NVIDIA GeForce RTX 3070
[2023.04.05-00.01.45:057][  0]LogD3D11RHI:     VendorId    : 10de
[2023.04.05-00.01.45:057][  0]LogD3D11RHI:     DeviceId    : 2488
[2023.04.05-00.01.45:057][  0]LogD3D11RHI:     SubSysId    : 883a1043
[2023.04.05-00.01.45:057][  0]LogD3D11RHI:     Revision    : 00a1
[2023.04.05-00.01.45:057][  0]LogD3D11RHI:     DedicatedVideoMemory : 8422162432 bytes
[2023.04.05-00.01.45:057][  0]LogD3D11RHI:     DedicatedSystemMemory : 0 bytes
[2023.04.05-00.01.45:057][  0]LogD3D11RHI:     SharedSystemMemory : 17135409152 bytes
[2023.04.05-00.01.45:057][  0]LogD3D11RHI:     AdapterLuid : 0 73626
[2023.04.05-00.01.45:065][  0]LogD3D11RHI: Creating new Direct3DDevice
[2023.04.05-00.01.45:065][  0]LogD3D11RHI:     GPU DeviceId: 0x2488 (for the marketing name, search the web for "GPU Device Id")
[2023.04.05-00.01.45:065][  0]LogWindows: EnumDisplayDevices:
[2023.04.05-00.01.45:065][  0]LogWindows:    0. 'NVIDIA GeForce RTX 3070' (P:0 D:0)
[2023.04.05-00.01.45:065][  0]LogWindows:    1. 'NVIDIA GeForce RTX 3070' (P:1 D:1)
[2023.04.05-00.01.45:065][  0]LogWindows:    2. 'NVIDIA GeForce RTX 3070' (P:0 D:0)
[2023.04.05-00.01.45:065][  0]LogWindows:    3. 'NVIDIA GeForce RTX 3070' (P:0 D:0)
[2023.04.05-00.01.45:065][  0]LogWindows: DebugString: FoundDriverCount:4 
[2023.04.05-00.01.45:065][  0]LogD3D11RHI:     Adapter Name: NVIDIA GeForce RTX 3070
[2023.04.05-00.01.45:065][  0]LogD3D11RHI:   Driver Version: 531.41 (internal:31.0.15.3141, unified:531.41)
[2023.04.05-00.01.45:065][  0]LogD3D11RHI:      Driver Date: 3-16-2023
[2023.04.05-00.01.45:065][  0]LogRHI: Texture pool is 5622 MB (70% of 8032 MB)
[2023.04.05-00.01.45:065][  0]LogD3D11RHI: Creating D3DDevice using adapter:
[2023.04.05-00.01.45:065][  0]LogD3D11RHI:     Description : NVIDIA GeForce RTX 3070
[2023.04.05-00.01.45:065][  0]LogD3D11RHI:     VendorId    : 10de
[2023.04.05-00.01.45:065][  0]LogD3D11RHI:     DeviceId    : 2488
[2023.04.05-00.01.45:065][  0]LogD3D11RHI:     SubSysId    : 883a1043
[2023.04.05-00.01.45:065][  0]LogD3D11RHI:     Revision    : 00a1
[2023.04.05-00.01.45:065][  0]LogD3D11RHI:     DedicatedVideoMemory : 8422162432 bytes
[2023.04.05-00.01.45:065][  0]LogD3D11RHI:     DedicatedSystemMemory : 0 bytes
[2023.04.05-00.01.45:065][  0]LogD3D11RHI:     SharedSystemMemory : 17135409152 bytes
[2023.04.05-00.01.45:065][  0]LogD3D11RHI:     AdapterLuid : 0 73626
[2023.04.05-00.01.45:117][  0]LogD3D11RHI: RHI has support for 64 bit atomics
[2023.04.05-00.01.45:117][  0]LogD3D11RHI: Async texture creation enabled
[2023.04.05-00.01.45:117][  0]LogD3D11RHI: Array index from any shader is supported
[2023.04.05-00.01.45:118][  0]LogD3D11RHI: HDR output is supported on display 0 (NvId: 0x80061086).
[2023.04.05-00.01.45:136][  0]LogD3D11RHI: GPU Timing Frequency: 1000.000000 (Debug: 2 2)
[2023.04.05-00.01.45:148][  0]LogRHI: GeForceNow SDK initialized: 1
[2023.04.05-00.01.45:359][  0]LogTargetPlatformManager: Display: Loaded TargetPlatform 'AllDesktop'
[2023.04.05-00.01.45:377][  0]LogTargetPlatformManager: Display: Loaded TargetPlatform 'Android'
[2023.04.05-00.01.45:377][  0]LogTargetPlatformManager: Display: Loaded TargetPlatform 'Android_ASTC'
[2023.04.05-00.01.45:377][  0]LogTargetPlatformManager: Display: Loaded TargetPlatform 'Android_DXT'
[2023.04.05-00.01.45:377][  0]LogTargetPlatformManager: Display: Loaded TargetPlatform 'Android_ETC2'
[2023.04.05-00.01.45:377][  0]LogTargetPlatformManager: Display: Loaded TargetPlatform 'AndroidClient'
[2023.04.05-00.01.45:377][  0]LogTargetPlatformManager: Display: Loaded TargetPlatform 'Android_ASTCClient'
[2023.04.05-00.01.45:377][  0]LogTargetPlatformManager: Display: Loaded TargetPlatform 'Android_DXTClient'
[2023.04.05-00.01.45:377][  0]LogTargetPlatformManager: Display: Loaded TargetPlatform 'Android_ETC2Client'
[2023.04.05-00.01.45:377][  0]LogTargetPlatformManager: Display: Loaded TargetPlatform 'Android_Multi'
[2023.04.05-00.01.45:377][  0]LogTargetPlatformManager: Display: Loaded TargetPlatform 'Android_MultiClient'
[2023.04.05-00.01.45:392][  0]LogTargetPlatformManager: Display: Loaded TargetPlatform 'IOSClient'
[2023.04.05-00.01.45:392][  0]LogTargetPlatformManager: Display: Loaded TargetPlatform 'IOS'
[2023.04.05-00.01.45:400][  0]LogTargetPlatformManager: Display: Loaded TargetPlatform 'Linux'
[2023.04.05-00.01.45:403][  0]LogTargetPlatformManager: Display: Loaded TargetPlatform 'LinuxNoEditor'
[2023.04.05-00.01.45:407][  0]LogTargetPlatformManager: Display: Loaded TargetPlatform 'LinuxClient'
[2023.04.05-00.01.45:411][  0]LogTargetPlatformManager: Display: Loaded TargetPlatform 'LinuxServer'
[2023.04.05-00.01.45:418][  0]LogTargetPlatformManager: Display: Loaded TargetPlatform 'LinuxAArch64NoEditor'
[2023.04.05-00.01.45:422][  0]LogTargetPlatformManager: Display: Loaded TargetPlatform 'LinuxAArch64Client'
[2023.04.05-00.01.45:426][  0]LogTargetPlatformManager: Display: Loaded TargetPlatform 'LinuxAArch64Server'
[2023.04.05-00.01.45:444][  0]LogTargetPlatformManager: Display: Loaded TargetPlatform 'Lumin'
[2023.04.05-00.01.45:444][  0]LogTargetPlatformManager: Display: Loaded TargetPlatform 'LuminClient'
[2023.04.05-00.01.45:451][  0]LogTargetPlatformManager: Display: Loaded TargetPlatform 'MacNoEditor'
[2023.04.05-00.01.45:455][  0]LogTargetPlatformManager: Display: Loaded TargetPlatform 'Mac'
[2023.04.05-00.01.45:459][  0]LogTargetPlatformManager: Display: Loaded TargetPlatform 'MacClient'
[2023.04.05-00.01.45:463][  0]LogTargetPlatformManager: Display: Loaded TargetPlatform 'MacServer'
[2023.04.05-00.01.45:471][  0]LogTargetPlatformManager: Display: Loaded TargetPlatform 'TVOSClient'
[2023.04.05-00.01.45:471][  0]LogTargetPlatformManager: Display: Loaded TargetPlatform 'TVOS'
[2023.04.05-00.01.45:478][  0]LogTargetPlatformManager: Display: Loaded TargetPlatform 'WindowsNoEditor'
[2023.04.05-00.01.45:482][  0]LogTargetPlatformManager: Display: Loaded TargetPlatform 'Windows'
[2023.04.05-00.01.45:486][  0]LogTargetPlatformManager: Display: Loaded TargetPlatform 'WindowsClient'
[2023.04.05-00.01.45:490][  0]LogTargetPlatformManager: Display: Loaded TargetPlatform 'WindowsServer'
[2023.04.05-00.01.45:490][  0]LogTargetPlatformManager: Display: Building Assets For Windows
[2023.04.05-00.01.45:497][  0]LogAudioDebug: Display: Lib vorbis DLL was dynamically loaded.
[2023.04.05-00.01.45:523][  0]LogTextureFormatOodle: Display: Oodle Texture 2.9.0 init RDO Off
[2023.04.05-00.01.45:551][  0]LogRendererCore: Ray tracing is disabled. Reason: r.RayTracing=0.
[2023.04.05-00.01.45:551][  0]LogShaderCompilers: Guid format shader working directory is -6 characters bigger than the processId version (../../../../ProjectAlpha/ProjectAlpha_Project 4.27/Intermediate/Shaders/WorkingDirectory/17944/).
[2023.04.05-00.01.45:551][  0]LogShaderCompilers: Cleaned the shader compiler working directory 'C:/Users/User/AppData/Local/Temp/UnrealShaderWorkingDir/DDB7565E4CA3A2CAD08B599C02EBCF27/'.
[2023.04.05-00.01.45:551][  0]LogXGEController: Cannot use XGE Controller as Incredibuild is not installed on this machine.
[2023.04.05-00.01.45:551][  0]LogShaderCompilers: Cannot use XGE Shader Compiler as Incredibuild is not installed on this machine.
[2023.04.05-00.01.45:551][  0]LogShaderCompilers: Display: Using Local Shader Compiler.
[2023.04.05-00.01.46:170][  0]LogDerivedDataCache: Display: Max Cache Size: 512 MB
[2023.04.05-00.01.46:216][  0]LogDerivedDataCache: Loaded boot cache 0.05s 94MB C:/Users/User/AppData/Local/UnrealEngine/4.27/DerivedDataCache/Boot.ddc.
[2023.04.05-00.01.46:216][  0]LogDerivedDataCache: Display: Loaded Boot cache: C:/Users/User/AppData/Local/UnrealEngine/4.27/DerivedDataCache/Boot.ddc
[2023.04.05-00.01.46:217][  0]LogDerivedDataCache: FDerivedDataBackendGraph:  Pak pak cache file ../../../../ProjectAlpha/ProjectAlpha_Project 4.27/DerivedDataCache/DDC.ddp not found, will not use a pak cache.
[2023.04.05-00.01.46:217][  0]LogDerivedDataCache: Unable to find inner node Pak for hierarchical cache Hierarchy.
[2023.04.05-00.01.46:217][  0]LogDerivedDataCache: FDerivedDataBackendGraph:  CompressedPak pak cache file ../../../../ProjectAlpha/ProjectAlpha_Project 4.27/DerivedDataCache/Compressed.ddp not found, will not use a pak cache.
[2023.04.05-00.01.46:217][  0]LogDerivedDataCache: Unable to find inner node CompressedPak for hierarchical cache Hierarchy.
[2023.04.05-00.01.46:235][  0]LogDerivedDataCache: Display: Pak cache opened for reading ../../../Engine/DerivedDataCache/Compressed.ddp.
[2023.04.05-00.01.46:235][  0]LogDerivedDataCache: FDerivedDataBackendGraph:  EnterprisePak pak cache file ../../../Enterprise/DerivedDataCache/Compressed.ddp not found, will not use a pak cache.
[2023.04.05-00.01.46:235][  0]LogDerivedDataCache: Unable to find inner node EnterprisePak for hierarchical cache Hierarchy.
[2023.04.05-00.01.46:241][  0]LogDerivedDataCache: Speed tests for C:/Users/User/AppData/Local/UnrealEngine/Common/DerivedDataCache took 0.01 seconds
[2023.04.05-00.01.46:241][  0]LogDerivedDataCache: Display: Performance to C:/Users/User/AppData/Local/UnrealEngine/Common/DerivedDataCache: Latency=0.03ms. RandomReadSpeed=988.29MBs, RandomWriteSpeed=194.30MBs. Assigned SpeedClass 'Local'
[2023.04.05-00.01.46:242][  0]LogDerivedDataCache: Using Local data cache path C:/Users/User/AppData/Local/UnrealEngine/Common/DerivedDataCache: Writable
[2023.04.05-00.01.46:242][  0]LogDerivedDataCache: Shared data cache path not found in *engine.ini, will not use an Shared cache.
[2023.04.05-00.01.46:242][  0]LogDerivedDataCache: Unable to find inner node Shared for hierarchical cache Hierarchy.
[2023.04.05-00.01.46:282][  0]LogSlate: Using FreeType 2.10.0
[2023.04.05-00.01.46:282][  0]LogSlate: SlateFontServices - WITH_FREETYPE: 1, WITH_HARFBUZZ: 1
[2023.04.05-00.01.46:302][  0]LogAssetRegistry: FAssetRegistry took 0.0025 seconds to start up
[2023.04.05-00.01.46:498][  0]LogInit: Selected Device Profile: [Windows]
[2023.04.05-00.01.46:498][  0]LogInit: Active device profile: [0000023CB47FAE00][0000023CAF403B40 49] Windows
[2023.04.05-00.01.46:498][  0]LogInit: Profiles: [0000023CB47FAE00][0000023CAF403B40 49] Windows, [0000023CB5A35A00][0000023CAF40E140 49] WindowsNoEditor, [0000023CB47FA100][0000023CAF41E2C0 49] WindowsServer, [0000023CB5A36600][0000023CB2E40440 49] WindowsClient, [0000023CB47FB600][0000023CAF406580 49] IOS, [0000023CB5A34B00][0000023CADA506C0 49] iPadAir, [0000023CB47F8200][0000023CB6A4C800 49] iPadAir2, [0000023CB56D8F00][0000023CADAA2A80 49] IPadPro, [0000023CB56D9000][0000023CB6A54AC0 49] iPadAir3, [0000023CB5A37500][0000023CB5602C40 49] iPadAir4, [0000023CB56D9C00][0000023CB561CDC0 49] iPadMini2, [0000023CB5A35900][0000023CB5620F40 49] iPadMini3, [0000023CB56DB700][0000023CB56250C0 49] iPadMini4, [0000023CB5A37000][0000023CB5649240 49] iPadMini5, [0000023CB56EC700][0000023CAD68F500 49] iPhone6, [0000023CB56EC800][0000023CB564D540 49] iPodTouch6, [0000023CB47F9600][0000023CAD697800 49] iPhone7, [0000023CB47F9900][0000023CAD693840 49] iPodTouch7, [0000023CB56EC100][0000023CAF9C79C0 49] iPhone5S, [0000023CB56D8400][0000023CAD69BB40 49] iPhone6Plus, [0000023CB56EF900][0000023CAD69E140 49] iPhone6S, [0000023CB56D9100][0000023CAD6A22C0 49] iPhone6SPlus, [0000023CB56EE200][0000023CAD6A6440 49] iPhone7Plus, [0000023CB56D8500][0000023CAD6AA5C0 49] iPhoneSE, [0000023CB56EF800][0000023CB2EE8740 49] iPhone8, [0000023CB56DAC00][0000023CB6A5C880 49] iPhone8Plus, [0000023CB47FAA00][0000023CB2EEC9C0 49] iPhoneX, [0000023CB56D9A00][0000023CB5384B00 49] iPhoneXS, [0000023CB47FA000][0000023CAF3A0C80 49] iPhoneXSMax, [0000023CB56DB800][0000023CAF3A4E00 49] iPhoneXR, [0000023CB47F8800][0000023CB6784F80 49] iPhone11, [0000023CB56DBA00][0000023CB6789100 49] iPhone11Pro, [0000023CB47F8300][0000023CB678D280 49] iPhone11ProMax, [0000023CB56DBD00][0000023CB6791400 49] iPhoneSE2, [0000023CB47FB800][0000023CB6795580 49] iPhone12Mini, [0000023CB56DAB00][0000023CB6799700 49] iPhone12, [0000023CB47FB300][0000023CB679D880 49] iPhone12Pro, [0000023CB56D8200][0000023CAF311A00 49] iPhone12ProMax, [0000023CB47FAD00][0000023CAF315B80 49] iPadPro105, [0000023CB56D8900][0000023CAF352180 49] iPadPro129, [0000023CB47F9D00][0000023CAF356300 49] iPadPro97, [0000023CB56D9E00][0000023CAF35A480 49] iPadPro2_129, [0000023CB47F9F00][0000023CB67E2600 49] iPad5, [0000023CB56DB500][0000023CB55CA780 49] iPad6, [0000023CB47F9500][0000023CB55CE900 49] iPad7, [0000023CB56DB400][0000023CAF39CA40 49] iPad8, [0000023CB47FB700][0000023CB55D6B80 49] iPadPro11, [0000023CB56D9D00][0000023CB6D98CC0 49] iPadPro2_11, [0000023CB47F9B00][0000023CB6DD0E40 49] iPadPro3_129, [0000023CB56DBE00][0000023CB5628FC0 49] iPadPro4_129, [0000023CB47FBB00][0000023CB562D140 49] AppleTV, [0000023CB56D8300][0000023CB56312C0 49] AppleTV4K, [0000023CB47F8E00][0000023CB5635440 49] TVOS, [0000023CB56DAE00][0000023CB6DC95C0 49] Mac, [0000023CB47FBC00][0000023CB55D3740 49] MacClient, [0000023CB56D9900][0000023CB56458C0 49] MacNoEditor, [0000023CB47F9100][0000023CB6E43A40 49] MacServer, [0000023CB56D9700][0000023CB6E47BC0 49] Linux, [0000023CB47FB900][0000023CB6E4A1C0 49] LinuxAArch64, [0000023CB56DBB00][0000023CB6E4E340 49] LinuxNoEditor, [0000023CB47FA300][0000023CB2EE44C0 49] LinuxAArch64NoEditor, [0000023CB56D8D00][0000023CB6A50640 49] LinuxClient, [0000023CB47F9000][0000023CB6A587C0 49] LinuxAArch64Client, [0000023CB56D8600][0000023CB6E52940 49] LinuxServer, [0000023CB47F9A00][0000023CB6E56AC0 49] LinuxAArch64Server, [0000023CB56D9F00][0000023CB6DCCC00 49] Android, [0000023CB47FA500][0000023CB6E5AD40 49] Android_Low, [0000023CB56DAD00][0000023CB6E5EE80 49] Android_Mid, [0000023CB47FB100][0000023CB6E62FC0 49] Android_High, [0000023CB56DB100][0000023CB6E6B140 49] Android_Default, [0000023CB47F9800][0000023CB6D5D2C0 49] Android_Adreno4xx, [0000023CB56DB200][0000023CB6D61440 49] Android_Adreno5xx_Low, [0000023CB5A34D00][0000023CB6D655C0 49] Android_Adreno5xx, [0000023CB56EDD00][0000023CB6D69740 49] Android_Adreno6xx, [0000023CB5A37400][0000023CB6D6D8C0 49] Android_Adreno6xx_Vulkan, [0000023CB56ED200][0000023CB6D71A40 49] Android_Mali_T6xx, [0000023CB5A35E00][0000023CB6D75BC0 49] Android_Mali_T7xx, [0000023CB56ED500][0000023CB6D781C0 49] Android_Mali_T8xx, [0000023CB5A34F00][0000023CB6D7C340 49] Android_Mali_G71, [0000023CB56EE600][0000023CB6D804C0 49] Android_Mali_G72, [0000023CB5A35300][0000023CB6D84640 49] Android_Mali_G72_Vulkan, [0000023CB56EEC00][0000023CB6D887C0 49] Android_Mali_G76, [0000023CB5A37200][0000023CB6D8C940 49] Android_Mali_G76_Vulkan, [0000023CB56ECE00][0000023CB6D90AC0 49] Android_Mali_G77, [0000023CB5A34E00][0000023CB6D94C40 49] Android_Mali_G77_Vulkan, [0000023CB56EDC00][0000023CB6E66D80 49] Android_Mali_G78, [0000023CB5A36500][0000023CAD636EC0 49] Android_Mali_G78_Vulkan, [0000023CB56EF000][0000023CAD63B000 49] Android_Mali_G710, [0000023CB5A37D00][0000023CAD63F140 49] Android_Mali_G710_Vulkan, [0000023CB56EF600][0000023CAD6472C0 49] Android_Vulkan_SM5, [0000023CB5A36200][0000023CAD64B440 49] Android_PowerVR_G6xxx, [0000023CB56EF300][0000023CAD64F5C0 49] Android_PowerVR_GT7xxx, [0000023CB5A37E00][0000023CAD653740 49] Android_PowerVR_GE8xxx, [0000023CB56EC900][0000023CAD6578C0 49] Android_PowerVR_GM9xxx, [0000023CB5A37300][0000023CAD65BA40 49] Android_PowerVR_GM9xxx_Vulkan, [0000023CB56EE700][0000023CAD65FBC0 49] Android_TegraK1, [0000023CB5A35F00][0000023CAD6621C0 49] Android_Unknown_Vulkan, [0000023CB56ED800][0000023CAD666340 49] Lumin, [0000023CB56D9200][0000023CAD66A4C0 49] Lumin_Desktop, [0000023CB56ED700][0000023CAD66E640 49] HoloLens, 
[2023.04.05-00.01.46:601][  0]LogMeshReduction: Using QuadricMeshReduction for automatic static mesh reduction
[2023.04.05-00.01.46:601][  0]LogMeshReduction: Using SimplygonMeshReduction for automatic skeletal mesh reduction
[2023.04.05-00.01.46:601][  0]LogMeshReduction: Using ProxyLODMeshReduction for automatic mesh merging
[2023.04.05-00.01.46:601][  0]LogMeshReduction: No distributed automatic mesh merging module available
[2023.04.05-00.01.46:601][  0]LogMeshMerging: No distributed automatic mesh merging module available
[2023.04.05-00.01.46:614][  0]LogNetVersion: ProjectAlpha_Project 1.0.0, NetCL: 17155196, EngineNetVer: 17, GameNetVer: 0 (Checksum: 1643197421)
[2023.04.05-00.01.46:919][  0]LogTexture: Default maximum texture size for cubemaps generated from long-lat sources has been changed from 512 to unlimited. In order to preserve old behaiour for '/Engine/MapTemplates/Sky/DaylightAmbientCubemap.DaylightAmbientCubemap', its maximum texture size has been explicitly set to 512.
[2023.04.05-00.01.46:961][  0]LogHMD: PokeAHoleMaterial loaded successfully
[2023.04.05-00.01.46:965][  0]LogUObjectArray: 17178 objects as part of root set at end of initial load.
[2023.04.05-00.01.46:965][  0]LogUObjectAllocator: 4302048 out of 0 bytes used by permanent object pool.
[2023.04.05-00.01.46:965][  0]LogUObjectArray: CloseDisregardForGC: 0/0 objects in disregard for GC pool
[2023.04.05-00.01.47:190][  0]LogPython: Using Python 3.7.7
[2023.04.05-00.01.47:604][  0]LogNiagaraDebuggerClient: Niagara Debugger Client Initialized | Session: D21409F648B98F96D64B11B1B3B97798 | Instance: D7CE8775462A828A5C1E1288FB93E206 (DESKTOP-UB8K16N-17944).
[2023.04.05-00.01.47:729][  0]LogTcpMessaging: Initializing TcpMessaging bridge
[2023.04.05-00.01.47:734][  0]LogUdpMessaging: Initializing bridge on interface 0.0.0.0:0 to multicast group 230.0.0.1:6666.
[2023.04.05-00.01.47:855][  0]SourceControl: Source control is disabled
[2023.04.05-00.01.47:855][  0]SourceControl: Source control is disabled
[2023.04.05-00.01.47:861][  0]SourceControl: Source control is disabled
[2023.04.05-00.01.47:863][  0]SourceControl: Source control is disabled
[2023.04.05-00.01.47:870][  0]SourceControl: Source control is disabled
[2023.04.05-00.01.47:887][  0]LogUProjectInfo: Found projects:
[2023.04.05-00.01.48:037][  0]LogOpenImageDenoise: OIDN starting up
[2023.04.05-00.01.48:090][  0]LogAndroidPermission: UAndroidPermissionCallbackProxy::GetInstance
[2023.04.05-00.01.48:106][  0]LogAudioCaptureCore: Display: No Audio Capture implementations found. Audio input will be silent.
[2023.04.05-00.01.48:106][  0]LogAudioCaptureCore: Display: No Audio Capture implementations found. Audio input will be silent.
[2023.04.05-00.01.48:218][  0]LogCollectionManager: Loaded 0 collections in 0.000660 seconds
[2023.04.05-00.01.48:238][  0]LogFileCache: Scanning file cache for directory 'D:/Unreal/ProjectAlpha/ProjectAlpha_Project 4.27/Saved/Collections/' took 0.00s
[2023.04.05-00.01.48:238][  0]LogFileCache: Scanning file cache for directory 'D:/Unreal/ProjectAlpha/ProjectAlpha_Project 4.27/Content/Developers/User/Collections/' took 0.00s
[2023.04.05-00.01.48:238][  0]LogFileCache: Scanning file cache for directory 'D:/Unreal/ProjectAlpha/ProjectAlpha_Project 4.27/Content/Collections/' took 0.00s
[2023.04.05-00.01.48:238][  0]LogOcInput: OculusInput pre-init called
[2023.04.05-00.01.48:579][  0]LogEngine: Initializing Engine...
[2023.04.05-00.01.48:581][  0]LogHMD: Failed to enumerate extensions. Please check that you have a valid OpenXR runtime installed.
[2023.04.05-00.01.48:581][  0]LogHMD: Failed to initialize OpenVR with code 110
[2023.04.05-00.01.48:581][  0]LogMagicLeap: Warning: VR disabled because ZI is not enabled.  To enable, in the editor, Edit -> Project Settings -> Plugins -> Magic Leap Plugin -> Enable Zero Iteration
[2023.04.05-00.01.48:582][  0]LogStats: UGameplayTagsManager::InitializeManager -  0.000 s
[2023.04.05-00.01.48:669][  0]LogInit: Initializing FReadOnlyCVARCache
[2023.04.05-00.01.48:678][  0]LogAIModule: Creating AISystem for world Untitled
[2023.04.05-00.01.48:680][  0]LogAudio: Display: Initializing Audio Device Manager...
[2023.04.05-00.01.48:683][  0]LogAudio: Display: Loading Default Audio Settings Objects...
[2023.04.05-00.01.48:684][  0]LogAudio: Display: No default SoundConcurrencyObject specified (or failed to load).
[2023.04.05-00.01.48:684][  0]LogAudio: Display: Audio Device Manager Initialized
[2023.04.05-00.01.48:684][  0]LogAudio: Display: Creating Audio Device:                 Id: 1, Scope: Shared, Realtime: True
[2023.04.05-00.01.48:684][  0]LogAudioMixer: Display: Audio Mixer Platform Settings:
[2023.04.05-00.01.48:684][  0]LogAudioMixer: Display: 	Sample Rate:						  48000
[2023.04.05-00.01.48:684][  0]LogAudioMixer: Display: 	Callback Buffer Frame Size Requested: 1024
[2023.04.05-00.01.48:684][  0]LogAudioMixer: Display: 	Callback Buffer Frame Size To Use:	  1024
[2023.04.05-00.01.48:684][  0]LogAudioMixer: Display: 	Number of buffers to queue:			  2
[2023.04.05-00.01.48:684][  0]LogAudioMixer: Display: 	Max Channels (voices):				  32
[2023.04.05-00.01.48:684][  0]LogAudioMixer: Display: 	Number of Async Source Workers:		  0
[2023.04.05-00.01.48:684][  0]LogAudio: Display: AudioDevice MaxSources: 32
[2023.04.05-00.01.48:684][  0]LogAudio: Display: Audio Spatialization Plugin: None (built-in).
[2023.04.05-00.01.48:684][  0]LogAudio: Display: Audio Reverb Plugin: None (built-in).
[2023.04.05-00.01.48:684][  0]LogAudio: Display: Audio Occlusion Plugin: None (built-in).
[2023.04.05-00.01.48:684][  0]LogAudioMixer: Display: Initializing audio mixer.
[2023.04.05-00.01.48:694][  0]LogAudioMixer: Display: 0: FrontLeft
[2023.04.05-00.01.48:694][  0]LogAudioMixer: Display: 1: FrontRight
[2023.04.05-00.01.48:710][  0]LogAudioMixer: Display: Using Audio Device LG HDR 4K (NVIDIA High Definition Audio)
[2023.04.05-00.01.48:711][  0]LogAudioMixer: Display: Initializing Sound Submixes...
[2023.04.05-00.01.48:713][  0]LogAudioMixer: Display: Creating Master Submix 'MasterSubmixDefault'
[2023.04.05-00.01.48:713][  0]LogAudioMixer: Display: Creating Master Submix 'MasterReverbSubmixDefault'
[2023.04.05-00.01.48:714][  0]LogAudioMixer: Display: Creating Master Submix 'MasterEQSubmixDefault'
[2023.04.05-00.01.48:714][  0]LogAudioMixer: FMixerPlatformXAudio2::StartAudioStream() called
[2023.04.05-00.01.48:714][  0]LogAudioMixer: Display: Output buffers initialized: Frames=1024, Channels=2, Samples=2048
[2023.04.05-00.01.48:714][  0]LogAudioMixer: Display: Starting AudioMixerPlatformInterface::RunInternal()
[2023.04.05-00.01.48:714][  0]LogAudioMixer: Display: FMixerPlatformXAudio2::SubmitBuffer() called for the first time
[2023.04.05-00.01.48:714][  0]LogInit: FAudioDevice initialized.
[2023.04.05-00.01.48:715][  0]LogAudio: Display: Audio Device (ID: 1) registered with world 'Untitled'.
[2023.04.05-00.01.48:715][  0]LogNetVersion: Set ProjectVersion to 1.0.0.0. Version Checksum will be recalculated on next use.
[2023.04.05-00.01.48:766][  0]LogDerivedDataCache: Saved boot cache 0.05s 95MB C:/Users/User/AppData/Local/UnrealEngine/4.27/DerivedDataCache/Boot.ddc.
[2023.04.05-00.01.48:768][  0]LogInit: Texture streaming: Enabled
[2023.04.05-00.01.48:778][  0]LogAnalytics: Display: [UEEditor.Rocket.Release] APIServer = https://datarouter.ol.epicgames.com/. AppVersion = 4.27.2-18319896+++UE4+Release-4.27
[2023.04.05-00.01.48:781][  0]LogEngineSessionManager: EngineSessionManager initialized
[2023.04.05-00.01.48:781][  0]LogEditorSessionSummary: Verbose: Initializing EditorSessionSummaryWriter for editor session tracking
[2023.04.05-00.01.48:782][  0]LogEditorSessionSummary: EditorSessionSummaryWriter initialized
[2023.04.05-00.01.48:799][  0]LogInit: Transaction tracking system initialized
[2023.04.05-00.01.48:817][  0]BlueprintLog: New page: Editor Load
[2023.04.05-00.01.48:867][  0]LocalizationService: Localization service is disabled
[2023.04.05-00.01.48:887][  0]TimingProfiler: Initialize
[2023.04.05-00.01.48:887][  0]TimingProfiler: OnSessionChanged
[2023.04.05-00.01.48:887][  0]LoadingProfiler: Initialize
[2023.04.05-00.01.48:887][  0]LoadingProfiler: OnSessionChanged
[2023.04.05-00.01.48:887][  0]NetworkingProfiler: Initialize
[2023.04.05-00.01.48:887][  0]NetworkingProfiler: OnSessionChanged
[2023.04.05-00.01.48:887][  0]MemoryProfiler: Initialize
[2023.04.05-00.01.48:887][  0]MemoryProfiler: OnSessionChanged
[2023.04.05-00.01.49:000][  0]LogCook: Display: CookSettings for Memory: MemoryMaxUsedVirtual 0MiB, MemoryMaxUsedPhysical 16384MiB, MemoryMinFreeVirtual 0MiB, MemoryMinFreePhysical 1024MiB
[2023.04.05-00.01.49:000][  0]LogCook: Display: Mobile HDR setting 1
[2023.04.05-00.01.49:165][  0]LogFileCache: Scanning file cache for directory 'D:/Unreal/ProjectAlpha/ProjectAlpha_Project 4.27/Content/' took 0.00s
[2023.04.05-00.01.49:304][  0]LogInit: Display: Engine is initialized. Leaving FEngineLoop::Init()
[2023.04.05-00.01.49:307][  0]SourceControl: Source control is disabled
[2023.04.05-00.01.49:307][  0]LogUnrealEdMisc: Loading editor; pre map load, took 6.342
[2023.04.05-00.01.49:307][  0]Cmd: MAP LOAD FILE="../../../../ProjectAlpha/ProjectAlpha_Project 4.27/Content/ThirdPersonBP/Maps/ThirdPersonExampleMap.umap" TEMPLATE=0 SHOWPROGRESS=1 FEATURELEVEL=3
[2023.04.05-00.01.49:307][  0]LightingResults: New page: Lighting Build
[2023.04.05-00.01.49:308][  0]LogWorld: UWorld::CleanupWorld for Untitled, bSessionEnded=true, bCleanupResources=true
[2023.04.05-00.01.49:308][  0]LogSlate: InvalidateAllWidgets triggered.  All widgets were invalidated
[2023.04.05-00.01.49:308][  0]MapCheck: New page: Map Check
[2023.04.05-00.01.49:308][  0]LightingResults: New page: Lighting Build
[2023.04.05-00.01.49:314][  0]LogAudio: Display: Audio Device unregistered from world 'None'.
[2023.04.05-00.01.49:316][  0]LogUObjectHash: Compacting FUObjectHashTables data took   1.09ms
[2023.04.05-00.01.49:569][  0]LogAudio: Display: Audio Device (ID: 1) registered with world 'ThirdPersonExampleMap'.
[2023.04.05-00.01.49:569][  0]LogAIModule: Creating AISystem for world ThirdPersonExampleMap
[2023.04.05-00.01.49:574][  0]LogEditorServer: Finished looking for orphan Actors (0.000 secs)
[2023.04.05-00.01.49:583][  0]LogUObjectHash: Compacting FUObjectHashTables data took   0.88ms
[2023.04.05-00.01.49:585][  0]Cmd: MAP CHECKDEP NOCLEARLOG
[2023.04.05-00.01.49:585][  0]MapCheck: Map check complete: 0 Error(s), 0 Warning(s), took 0.093ms to complete.
[2023.04.05-00.01.49:585][  0]LogFileHelpers: Loading map 'ThirdPersonExampleMap' took 0.279
[2023.04.05-00.01.49:587][  0]LogUnrealEdMisc: Total Editor Startup Time, took 6.623
[2023.04.05-00.01.49:706][  0]LogSlate: Updating window title bar state: overlay mode, drag disabled, window buttons hidden, title bar hidden
[2023.04.05-00.01.49:712][  0]LogSlate: Updating window title bar state: overlay mode, drag disabled, window buttons hidden, title bar hidden
[2023.04.05-00.01.49:717][  0]LogSlate: Updating window title bar state: overlay mode, drag disabled, window buttons hidden, title bar hidden
[2023.04.05-00.01.49:721][  0]LogSlate: Updating window title bar state: overlay mode, drag disabled, window buttons hidden, title bar hidden
[2023.04.05-00.01.49:732][  0]LogNativeClassHierarchy: Verbose: Native class hierarchy populated in 0.0085 seconds. Added 3824 classes and 933 folders.
[2023.04.05-00.01.49:734][  0]LogNativeClassHierarchy: Verbose: Native class hierarchy updated for 'WidgetCarousel' in 0.0002 seconds. Added 0 classes and 0 folders.
[2023.04.05-00.01.49:735][  0]LogPakFile: PakFile PrimaryIndexSize=187
[2023.04.05-00.01.49:735][  0]LogPakFile: PakFile PathHashIndexSize=101
[2023.04.05-00.01.49:735][  0]LogPakFile: PakFile FullDirectoryIndexSize=148
[2023.04.05-00.01.49:735][  0]LogShaderLibrary: Display: ShaderCodeLibraryPakFileMountedCallback: PakFile 'D:/Unreal/UE_4.27/FeaturePacks/FP_FirstPerson.upack' (chunk index -1, root 'root:/') mounted
[2023.04.05-00.01.49:735][  0]LogShaderLibrary: Display: ShaderCodeLibraryPakFileMountedCallback: pending pak file info (ChunkID:-1 Root:root:/ File:D:/Unreal/UE_4.27/FeaturePacks/FP_FirstPerson.upack)
[2023.04.05-00.01.49:735][  0]LogPakFile: OnPakFileMounted2Time == 0.000040
[2023.04.05-00.01.49:736][  0]LogPakFile: PakFile PrimaryIndexSize=189
[2023.04.05-00.01.49:736][  0]LogPakFile: PakFile PathHashIndexSize=101
[2023.04.05-00.01.49:736][  0]LogPakFile: PakFile FullDirectoryIndexSize=152
[2023.04.05-00.01.49:736][  0]LogShaderLibrary: Display: ShaderCodeLibraryPakFileMountedCallback: PakFile 'D:/Unreal/UE_4.27/FeaturePacks/FP_FirstPersonBP.upack' (chunk index -1, root 'root:/') mounted
[2023.04.05-00.01.49:736][  0]LogShaderLibrary: Display: ShaderCodeLibraryPakFileMountedCallback: pending pak file info (ChunkID:-1 Root:root:/ File:D:/Unreal/UE_4.27/FeaturePacks/FP_FirstPersonBP.upack)
[2023.04.05-00.01.49:736][  0]LogPakFile: OnPakFileMounted2Time == 0.000030
[2023.04.05-00.01.49:736][  0]LogPakFile: PakFile PrimaryIndexSize=191
[2023.04.05-00.01.49:736][  0]LogPakFile: PakFile PathHashIndexSize=101
[2023.04.05-00.01.49:736][  0]LogPakFile: PakFile FullDirectoryIndexSize=160
[2023.04.05-00.01.49:736][  0]LogShaderLibrary: Display: ShaderCodeLibraryPakFileMountedCallback: PakFile 'D:/Unreal/UE_4.27/FeaturePacks/MobileStarterContent.upack' (chunk index -1, root 'root:/') mounted
[2023.04.05-00.01.49:736][  0]LogShaderLibrary: Display: ShaderCodeLibraryPakFileMountedCallback: pending pak file info (ChunkID:-1 Root:root:/ File:D:/Unreal/UE_4.27/FeaturePacks/MobileStarterContent.upack)
[2023.04.05-00.01.49:736][  0]LogPakFile: OnPakFileMounted2Time == 0.000025
[2023.04.05-00.01.49:738][  0]LogPakFile: PakFile PrimaryIndexSize=185
[2023.04.05-00.01.49:738][  0]LogPakFile: PakFile PathHashIndexSize=101
[2023.04.05-00.01.49:738][  0]LogPakFile: PakFile FullDirectoryIndexSize=148
[2023.04.05-00.01.49:738][  0]LogShaderLibrary: Display: ShaderCodeLibraryPakFileMountedCallback: PakFile 'D:/Unreal/UE_4.27/FeaturePacks/StarterContent.upack' (chunk index -1, root 'root:/') mounted
[2023.04.05-00.01.49:738][  0]LogShaderLibrary: Display: ShaderCodeLibraryPakFileMountedCallback: pending pak file info (ChunkID:-1 Root:root:/ File:D:/Unreal/UE_4.27/FeaturePacks/StarterContent.upack)
[2023.04.05-00.01.49:738][  0]LogPakFile: OnPakFileMounted2Time == 0.000026
[2023.04.05-00.01.49:738][  0]LogPakFile: PakFile PrimaryIndexSize=190
[2023.04.05-00.01.49:738][  0]LogPakFile: PakFile PathHashIndexSize=101
[2023.04.05-00.01.49:738][  0]LogPakFile: PakFile FullDirectoryIndexSize=154
[2023.04.05-00.01.49:738][  0]LogShaderLibrary: Display: ShaderCodeLibraryPakFileMountedCallback: PakFile 'D:/Unreal/UE_4.27/FeaturePacks/TP_2DSideScroller.upack' (chunk index -1, root 'root:/') mounted
[2023.04.05-00.01.49:738][  0]LogShaderLibrary: Display: ShaderCodeLibraryPakFileMountedCallback: pending pak file info (ChunkID:-1 Root:root:/ File:D:/Unreal/UE_4.27/FeaturePacks/TP_2DSideScroller.upack)
[2023.04.05-00.01.49:738][  0]LogPakFile: OnPakFileMounted2Time == 0.000025
[2023.04.05-00.01.49:739][  0]LogPakFile: PakFile PrimaryIndexSize=192
[2023.04.05-00.01.49:739][  0]LogPakFile: PakFile PathHashIndexSize=101
[2023.04.05-00.01.49:739][  0]LogPakFile: PakFile FullDirectoryIndexSize=158
[2023.04.05-00.01.49:739][  0]LogShaderLibrary: Display: ShaderCodeLibraryPakFileMountedCallback: PakFile 'D:/Unreal/UE_4.27/FeaturePacks/TP_2DSideScrollerBP.upack' (chunk index -1, root 'root:/') mounted
[2023.04.05-00.01.49:739][  0]LogShaderLibrary: Display: ShaderCodeLibraryPakFileMountedCallback: pending pak file info (ChunkID:-1 Root:root:/ File:D:/Unreal/UE_4.27/FeaturePacks/TP_2DSideScrollerBP.upack)
[2023.04.05-00.01.49:739][  0]LogPakFile: OnPakFileMounted2Time == 0.000025
[2023.04.05-00.01.49:739][  0]LogPakFile: PakFile PrimaryIndexSize=182
[2023.04.05-00.01.49:739][  0]LogPakFile: PakFile PathHashIndexSize=101
[2023.04.05-00.01.49:739][  0]LogPakFile: PakFile FullDirectoryIndexSize=138
[2023.04.05-00.01.49:739][  0]LogShaderLibrary: Display: ShaderCodeLibraryPakFileMountedCallback: PakFile 'D:/Unreal/UE_4.27/FeaturePacks/TP_Flying.upack' (chunk index -1, root 'root:/') mounted
[2023.04.05-00.01.49:739][  0]LogShaderLibrary: Display: ShaderCodeLibraryPakFileMountedCallback: pending pak file info (ChunkID:-1 Root:root:/ File:D:/Unreal/UE_4.27/FeaturePacks/TP_Flying.upack)
[2023.04.05-00.01.49:739][  0]LogPakFile: OnPakFileMounted2Time == 0.000025
[2023.04.05-00.01.49:740][  0]LogPakFile: PakFile PrimaryIndexSize=184
[2023.04.05-00.01.49:740][  0]LogPakFile: PakFile PathHashIndexSize=101
[2023.04.05-00.01.49:740][  0]LogPakFile: PakFile FullDirectoryIndexSize=142
[2023.04.05-00.01.49:740][  0]LogShaderLibrary: Display: ShaderCodeLibraryPakFileMountedCallback: PakFile 'D:/Unreal/UE_4.27/FeaturePacks/TP_FlyingBP.upack' (chunk index -1, root 'root:/') mounted
[2023.04.05-00.01.49:740][  0]LogShaderLibrary: Display: ShaderCodeLibraryPakFileMountedCallback: pending pak file info (ChunkID:-1 Root:root:/ File:D:/Unreal/UE_4.27/FeaturePacks/TP_FlyingBP.upack)
[2023.04.05-00.01.49:740][  0]LogPakFile: OnPakFileMounted2Time == 0.000030
[2023.04.05-00.01.49:741][  0]LogPakFile: PakFile PrimaryIndexSize=188
[2023.04.05-00.01.49:741][  0]LogPakFile: PakFile PathHashIndexSize=101
[2023.04.05-00.01.49:741][  0]LogPakFile: PakFile FullDirectoryIndexSize=150
[2023.04.05-00.01.49:741][  0]LogShaderLibrary: Display: ShaderCodeLibraryPakFileMountedCallback: PakFile 'D:/Unreal/UE_4.27/FeaturePacks/TP_HandheldARBP.upack' (chunk index -1, root 'root:/') mounted
[2023.04.05-00.01.49:741][  0]LogShaderLibrary: Display: ShaderCodeLibraryPakFileMountedCallback: pending pak file info (ChunkID:-1 Root:root:/ File:D:/Unreal/UE_4.27/FeaturePacks/TP_HandheldARBP.upack)
[2023.04.05-00.01.49:741][  0]LogPakFile: OnPakFileMounted2Time == 0.000025
[2023.04.05-00.01.49:741][  0]LogPakFile: PakFile PrimaryIndexSize=182
[2023.04.05-00.01.49:741][  0]LogPakFile: PakFile PathHashIndexSize=101
[2023.04.05-00.01.49:741][  0]LogPakFile: PakFile FullDirectoryIndexSize=138
[2023.04.05-00.01.49:741][  0]LogShaderLibrary: Display: ShaderCodeLibraryPakFileMountedCallback: PakFile 'D:/Unreal/UE_4.27/FeaturePacks/TP_Puzzle.upack' (chunk index -1, root 'root:/') mounted
[2023.04.05-00.01.49:741][  0]LogShaderLibrary: Display: ShaderCodeLibraryPakFileMountedCallback: pending pak file info (ChunkID:-1 Root:root:/ File:D:/Unreal/UE_4.27/FeaturePacks/TP_Puzzle.upack)
[2023.04.05-00.01.49:741][  0]LogPakFile: OnPakFileMounted2Time == 0.000025
[2023.04.05-00.01.49:742][  0]LogPakFile: PakFile PrimaryIndexSize=184
[2023.04.05-00.01.49:742][  0]LogPakFile: PakFile PathHashIndexSize=101
[2023.04.05-00.01.49:742][  0]LogPakFile: PakFile FullDirectoryIndexSize=142
[2023.04.05-00.01.49:742][  0]LogShaderLibrary: Display: ShaderCodeLibraryPakFileMountedCallback: PakFile 'D:/Unreal/UE_4.27/FeaturePacks/TP_PuzzleBP.upack' (chunk index -1, root 'root:/') mounted
[2023.04.05-00.01.49:742][  0]LogShaderLibrary: Display: ShaderCodeLibraryPakFileMountedCallback: pending pak file info (ChunkID:-1 Root:root:/ File:D:/Unreal/UE_4.27/FeaturePacks/TP_PuzzleBP.upack)
[2023.04.05-00.01.49:742][  0]LogPakFile: OnPakFileMounted2Time == 0.000025
[2023.04.05-00.01.49:742][  0]LogPakFile: PakFile PrimaryIndexSize=183
[2023.04.05-00.01.49:743][  0]LogPakFile: PakFile PathHashIndexSize=101
[2023.04.05-00.01.49:743][  0]LogPakFile: PakFile FullDirectoryIndexSize=140
[2023.04.05-00.01.49:743][  0]LogShaderLibrary: Display: ShaderCodeLibraryPakFileMountedCallback: PakFile 'D:/Unreal/UE_4.27/FeaturePacks/TP_Rolling.upack' (chunk index -1, root 'root:/') mounted
[2023.04.05-00.01.49:743][  0]LogShaderLibrary: Display: ShaderCodeLibraryPakFileMountedCallback: pending pak file info (ChunkID:-1 Root:root:/ File:D:/Unreal/UE_4.27/FeaturePacks/TP_Rolling.upack)
[2023.04.05-00.01.49:743][  0]LogPakFile: OnPakFileMounted2Time == 0.000025
[2023.04.05-00.01.49:743][  0]LogPakFile: PakFile PrimaryIndexSize=185
[2023.04.05-00.01.49:743][  0]LogPakFile: PakFile PathHashIndexSize=101
[2023.04.05-00.01.49:743][  0]LogPakFile: PakFile FullDirectoryIndexSize=144
[2023.04.05-00.01.49:743][  0]LogShaderLibrary: Display: ShaderCodeLibraryPakFileMountedCallback: PakFile 'D:/Unreal/UE_4.27/FeaturePacks/TP_RollingBP.upack' (chunk index -1, root 'root:/') mounted
[2023.04.05-00.01.49:743][  0]LogShaderLibrary: Display: ShaderCodeLibraryPakFileMountedCallback: pending pak file info (ChunkID:-1 Root:root:/ File:D:/Unreal/UE_4.27/FeaturePacks/TP_RollingBP.upack)
[2023.04.05-00.01.49:743][  0]LogPakFile: OnPakFileMounted2Time == 0.000025
[2023.04.05-00.01.49:744][  0]LogPakFile: PakFile PrimaryIndexSize=188
[2023.04.05-00.01.49:744][  0]LogPakFile: PakFile PathHashIndexSize=101
[2023.04.05-00.01.49:744][  0]LogPakFile: PakFile FullDirectoryIndexSize=150
[2023.04.05-00.01.49:744][  0]LogShaderLibrary: Display: ShaderCodeLibraryPakFileMountedCallback: PakFile 'D:/Unreal/UE_4.27/FeaturePacks/TP_SideScroller.upack' (chunk index -1, root 'root:/') mounted
[2023.04.05-00.01.49:744][  0]LogShaderLibrary: Display: ShaderCodeLibraryPakFileMountedCallback: pending pak file info (ChunkID:-1 Root:root:/ File:D:/Unreal/UE_4.27/FeaturePacks/TP_SideScroller.upack)
[2023.04.05-00.01.49:744][  0]LogPakFile: OnPakFileMounted2Time == 0.000025
[2023.04.05-00.01.49:744][  0]LogPakFile: PakFile PrimaryIndexSize=190
[2023.04.05-00.01.49:744][  0]LogPakFile: PakFile PathHashIndexSize=101
[2023.04.05-00.01.49:744][  0]LogPakFile: PakFile FullDirectoryIndexSize=154
[2023.04.05-00.01.49:744][  0]LogShaderLibrary: Display: ShaderCodeLibraryPakFileMountedCallback: PakFile 'D:/Unreal/UE_4.27/FeaturePacks/TP_SideScrollerBP.upack' (chunk index -1, root 'root:/') mounted
[2023.04.05-00.01.49:744][  0]LogShaderLibrary: Display: ShaderCodeLibraryPakFileMountedCallback: pending pak file info (ChunkID:-1 Root:root:/ File:D:/Unreal/UE_4.27/FeaturePacks/TP_SideScrollerBP.upack)
[2023.04.05-00.01.49:744][  0]LogPakFile: OnPakFileMounted2Time == 0.000024
[2023.04.05-00.01.49:745][  0]LogPakFile: PakFile PrimaryIndexSize=187
[2023.04.05-00.01.49:745][  0]LogPakFile: PakFile PathHashIndexSize=101
[2023.04.05-00.01.49:745][  0]LogPakFile: PakFile FullDirectoryIndexSize=148
[2023.04.05-00.01.49:745][  0]LogShaderLibrary: Display: ShaderCodeLibraryPakFileMountedCallback: PakFile 'D:/Unreal/UE_4.27/FeaturePacks/TP_ThirdPerson.upack' (chunk index -1, root 'root:/') mounted
[2023.04.05-00.01.49:745][  0]LogShaderLibrary: Display: ShaderCodeLibraryPakFileMountedCallback: pending pak file info (ChunkID:-1 Root:root:/ File:D:/Unreal/UE_4.27/FeaturePacks/TP_ThirdPerson.upack)
[2023.04.05-00.01.49:745][  0]LogPakFile: OnPakFileMounted2Time == 0.000025
[2023.04.05-00.01.49:745][  0]LogPakFile: PakFile PrimaryIndexSize=189
[2023.04.05-00.01.49:745][  0]LogPakFile: PakFile PathHashIndexSize=101
[2023.04.05-00.01.49:745][  0]LogPakFile: PakFile FullDirectoryIndexSize=152
[2023.04.05-00.01.49:746][  0]LogShaderLibrary: Display: ShaderCodeLibraryPakFileMountedCallback: PakFile 'D:/Unreal/UE_4.27/FeaturePacks/TP_ThirdPersonBP.upack' (chunk index -1, root 'root:/') mounted
[2023.04.05-00.01.49:746][  0]LogShaderLibrary: Display: ShaderCodeLibraryPakFileMountedCallback: pending pak file info (ChunkID:-1 Root:root:/ File:D:/Unreal/UE_4.27/FeaturePacks/TP_ThirdPersonBP.upack)
[2023.04.05-00.01.49:746][  0]LogPakFile: OnPakFileMounted2Time == 0.000024
[2023.04.05-00.01.49:746][  0]LogPakFile: PakFile PrimaryIndexSize=183
[2023.04.05-00.01.49:746][  0]LogPakFile: PakFile PathHashIndexSize=101
[2023.04.05-00.01.49:746][  0]LogPakFile: PakFile FullDirectoryIndexSize=140
[2023.04.05-00.01.49:746][  0]LogShaderLibrary: Display: ShaderCodeLibraryPakFileMountedCallback: PakFile 'D:/Unreal/UE_4.27/FeaturePacks/TP_TopDown.upack' (chunk index -1, root 'root:/') mounted
[2023.04.05-00.01.49:746][  0]LogShaderLibrary: Display: ShaderCodeLibraryPakFileMountedCallback: pending pak file info (ChunkID:-1 Root:root:/ File:D:/Unreal/UE_4.27/FeaturePacks/TP_TopDown.upack)
[2023.04.05-00.01.49:746][  0]LogPakFile: OnPakFileMounted2Time == 0.000029
[2023.04.05-00.01.49:747][  0]LogPakFile: PakFile PrimaryIndexSize=185
[2023.04.05-00.01.49:747][  0]LogPakFile: PakFile PathHashIndexSize=101
[2023.04.05-00.01.49:747][  0]LogPakFile: PakFile FullDirectoryIndexSize=144
[2023.04.05-00.01.49:747][  0]LogShaderLibrary: Display: ShaderCodeLibraryPakFileMountedCallback: PakFile 'D:/Unreal/UE_4.27/FeaturePacks/TP_TopDownBP.upack' (chunk index -1, root 'root:/') mounted
[2023.04.05-00.01.49:747][  0]LogShaderLibrary: Display: ShaderCodeLibraryPakFileMountedCallback: pending pak file info (ChunkID:-1 Root:root:/ File:D:/Unreal/UE_4.27/FeaturePacks/TP_TopDownBP.upack)
[2023.04.05-00.01.49:747][  0]LogPakFile: OnPakFileMounted2Time == 0.000024
[2023.04.05-00.01.49:747][  0]LogPakFile: PakFile PrimaryIndexSize=185
[2023.04.05-00.01.49:747][  0]LogPakFile: PakFile PathHashIndexSize=101
[2023.04.05-00.01.49:747][  0]LogPakFile: PakFile FullDirectoryIndexSize=144
[2023.04.05-00.01.49:747][  0]LogShaderLibrary: Display: ShaderCodeLibraryPakFileMountedCallback: PakFile 'D:/Unreal/UE_4.27/FeaturePacks/TP_TwinStick.upack' (chunk index -1, root 'root:/') mounted
[2023.04.05-00.01.49:747][  0]LogShaderLibrary: Display: ShaderCodeLibraryPakFileMountedCallback: pending pak file info (ChunkID:-1 Root:root:/ File:D:/Unreal/UE_4.27/FeaturePacks/TP_TwinStick.upack)
[2023.04.05-00.01.49:747][  0]LogPakFile: OnPakFileMounted2Time == 0.000024
[2023.04.05-00.01.49:748][  0]LogPakFile: PakFile PrimaryIndexSize=187
[2023.04.05-00.01.49:748][  0]LogPakFile: PakFile PathHashIndexSize=101
[2023.04.05-00.01.49:748][  0]LogPakFile: PakFile FullDirectoryIndexSize=148
[2023.04.05-00.01.49:748][  0]LogShaderLibrary: Display: ShaderCodeLibraryPakFileMountedCallback: PakFile 'D:/Unreal/UE_4.27/FeaturePacks/TP_TwinStickBP.upack' (chunk index -1, root 'root:/') mounted
[2023.04.05-00.01.49:748][  0]LogShaderLibrary: Display: ShaderCodeLibraryPakFileMountedCallback: pending pak file info (ChunkID:-1 Root:root:/ File:D:/Unreal/UE_4.27/FeaturePacks/TP_TwinStickBP.upack)
[2023.04.05-00.01.49:748][  0]LogPakFile: OnPakFileMounted2Time == 0.000025
[2023.04.05-00.01.49:748][  0]LogPakFile: PakFile PrimaryIndexSize=183
[2023.04.05-00.01.49:748][  0]LogPakFile: PakFile PathHashIndexSize=101
[2023.04.05-00.01.49:748][  0]LogPakFile: PakFile FullDirectoryIndexSize=140
[2023.04.05-00.01.49:748][  0]LogShaderLibrary: Display: ShaderCodeLibraryPakFileMountedCallback: PakFile 'D:/Unreal/UE_4.27/FeaturePacks/TP_Vehicle.upack' (chunk index -1, root 'root:/') mounted
[2023.04.05-00.01.49:748][  0]LogShaderLibrary: Display: ShaderCodeLibraryPakFileMountedCallback: pending pak file info (ChunkID:-1 Root:root:/ File:D:/Unreal/UE_4.27/FeaturePacks/TP_Vehicle.upack)
[2023.04.05-00.01.49:748][  0]LogPakFile: OnPakFileMounted2Time == 0.000025
[2023.04.05-00.01.49:749][  0]LogPakFile: PakFile PrimaryIndexSize=186
[2023.04.05-00.01.49:749][  0]LogPakFile: PakFile PathHashIndexSize=101
[2023.04.05-00.01.49:749][  0]LogPakFile: PakFile FullDirectoryIndexSize=146
[2023.04.05-00.01.49:749][  0]LogShaderLibrary: Display: ShaderCodeLibraryPakFileMountedCallback: PakFile 'D:/Unreal/UE_4.27/FeaturePacks/TP_VehicleAdv.upack' (chunk index -1, root 'root:/') mounted
[2023.04.05-00.01.49:749][  0]LogShaderLibrary: Display: ShaderCodeLibraryPakFileMountedCallback: pending pak file info (ChunkID:-1 Root:root:/ File:D:/Unreal/UE_4.27/FeaturePacks/TP_VehicleAdv.upack)
[2023.04.05-00.01.49:749][  0]LogPakFile: OnPakFileMounted2Time == 0.000025
[2023.04.05-00.01.49:749][  0]LogPakFile: PakFile PrimaryIndexSize=188
[2023.04.05-00.01.49:749][  0]LogPakFile: PakFile PathHashIndexSize=101
[2023.04.05-00.01.49:749][  0]LogPakFile: PakFile FullDirectoryIndexSize=150
[2023.04.05-00.01.49:749][  0]LogShaderLibrary: Display: ShaderCodeLibraryPakFileMountedCallback: PakFile 'D:/Unreal/UE_4.27/FeaturePacks/TP_VehicleAdvBP.upack' (chunk index -1, root 'root:/') mounted
[2023.04.05-00.01.49:749][  0]LogShaderLibrary: Display: ShaderCodeLibraryPakFileMountedCallback: pending pak file info (ChunkID:-1 Root:root:/ File:D:/Unreal/UE_4.27/FeaturePacks/TP_VehicleAdvBP.upack)
[2023.04.05-00.01.49:749][  0]LogPakFile: OnPakFileMounted2Time == 0.000025
[2023.04.05-00.01.49:750][  0]LogPakFile: PakFile PrimaryIndexSize=185
[2023.04.05-00.01.49:750][  0]LogPakFile: PakFile PathHashIndexSize=101
[2023.04.05-00.01.49:750][  0]LogPakFile: PakFile FullDirectoryIndexSize=144
[2023.04.05-00.01.49:750][  0]LogShaderLibrary: Display: ShaderCodeLibraryPakFileMountedCallback: PakFile 'D:/Unreal/UE_4.27/FeaturePacks/TP_VehicleBP.upack' (chunk index -1, root 'root:/') mounted
[2023.04.05-00.01.49:750][  0]LogShaderLibrary: Display: ShaderCodeLibraryPakFileMountedCallback: pending pak file info (ChunkID:-1 Root:root:/ File:D:/Unreal/UE_4.27/FeaturePacks/TP_VehicleBP.upack)
[2023.04.05-00.01.49:750][  0]LogPakFile: OnPakFileMounted2Time == 0.000028
[2023.04.05-00.01.49:750][  0]LogPakFile: PakFile PrimaryIndexSize=192
[2023.04.05-00.01.49:750][  0]LogPakFile: PakFile PathHashIndexSize=101
[2023.04.05-00.01.49:750][  0]LogPakFile: PakFile FullDirectoryIndexSize=158
[2023.04.05-00.01.49:750][  0]LogShaderLibrary: Display: ShaderCodeLibraryPakFileMountedCallback: PakFile 'D:/Unreal/UE_4.27/FeaturePacks/TP_VirtualRealityBP.upack' (chunk index -1, root 'root:/') mounted
[2023.04.05-00.01.49:750][  0]LogShaderLibrary: Display: ShaderCodeLibraryPakFileMountedCallback: pending pak file info (ChunkID:-1 Root:root:/ File:D:/Unreal/UE_4.27/FeaturePacks/TP_VirtualRealityBP.upack)
[2023.04.05-00.01.49:750][  0]LogPakFile: OnPakFileMounted2Time == 0.000024
[2023.04.05-00.01.49:802][  0]LogNativeClassHierarchy: Verbose: Native class hierarchy updated for 'AddContentDialog' in 0.0002 seconds. Added 0 classes and 0 folders.
[2023.04.05-00.01.49:803][  0]LogNativeClassHierarchy: Verbose: Native class hierarchy updated for 'SceneOutliner' in 0.0001 seconds. Added 2 classes and 0 folders.
[2023.04.05-00.01.49:838][  0]LogSlate: Took 0.000195 seconds to synchronously load lazily loaded font '../../../Engine/Content/Slate/Fonts/Roboto-Regular.ttf' (155K)
[2023.04.05-00.01.49:840][  0]LogSlate: Took 0.000131 seconds to synchronously load lazily loaded font '../../../Engine/Content/Editor/Slate/Fonts/FontAwesome.ttf' (139K)
[2023.04.05-00.01.49:906][  0]LogRenderer: Reallocating scene render targets to support 2048x2048 Format 10 NumSamples 1 (Frame:1).
[2023.04.05-00.01.50:131][  0]LogNativeClassHierarchy: Verbose: Native class hierarchy updated for 'HierarchicalLODOutliner' in 0.0002 seconds. Added 0 classes and 0 folders.
[2023.04.05-00.01.50:131][  0]LogInput: Warning: Action Jump uses invalid key OculusGo_Left_Trigger_Click.
[2023.04.05-00.01.50:131][  0]LogInput: Warning: Action ResetVR uses invalid key OculusGo_Left_Trackpad_Click.
[2023.04.05-00.01.50:131][  0]LogInput: Warning: Use -RemoveInvalidKeys to remove instances of these keys from the action mapping.
[2023.04.05-00.01.50:131][  0]LogLoad: (Engine Initialization) Total time: 7.17 seconds
[2023.04.05-00.01.50:131][  0]LogLoad: (Engine Initialization) Total Blueprint compile time: 0.00 seconds
[2023.04.05-00.01.50:166][  0]LogAssetRegistry: Asset discovery search completed in 3.8643 seconds
[2023.04.05-00.01.50:171][  0]LogCollectionManager: Fixed up redirectors for 0 collections in 0.000003 seconds (updated 0 objects)
[2023.04.05-00.01.50:172][  0]LogContentStreaming: Texture pool size now 1000 MB
[2023.04.05-00.03.54:739][336]LogSlate: Took 0.000224 seconds to synchronously load lazily loaded font '../../../Engine/Content/Slate/Fonts/DroidSansMono.ttf' (77K)
[2023.04.05-00.03.58:196][739]LogSlate: Window 'Source Control Login' being destroyed
[2023.04.05-00.04.02:551][197]LogSlate: Took 0.000160 seconds to synchronously load lazily loaded font '../../../Engine/Content/Slate/Fonts/Roboto-Light.ttf' (167K)
[2023.04.05-00.04.02:567][197]LogUObjectHash: Compacting FUObjectHashTables data took   0.70ms
[2023.04.05-00.04.02:582][197]LogSavePackage: Moving '../../../../ProjectAlpha/ProjectAlpha_Project 4.27/Saved/ThirdPersonExampleMap3766159D4038C561DBFC3382A1FC4077.tmp' to '../../../../ProjectAlpha/ProjectAlpha_Project 4.27/Content/ThirdPersonBP/Maps/ThirdPersonExampleMap.umap'
[2023.04.05-00.04.02:711][197]LogSavePackage: Moving '../../../../ProjectAlpha/ProjectAlpha_Project 4.27/Saved/ThirdPersonExampleMap_BuiltDataC387D8924595B85477A3E0820BD7FF4B.tmp' to '../../../../ProjectAlpha/ProjectAlpha_Project 4.27/Content/ThirdPersonBP/Maps/ThirdPersonExampleMap_BuiltData.uasset'
[2023.04.05-00.04.02:717][197]AssetCheck: New page: Asset Save: multiple assets
[2023.04.05-00.04.02:717][197]LogContentValidation: Display: Validating MapBuildDataRegistry /Game/ThirdPersonBP/Maps/ThirdPersonExampleMap_BuiltData.ThirdPersonExampleMap_BuiltData
[2023.04.05-00.04.02:717][197]LogContentValidation: Display: Validating World /Game/ThirdPersonBP/Maps/ThirdPersonExampleMap.ThirdPersonExampleMap
